{"E:\\Angga\\HACKTIV8\\PHASE 3\\TemanMain\\TemanMain - W3D3\\TemanMain\\server\\services\\user\\app.js": {"path":"E:\\Angga\\HACKTIV8\\PHASE 3\\TemanMain\\TemanMain - W3D3\\TemanMain\\server\\services\\user\\app.js","statementMap":{"0":{"start":{"line":1,"column":16},"end":{"line":1,"column":34}},"1":{"start":{"line":2,"column":12},"end":{"line":2,"column":21}},"2":{"start":{"line":3,"column":15},"end":{"line":3,"column":44}},"3":{"start":{"line":4,"column":13},"end":{"line":4,"column":28}},"4":{"start":{"line":5,"column":13},"end":{"line":5,"column":17}},"5":{"start":{"line":7,"column":0},"end":{"line":7,"column":16}},"6":{"start":{"line":8,"column":0},"end":{"line":8,"column":24}},"7":{"start":{"line":9,"column":0},"end":{"line":9,"column":48}},"8":{"start":{"line":10,"column":0},"end":{"line":10,"column":16}},"9":{"start":{"line":15,"column":0},"end":{"line":15,"column":21}}},"fnMap":{},"branchMap":{},"s":{"0":1,"1":1,"2":1,"3":1,"4":1,"5":1,"6":1,"7":1,"8":1,"9":1},"f":{},"b":{},"_coverageSchema":"1a1c01bbd47fc00a2c39e90264f33305004495a9","hash":"b8055763f08d45368629e375592b0d46b0a4aeb6"}
,"E:\\Angga\\HACKTIV8\\PHASE 3\\TemanMain\\TemanMain - W3D3\\TemanMain\\server\\services\\user\\controllers\\UserController.js": {"path":"E:\\Angga\\HACKTIV8\\PHASE 3\\TemanMain\\TemanMain - W3D3\\TemanMain\\server\\services\\user\\controllers\\UserController.js","statementMap":{"0":{"start":{"line":1,"column":17},"end":{"line":1,"column":46}},"1":{"start":{"line":2,"column":24},"end":{"line":2,"column":51}},"2":{"start":{"line":3,"column":28},"end":{"line":3,"column":60}},"3":{"start":{"line":4,"column":22},"end":{"line":4,"column":58}},"4":{"start":{"line":8,"column":4},"end":{"line":16,"column":5}},"5":{"start":{"line":9,"column":20},"end":{"line":11,"column":8}},"6":{"start":{"line":13,"column":6},"end":{"line":13,"column":34}},"7":{"start":{"line":15,"column":6},"end":{"line":15,"column":18}},"8":{"start":{"line":20,"column":4},"end":{"line":28,"column":5}},"9":{"start":{"line":21,"column":20},"end":{"line":23,"column":8}},"10":{"start":{"line":25,"column":6},"end":{"line":25,"column":34}},"11":{"start":{"line":27,"column":6},"end":{"line":27,"column":18}},"12":{"start":{"line":32,"column":4},"end":{"line":73,"column":5}},"13":{"start":{"line":46,"column":10},"end":{"line":46,"column":18}},"14":{"start":{"line":48,"column":22},"end":{"line":61,"column":8}},"15":{"start":{"line":63,"column":6},"end":{"line":63,"column":42}},"16":{"start":{"line":64,"column":6},"end":{"line":64,"column":42}},"17":{"start":{"line":65,"column":6},"end":{"line":65,"column":41}},"18":{"start":{"line":67,"column":6},"end":{"line":70,"column":9}},"19":{"start":{"line":72,"column":6},"end":{"line":72,"column":18}},"20":{"start":{"line":77,"column":4},"end":{"line":91,"column":5}},"21":{"start":{"line":78,"column":21},"end":{"line":78,"column":31}},"22":{"start":{"line":80,"column":23},"end":{"line":82,"column":8}},"23":{"start":{"line":84,"column":6},"end":{"line":86,"column":7}},"24":{"start":{"line":85,"column":8},"end":{"line":85,"column":35}},"25":{"start":{"line":88,"column":6},"end":{"line":88,"column":37}},"26":{"start":{"line":90,"column":6},"end":{"line":90,"column":18}},"27":{"start":{"line":95,"column":4},"end":{"line":151,"column":5}},"28":{"start":{"line":96,"column":21},"end":{"line":96,"column":31}},"29":{"start":{"line":110,"column":10},"end":{"line":110,"column":18}},"30":{"start":{"line":112,"column":21},"end":{"line":114,"column":8}},"31":{"start":{"line":116,"column":6},"end":{"line":118,"column":7}},"32":{"start":{"line":117,"column":8},"end":{"line":117,"column":37}},"33":{"start":{"line":120,"column":6},"end":{"line":122,"column":7}},"34":{"start":{"line":121,"column":8},"end":{"line":121,"column":35}},"35":{"start":{"line":124,"column":6},"end":{"line":140,"column":8}},"36":{"start":{"line":142,"column":6},"end":{"line":144,"column":9}},"37":{"start":{"line":146,"column":6},"end":{"line":148,"column":9}},"38":{"start":{"line":150,"column":6},"end":{"line":150,"column":18}},"39":{"start":{"line":155,"column":4},"end":{"line":173,"column":5}},"40":{"start":{"line":156,"column":21},"end":{"line":156,"column":31}},"41":{"start":{"line":158,"column":23},"end":{"line":160,"column":8}},"42":{"start":{"line":162,"column":6},"end":{"line":164,"column":7}},"43":{"start":{"line":163,"column":8},"end":{"line":163,"column":35}},"44":{"start":{"line":166,"column":6},"end":{"line":166,"column":44}},"45":{"start":{"line":168,"column":6},"end":{"line":170,"column":9}},"46":{"start":{"line":172,"column":6},"end":{"line":172,"column":18}},"47":{"start":{"line":177,"column":4},"end":{"line":225,"column":5}},"48":{"start":{"line":190,"column":10},"end":{"line":190,"column":18}},"49":{"start":{"line":191,"column":23},"end":{"line":191,"column":45}},"50":{"start":{"line":192,"column":17},"end":{"line":192,"column":19}},"51":{"start":{"line":194,"column":6},"end":{"line":198,"column":7}},"52":{"start":{"line":195,"column":8},"end":{"line":195,"column":23}},"53":{"start":{"line":196,"column":13},"end":{"line":198,"column":7}},"54":{"start":{"line":197,"column":8},"end":{"line":197,"column":25}},"55":{"start":{"line":200,"column":22},"end":{"line":213,"column":8}},"56":{"start":{"line":215,"column":6},"end":{"line":215,"column":42}},"57":{"start":{"line":216,"column":6},"end":{"line":216,"column":42}},"58":{"start":{"line":217,"column":6},"end":{"line":217,"column":41}},"59":{"start":{"line":219,"column":6},"end":{"line":222,"column":9}},"60":{"start":{"line":224,"column":6},"end":{"line":224,"column":18}},"61":{"start":{"line":229,"column":4},"end":{"line":265,"column":5}},"62":{"start":{"line":230,"column":34},"end":{"line":230,"column":42}},"63":{"start":{"line":232,"column":6},"end":{"line":234,"column":7}},"64":{"start":{"line":233,"column":8},"end":{"line":233,"column":48}},"65":{"start":{"line":236,"column":23},"end":{"line":236,"column":63}},"66":{"start":{"line":238,"column":6},"end":{"line":240,"column":7}},"67":{"start":{"line":239,"column":8},"end":{"line":239,"column":49}},"68":{"start":{"line":242,"column":26},"end":{"line":242,"column":70}},"69":{"start":{"line":244,"column":6},"end":{"line":246,"column":7}},"70":{"start":{"line":245,"column":8},"end":{"line":245,"column":49}},"71":{"start":{"line":248,"column":22},"end":{"line":252,"column":7}},"72":{"start":{"line":253,"column":27},"end":{"line":253,"column":47}},"73":{"start":{"line":254,"column":18},"end":{"line":254,"column":58}},"74":{"start":{"line":256,"column":6},"end":{"line":262,"column":9}},"75":{"start":{"line":264,"column":6},"end":{"line":264,"column":18}},"76":{"start":{"line":269,"column":4},"end":{"line":281,"column":5}},"77":{"start":{"line":270,"column":21},"end":{"line":270,"column":29}},"78":{"start":{"line":273,"column":23},"end":{"line":275,"column":8}},"79":{"start":{"line":276,"column":18},"end":{"line":276,"column":47}},"80":{"start":{"line":277,"column":6},"end":{"line":277,"column":36}},"81":{"start":{"line":278,"column":6},"end":{"line":278,"column":37}},"82":{"start":{"line":280,"column":6},"end":{"line":280,"column":18}},"83":{"start":{"line":285,"column":0},"end":{"line":285,"column":32}}},"fnMap":{"0":{"name":"(anonymous_0)","decl":{"start":{"line":7,"column":2},"end":{"line":7,"column":3}},"loc":{"start":{"line":7,"column":43},"end":{"line":17,"column":3}},"line":7},"1":{"name":"(anonymous_1)","decl":{"start":{"line":19,"column":2},"end":{"line":19,"column":3}},"loc":{"start":{"line":19,"column":49},"end":{"line":29,"column":3}},"line":19},"2":{"name":"(anonymous_2)","decl":{"start":{"line":31,"column":2},"end":{"line":31,"column":3}},"loc":{"start":{"line":31,"column":42},"end":{"line":74,"column":3}},"line":31},"3":{"name":"(anonymous_3)","decl":{"start":{"line":76,"column":2},"end":{"line":76,"column":3}},"loc":{"start":{"line":76,"column":40},"end":{"line":92,"column":3}},"line":76},"4":{"name":"(anonymous_4)","decl":{"start":{"line":94,"column":2},"end":{"line":94,"column":3}},"loc":{"start":{"line":94,"column":42},"end":{"line":152,"column":3}},"line":94},"5":{"name":"(anonymous_5)","decl":{"start":{"line":154,"column":2},"end":{"line":154,"column":3}},"loc":{"start":{"line":154,"column":42},"end":{"line":174,"column":3}},"line":154},"6":{"name":"(anonymous_6)","decl":{"start":{"line":176,"column":2},"end":{"line":176,"column":3}},"loc":{"start":{"line":176,"column":40},"end":{"line":226,"column":3}},"line":176},"7":{"name":"(anonymous_7)","decl":{"start":{"line":228,"column":2},"end":{"line":228,"column":3}},"loc":{"start":{"line":228,"column":37},"end":{"line":266,"column":3}},"line":228},"8":{"name":"(anonymous_8)","decl":{"start":{"line":268,"column":2},"end":{"line":268,"column":3}},"loc":{"start":{"line":268,"column":46},"end":{"line":282,"column":3}},"line":268}},"branchMap":{"0":{"loc":{"start":{"line":84,"column":6},"end":{"line":86,"column":7}},"type":"if","locations":[{"start":{"line":84,"column":6},"end":{"line":86,"column":7}},{"start":{},"end":{}}],"line":84},"1":{"loc":{"start":{"line":116,"column":6},"end":{"line":118,"column":7}},"type":"if","locations":[{"start":{"line":116,"column":6},"end":{"line":118,"column":7}},{"start":{},"end":{}}],"line":116},"2":{"loc":{"start":{"line":120,"column":6},"end":{"line":122,"column":7}},"type":"if","locations":[{"start":{"line":120,"column":6},"end":{"line":122,"column":7}},{"start":{},"end":{}}],"line":120},"3":{"loc":{"start":{"line":162,"column":6},"end":{"line":164,"column":7}},"type":"if","locations":[{"start":{"line":162,"column":6},"end":{"line":164,"column":7}},{"start":{},"end":{}}],"line":162},"4":{"loc":{"start":{"line":194,"column":6},"end":{"line":198,"column":7}},"type":"if","locations":[{"start":{"line":194,"column":6},"end":{"line":198,"column":7}},{"start":{"line":196,"column":13},"end":{"line":198,"column":7}}],"line":194},"5":{"loc":{"start":{"line":196,"column":13},"end":{"line":198,"column":7}},"type":"if","locations":[{"start":{"line":196,"column":13},"end":{"line":198,"column":7}},{"start":{},"end":{}}],"line":196},"6":{"loc":{"start":{"line":232,"column":6},"end":{"line":234,"column":7}},"type":"if","locations":[{"start":{"line":232,"column":6},"end":{"line":234,"column":7}},{"start":{},"end":{}}],"line":232},"7":{"loc":{"start":{"line":232,"column":10},"end":{"line":232,"column":29}},"type":"binary-expr","locations":[{"start":{"line":232,"column":10},"end":{"line":232,"column":16}},{"start":{"line":232,"column":20},"end":{"line":232,"column":29}}],"line":232},"8":{"loc":{"start":{"line":238,"column":6},"end":{"line":240,"column":7}},"type":"if","locations":[{"start":{"line":238,"column":6},"end":{"line":240,"column":7}},{"start":{},"end":{}}],"line":238},"9":{"loc":{"start":{"line":244,"column":6},"end":{"line":246,"column":7}},"type":"if","locations":[{"start":{"line":244,"column":6},"end":{"line":246,"column":7}},{"start":{},"end":{}}],"line":244}},"s":{"0":1,"1":1,"2":1,"3":1,"4":1,"5":1,"6":1,"7":0,"8":0,"9":0,"10":0,"11":0,"12":4,"13":4,"14":4,"15":1,"16":1,"17":1,"18":1,"19":3,"20":2,"21":2,"22":2,"23":2,"24":1,"25":1,"26":1,"27":1,"28":1,"29":1,"30":1,"31":1,"32":0,"33":1,"34":0,"35":1,"36":1,"37":1,"38":0,"39":1,"40":1,"41":1,"42":1,"43":0,"44":1,"45":1,"46":0,"47":4,"48":4,"49":4,"50":4,"51":4,"52":2,"53":2,"54":2,"55":4,"56":2,"57":2,"58":2,"59":2,"60":2,"61":11,"62":11,"63":11,"64":0,"65":11,"66":11,"67":0,"68":11,"69":11,"70":0,"71":11,"72":11,"73":11,"74":11,"75":0,"76":0,"77":0,"78":0,"79":0,"80":0,"81":0,"82":0,"83":1},"f":{"0":1,"1":0,"2":4,"3":2,"4":1,"5":1,"6":4,"7":11,"8":0},"b":{"0":[1,1],"1":[0,1],"2":[0,1],"3":[0,1],"4":[2,2],"5":[2,0],"6":[0,11],"7":[11,11],"8":[0,11],"9":[0,11]},"_coverageSchema":"1a1c01bbd47fc00a2c39e90264f33305004495a9","hash":"a0fe2a8752a696f2b1ebe33f7b386e1fcb222c51"}
,"E:\\Angga\\HACKTIV8\\PHASE 3\\TemanMain\\TemanMain - W3D3\\TemanMain\\server\\services\\user\\controllers\\chatController.js": {"path":"E:\\Angga\\HACKTIV8\\PHASE 3\\TemanMain\\TemanMain - W3D3\\TemanMain\\server\\services\\user\\controllers\\chatController.js","statementMap":{"0":{"start":{"line":1,"column":23},"end":{"line":1,"column":43}},"1":{"start":{"line":5,"column":4},"end":{"line":16,"column":5}},"2":{"start":{"line":6,"column":33},"end":{"line":6,"column":41}},"3":{"start":{"line":7,"column":21},"end":{"line":7,"column":29}},"4":{"start":{"line":8,"column":24},"end":{"line":12,"column":8}},"5":{"start":{"line":13,"column":6},"end":{"line":13,"column":38}},"6":{"start":{"line":15,"column":6},"end":{"line":15,"column":18}},"7":{"start":{"line":19,"column":4},"end":{"line":38,"column":5}},"8":{"start":{"line":20,"column":27},"end":{"line":20,"column":37}},"9":{"start":{"line":21,"column":23},"end":{"line":30,"column":8}},"10":{"start":{"line":31,"column":6},"end":{"line":34,"column":9}},"11":{"start":{"line":32,"column":8},"end":{"line":33,"column":75}},"12":{"start":{"line":35,"column":6},"end":{"line":35,"column":37}},"13":{"start":{"line":37,"column":6},"end":{"line":37,"column":18}},"14":{"start":{"line":42,"column":0},"end":{"line":42,"column":32}}},"fnMap":{"0":{"name":"(anonymous_0)","decl":{"start":{"line":4,"column":2},"end":{"line":4,"column":3}},"loc":{"start":{"line":4,"column":40},"end":{"line":17,"column":3}},"line":4},"1":{"name":"(anonymous_1)","decl":{"start":{"line":18,"column":2},"end":{"line":18,"column":3}},"loc":{"start":{"line":18,"column":50},"end":{"line":39,"column":3}},"line":18},"2":{"name":"(anonymous_2)","decl":{"start":{"line":31,"column":23},"end":{"line":31,"column":24}},"loc":{"start":{"line":31,"column":31},"end":{"line":34,"column":7}},"line":31}},"branchMap":{},"s":{"0":1,"1":0,"2":0,"3":0,"4":0,"5":0,"6":0,"7":0,"8":0,"9":0,"10":0,"11":0,"12":0,"13":0,"14":1},"f":{"0":0,"1":0,"2":0},"b":{},"_coverageSchema":"1a1c01bbd47fc00a2c39e90264f33305004495a9","hash":"cce71db5e71a63284340848036f3331c3b121ad2"}
,"E:\\Angga\\HACKTIV8\\PHASE 3\\TemanMain\\TemanMain - W3D3\\TemanMain\\server\\services\\user\\helper\\bcryptjs.js": {"path":"E:\\Angga\\HACKTIV8\\PHASE 3\\TemanMain\\TemanMain - W3D3\\TemanMain\\server\\services\\user\\helper\\bcryptjs.js","statementMap":{"0":{"start":{"line":1,"column":15},"end":{"line":1,"column":34}},"1":{"start":{"line":4,"column":4},"end":{"line":4,"column":41}},"2":{"start":{"line":8,"column":4},"end":{"line":8,"column":46}},"3":{"start":{"line":11,"column":0},"end":{"line":11,"column":50}}},"fnMap":{"0":{"name":"hashPassword","decl":{"start":{"line":3,"column":9},"end":{"line":3,"column":21}},"loc":{"start":{"line":3,"column":32},"end":{"line":5,"column":1}},"line":3},"1":{"name":"comparePassword","decl":{"start":{"line":7,"column":9},"end":{"line":7,"column":24}},"loc":{"start":{"line":7,"column":41},"end":{"line":9,"column":1}},"line":7}},"branchMap":{},"s":{"0":1,"1":18,"2":11,"3":1},"f":{"0":18,"1":11},"b":{},"_coverageSchema":"1a1c01bbd47fc00a2c39e90264f33305004495a9","hash":"ba4ee52567b2097839b2b63ff60f4ed900e5c9f0"}
,"E:\\Angga\\HACKTIV8\\PHASE 3\\TemanMain\\TemanMain - W3D3\\TemanMain\\server\\services\\user\\helper\\customFormat.js": {"path":"E:\\Angga\\HACKTIV8\\PHASE 3\\TemanMain\\TemanMain - W3D3\\TemanMain\\server\\services\\user\\helper\\customFormat.js","statementMap":{"0":{"start":{"line":1,"column":19},"end":{"line":1,"column":38}},"1":{"start":{"line":4,"column":2},"end":{"line":4,"column":46}},"2":{"start":{"line":8,"column":2},"end":{"line":8,"column":58}},"3":{"start":{"line":11,"column":0},"end":{"line":11,"column":47}}},"fnMap":{"0":{"name":"HTMLDateFormat","decl":{"start":{"line":3,"column":9},"end":{"line":3,"column":23}},"loc":{"start":{"line":3,"column":30},"end":{"line":5,"column":1}},"line":3},"1":{"name":"AgeFormat","decl":{"start":{"line":7,"column":9},"end":{"line":7,"column":18}},"loc":{"start":{"line":7,"column":30},"end":{"line":9,"column":1}},"line":7}},"branchMap":{},"s":{"0":1,"1":6,"2":11,"3":1},"f":{"0":6,"1":11},"b":{},"_coverageSchema":"1a1c01bbd47fc00a2c39e90264f33305004495a9","hash":"3d546d67c368f37942300498e6bc9317414db6b0"}
,"E:\\Angga\\HACKTIV8\\PHASE 3\\TemanMain\\TemanMain - W3D3\\TemanMain\\server\\services\\user\\helper\\jwt.js": {"path":"E:\\Angga\\HACKTIV8\\PHASE 3\\TemanMain\\TemanMain - W3D3\\TemanMain\\server\\services\\user\\helper\\jwt.js","statementMap":{"0":{"start":{"line":1,"column":12},"end":{"line":1,"column":35}},"1":{"start":{"line":4,"column":4},"end":{"line":4,"column":48}},"2":{"start":{"line":8,"column":4},"end":{"line":8,"column":48}},"3":{"start":{"line":11,"column":0},"end":{"line":11,"column":45}}},"fnMap":{"0":{"name":"createToken","decl":{"start":{"line":3,"column":9},"end":{"line":3,"column":20}},"loc":{"start":{"line":3,"column":30},"end":{"line":5,"column":1}},"line":3},"1":{"name":"verifyToken","decl":{"start":{"line":7,"column":9},"end":{"line":7,"column":20}},"loc":{"start":{"line":7,"column":28},"end":{"line":9,"column":1}},"line":7}},"branchMap":{},"s":{"0":1,"1":11,"2":10,"3":1},"f":{"0":11,"1":10},"b":{},"_coverageSchema":"1a1c01bbd47fc00a2c39e90264f33305004495a9","hash":"d01956c8c24a1f56e7b658749fd681d4d144b371"}
,"E:\\Angga\\HACKTIV8\\PHASE 3\\TemanMain\\TemanMain - W3D3\\TemanMain\\server\\services\\user\\middleware\\authentication.js": {"path":"E:\\Angga\\HACKTIV8\\PHASE 3\\TemanMain\\TemanMain - W3D3\\TemanMain\\server\\services\\user\\middleware\\authentication.js","statementMap":{"0":{"start":{"line":1,"column":24},"end":{"line":1,"column":48}},"1":{"start":{"line":2,"column":17},"end":{"line":2,"column":43}},"2":{"start":{"line":5,"column":2},"end":{"line":27,"column":3}},"3":{"start":{"line":6,"column":29},"end":{"line":6,"column":40}},"4":{"start":{"line":8,"column":4},"end":{"line":10,"column":5}},"5":{"start":{"line":9,"column":6},"end":{"line":9,"column":32}},"6":{"start":{"line":11,"column":20},"end":{"line":11,"column":45}},"7":{"start":{"line":12,"column":21},"end":{"line":12,"column":53}},"8":{"start":{"line":14,"column":4},"end":{"line":16,"column":5}},"9":{"start":{"line":15,"column":6},"end":{"line":15,"column":37}},"10":{"start":{"line":18,"column":4},"end":{"line":22,"column":6}},"11":{"start":{"line":24,"column":4},"end":{"line":24,"column":11}},"12":{"start":{"line":26,"column":4},"end":{"line":26,"column":16}},"13":{"start":{"line":30,"column":0},"end":{"line":30,"column":32}}},"fnMap":{"0":{"name":"Authentication","decl":{"start":{"line":4,"column":15},"end":{"line":4,"column":29}},"loc":{"start":{"line":4,"column":46},"end":{"line":28,"column":1}},"line":4}},"branchMap":{"0":{"loc":{"start":{"line":8,"column":4},"end":{"line":10,"column":5}},"type":"if","locations":[{"start":{"line":8,"column":4},"end":{"line":10,"column":5}},{"start":{},"end":{}}],"line":8},"1":{"loc":{"start":{"line":14,"column":4},"end":{"line":16,"column":5}},"type":"if","locations":[{"start":{"line":14,"column":4},"end":{"line":16,"column":5}},{"start":{},"end":{}}],"line":14}},"s":{"0":1,"1":1,"2":11,"3":11,"4":11,"5":1,"6":10,"7":9,"8":9,"9":0,"10":9,"11":9,"12":2,"13":1},"f":{"0":11},"b":{"0":[1,10],"1":[0,9]},"_coverageSchema":"1a1c01bbd47fc00a2c39e90264f33305004495a9","hash":"5d5dec9005960180556d4baadcef3379c647d180"}
,"E:\\Angga\\HACKTIV8\\PHASE 3\\TemanMain\\TemanMain - W3D3\\TemanMain\\server\\services\\user\\middleware\\errorHandler.js": {"path":"E:\\Angga\\HACKTIV8\\PHASE 3\\TemanMain\\TemanMain - W3D3\\TemanMain\\server\\services\\user\\middleware\\errorHandler.js","statementMap":{"0":{"start":{"line":2,"column":2},"end":{"line":2,"column":48}},"1":{"start":{"line":3,"column":2},"end":{"line":27,"column":3}},"2":{"start":{"line":7,"column":4},"end":{"line":7,"column":61}},"3":{"start":{"line":8,"column":9},"end":{"line":27,"column":3}},"4":{"start":{"line":9,"column":4},"end":{"line":9,"column":54}},"5":{"start":{"line":10,"column":9},"end":{"line":27,"column":3}},"6":{"start":{"line":11,"column":4},"end":{"line":11,"column":63}},"7":{"start":{"line":12,"column":9},"end":{"line":27,"column":3}},"8":{"start":{"line":13,"column":4},"end":{"line":13,"column":70}},"9":{"start":{"line":14,"column":9},"end":{"line":27,"column":3}},"10":{"start":{"line":15,"column":4},"end":{"line":15,"column":52}},"11":{"start":{"line":16,"column":9},"end":{"line":27,"column":3}},"12":{"start":{"line":20,"column":4},"end":{"line":20,"column":53}},"13":{"start":{"line":21,"column":9},"end":{"line":27,"column":3}},"14":{"start":{"line":22,"column":4},"end":{"line":24,"column":68}},"15":{"start":{"line":26,"column":4},"end":{"line":26,"column":61}},"16":{"start":{"line":30,"column":0},"end":{"line":30,"column":30}}},"fnMap":{"0":{"name":"errorHandler","decl":{"start":{"line":1,"column":9},"end":{"line":1,"column":21}},"loc":{"start":{"line":1,"column":45},"end":{"line":28,"column":1}},"line":1}},"branchMap":{"0":{"loc":{"start":{"line":3,"column":2},"end":{"line":27,"column":3}},"type":"if","locations":[{"start":{"line":3,"column":2},"end":{"line":27,"column":3}},{"start":{"line":8,"column":9},"end":{"line":27,"column":3}}],"line":3},"1":{"loc":{"start":{"line":4,"column":4},"end":{"line":5,"column":51}},"type":"binary-expr","locations":[{"start":{"line":4,"column":4},"end":{"line":4,"column":45}},{"start":{"line":5,"column":4},"end":{"line":5,"column":51}}],"line":4},"2":{"loc":{"start":{"line":8,"column":9},"end":{"line":27,"column":3}},"type":"if","locations":[{"start":{"line":8,"column":9},"end":{"line":27,"column":3}},{"start":{"line":10,"column":9},"end":{"line":27,"column":3}}],"line":8},"3":{"loc":{"start":{"line":10,"column":9},"end":{"line":27,"column":3}},"type":"if","locations":[{"start":{"line":10,"column":9},"end":{"line":27,"column":3}},{"start":{"line":12,"column":9},"end":{"line":27,"column":3}}],"line":10},"4":{"loc":{"start":{"line":12,"column":9},"end":{"line":27,"column":3}},"type":"if","locations":[{"start":{"line":12,"column":9},"end":{"line":27,"column":3}},{"start":{"line":14,"column":9},"end":{"line":27,"column":3}}],"line":12},"5":{"loc":{"start":{"line":14,"column":9},"end":{"line":27,"column":3}},"type":"if","locations":[{"start":{"line":14,"column":9},"end":{"line":27,"column":3}},{"start":{"line":16,"column":9},"end":{"line":27,"column":3}}],"line":14},"6":{"loc":{"start":{"line":16,"column":9},"end":{"line":27,"column":3}},"type":"if","locations":[{"start":{"line":16,"column":9},"end":{"line":27,"column":3}},{"start":{"line":21,"column":9},"end":{"line":27,"column":3}}],"line":16},"7":{"loc":{"start":{"line":17,"column":4},"end":{"line":18,"column":38}},"type":"binary-expr","locations":[{"start":{"line":17,"column":4},"end":{"line":17,"column":33}},{"start":{"line":18,"column":4},"end":{"line":18,"column":38}}],"line":17},"8":{"loc":{"start":{"line":21,"column":9},"end":{"line":27,"column":3}},"type":"if","locations":[{"start":{"line":21,"column":9},"end":{"line":27,"column":3}},{"start":{"line":25,"column":9},"end":{"line":27,"column":3}}],"line":21}},"s":{"0":12,"1":12,"2":5,"3":7,"4":1,"5":6,"6":4,"7":2,"8":0,"9":2,"10":1,"11":1,"12":1,"13":0,"14":0,"15":0,"16":1},"f":{"0":12},"b":{"0":[5,7],"1":[12,8],"2":[1,6],"3":[4,2],"4":[0,2],"5":[1,1],"6":[1,0],"7":[1,1],"8":[0,0]},"_coverageSchema":"1a1c01bbd47fc00a2c39e90264f33305004495a9","hash":"45cfcb5855cd2484776abd092e8a691fd0ea328a"}
,"E:\\Angga\\HACKTIV8\\PHASE 3\\TemanMain\\TemanMain - W3D3\\TemanMain\\server\\services\\user\\middleware\\loginChecker.js": {"path":"E:\\Angga\\HACKTIV8\\PHASE 3\\TemanMain\\TemanMain - W3D3\\TemanMain\\server\\services\\user\\middleware\\loginChecker.js","statementMap":{"0":{"start":{"line":1,"column":17},"end":{"line":1,"column":43}},"1":{"start":{"line":3,"column":21},"end":{"line":21,"column":1}},"2":{"start":{"line":4,"column":2},"end":{"line":20,"column":3}},"3":{"start":{"line":5,"column":22},"end":{"line":5,"column":30}},"4":{"start":{"line":6,"column":23},"end":{"line":10,"column":6}},"5":{"start":{"line":11,"column":4},"end":{"line":13,"column":5}},"6":{"start":{"line":12,"column":6},"end":{"line":12,"column":47}},"7":{"start":{"line":14,"column":4},"end":{"line":16,"column":5}},"8":{"start":{"line":15,"column":6},"end":{"line":15,"column":42}},"9":{"start":{"line":17,"column":4},"end":{"line":17,"column":11}},"10":{"start":{"line":19,"column":4},"end":{"line":19,"column":16}},"11":{"start":{"line":22,"column":23},"end":{"line":40,"column":1}},"12":{"start":{"line":23,"column":2},"end":{"line":39,"column":3}},"13":{"start":{"line":24,"column":22},"end":{"line":24,"column":30}},"14":{"start":{"line":25,"column":23},"end":{"line":29,"column":6}},"15":{"start":{"line":30,"column":4},"end":{"line":32,"column":5}},"16":{"start":{"line":31,"column":6},"end":{"line":31,"column":47}},"17":{"start":{"line":33,"column":4},"end":{"line":35,"column":5}},"18":{"start":{"line":34,"column":6},"end":{"line":34,"column":42}},"19":{"start":{"line":36,"column":4},"end":{"line":36,"column":11}},"20":{"start":{"line":38,"column":4},"end":{"line":38,"column":16}},"21":{"start":{"line":42,"column":0},"end":{"line":42,"column":50}}},"fnMap":{"0":{"name":"(anonymous_0)","decl":{"start":{"line":3,"column":21},"end":{"line":3,"column":22}},"loc":{"start":{"line":3,"column":47},"end":{"line":21,"column":1}},"line":3},"1":{"name":"(anonymous_1)","decl":{"start":{"line":22,"column":23},"end":{"line":22,"column":24}},"loc":{"start":{"line":22,"column":49},"end":{"line":40,"column":1}},"line":22}},"branchMap":{"0":{"loc":{"start":{"line":11,"column":4},"end":{"line":13,"column":5}},"type":"if","locations":[{"start":{"line":11,"column":4},"end":{"line":13,"column":5}},{"start":{},"end":{}}],"line":11},"1":{"loc":{"start":{"line":14,"column":4},"end":{"line":16,"column":5}},"type":"if","locations":[{"start":{"line":14,"column":4},"end":{"line":16,"column":5}},{"start":{},"end":{}}],"line":14},"2":{"loc":{"start":{"line":30,"column":4},"end":{"line":32,"column":5}},"type":"if","locations":[{"start":{"line":30,"column":4},"end":{"line":32,"column":5}},{"start":{},"end":{}}],"line":30},"3":{"loc":{"start":{"line":33,"column":4},"end":{"line":35,"column":5}},"type":"if","locations":[{"start":{"line":33,"column":4},"end":{"line":35,"column":5}},{"start":{},"end":{}}],"line":33}},"s":{"0":1,"1":1,"2":12,"3":12,"4":12,"5":12,"6":2,"7":10,"8":0,"9":10,"10":2,"11":1,"12":3,"13":3,"14":3,"15":3,"16":2,"17":1,"18":0,"19":1,"20":2,"21":1},"f":{"0":12,"1":3},"b":{"0":[2,10],"1":[0,10],"2":[2,1],"3":[0,1]},"_coverageSchema":"1a1c01bbd47fc00a2c39e90264f33305004495a9","hash":"34719d79126c805004e6ea2110e71fe03386fd7f"}
,"E:\\Angga\\HACKTIV8\\PHASE 3\\TemanMain\\TemanMain - W3D3\\TemanMain\\server\\services\\user\\models\\chat.js": {"path":"E:\\Angga\\HACKTIV8\\PHASE 3\\TemanMain\\TemanMain - W3D3\\TemanMain\\server\\services\\user\\models\\chat.js","statementMap":{"0":{"start":{"line":2,"column":18},"end":{"line":2,"column":38}},"1":{"start":{"line":3,"column":0},"end":{"line":27,"column":2}},"2":{"start":{"line":12,"column":6},"end":{"line":12,"column":60}},"3":{"start":{"line":15,"column":2},"end":{"line":25,"column":4}},"4":{"start":{"line":26,"column":2},"end":{"line":26,"column":14}}},"fnMap":{"0":{"name":"(anonymous_0)","decl":{"start":{"line":3,"column":17},"end":{"line":3,"column":18}},"loc":{"start":{"line":3,"column":43},"end":{"line":27,"column":1}},"line":3},"1":{"name":"(anonymous_1)","decl":{"start":{"line":10,"column":4},"end":{"line":10,"column":5}},"loc":{"start":{"line":10,"column":29},"end":{"line":13,"column":5}},"line":10}},"branchMap":{},"s":{"0":1,"1":1,"2":1,"3":1,"4":1},"f":{"0":1,"1":1},"b":{},"_coverageSchema":"1a1c01bbd47fc00a2c39e90264f33305004495a9","hash":"85c70def3f80263c299b3e4b64775723c794027d"}
,"E:\\Angga\\HACKTIV8\\PHASE 3\\TemanMain\\TemanMain - W3D3\\TemanMain\\server\\services\\user\\models\\index.js": {"path":"E:\\Angga\\HACKTIV8\\PHASE 3\\TemanMain\\TemanMain - W3D3\\TemanMain\\server\\services\\user\\models\\index.js","statementMap":{"0":{"start":{"line":3,"column":11},"end":{"line":3,"column":24}},"1":{"start":{"line":4,"column":13},"end":{"line":4,"column":28}},"2":{"start":{"line":5,"column":18},"end":{"line":5,"column":38}},"3":{"start":{"line":6,"column":17},"end":{"line":6,"column":42}},"4":{"start":{"line":7,"column":12},"end":{"line":7,"column":49}},"5":{"start":{"line":8,"column":15},"end":{"line":8,"column":65}},"6":{"start":{"line":9,"column":11},"end":{"line":9,"column":13}},"7":{"start":{"line":12,"column":0},"end":{"line":16,"column":1}},"8":{"start":{"line":13,"column":2},"end":{"line":13,"column":74}},"9":{"start":{"line":15,"column":2},"end":{"line":15,"column":87}},"10":{"start":{"line":18,"column":0},"end":{"line":26,"column":5}},"11":{"start":{"line":21,"column":4},"end":{"line":21,"column":90}},"12":{"start":{"line":24,"column":18},"end":{"line":24,"column":85}},"13":{"start":{"line":25,"column":4},"end":{"line":25,"column":27}},"14":{"start":{"line":28,"column":0},"end":{"line":32,"column":3}},"15":{"start":{"line":29,"column":2},"end":{"line":31,"column":3}},"16":{"start":{"line":30,"column":4},"end":{"line":30,"column":32}},"17":{"start":{"line":34,"column":0},"end":{"line":34,"column":25}},"18":{"start":{"line":35,"column":0},"end":{"line":35,"column":25}},"19":{"start":{"line":37,"column":0},"end":{"line":37,"column":20}}},"fnMap":{"0":{"name":"(anonymous_0)","decl":{"start":{"line":20,"column":10},"end":{"line":20,"column":11}},"loc":{"start":{"line":20,"column":18},"end":{"line":22,"column":3}},"line":20},"1":{"name":"(anonymous_1)","decl":{"start":{"line":23,"column":11},"end":{"line":23,"column":12}},"loc":{"start":{"line":23,"column":19},"end":{"line":26,"column":3}},"line":23},"2":{"name":"(anonymous_2)","decl":{"start":{"line":28,"column":24},"end":{"line":28,"column":25}},"loc":{"start":{"line":28,"column":37},"end":{"line":32,"column":1}},"line":28}},"branchMap":{"0":{"loc":{"start":{"line":7,"column":12},"end":{"line":7,"column":49}},"type":"binary-expr","locations":[{"start":{"line":7,"column":12},"end":{"line":7,"column":32}},{"start":{"line":7,"column":36},"end":{"line":7,"column":49}}],"line":7},"1":{"loc":{"start":{"line":12,"column":0},"end":{"line":16,"column":1}},"type":"if","locations":[{"start":{"line":12,"column":0},"end":{"line":16,"column":1}},{"start":{"line":14,"column":7},"end":{"line":16,"column":1}}],"line":12},"2":{"loc":{"start":{"line":21,"column":11},"end":{"line":21,"column":89}},"type":"binary-expr","locations":[{"start":{"line":21,"column":12},"end":{"line":21,"column":35}},{"start":{"line":21,"column":41},"end":{"line":21,"column":58}},{"start":{"line":21,"column":64},"end":{"line":21,"column":88}}],"line":21},"3":{"loc":{"start":{"line":29,"column":2},"end":{"line":31,"column":3}},"type":"if","locations":[{"start":{"line":29,"column":2},"end":{"line":31,"column":3}},{"start":{},"end":{}}],"line":29}},"s":{"0":1,"1":1,"2":1,"3":1,"4":1,"5":1,"6":1,"7":1,"8":0,"9":1,"10":1,"11":3,"12":2,"13":2,"14":1,"15":2,"16":2,"17":1,"18":1,"19":1},"f":{"0":3,"1":2,"2":2},"b":{"0":[1,0],"1":[0,1],"2":[3,3,2],"3":[2,0]},"_coverageSchema":"1a1c01bbd47fc00a2c39e90264f33305004495a9","hash":"70f5c41eae94b2b225f419a72bd53783279f4e4d"}
,"E:\\Angga\\HACKTIV8\\PHASE 3\\TemanMain\\TemanMain - W3D3\\TemanMain\\server\\services\\user\\models\\user.js": {"path":"E:\\Angga\\HACKTIV8\\PHASE 3\\TemanMain\\TemanMain - W3D3\\TemanMain\\server\\services\\user\\models\\user.js","statementMap":{"0":{"start":{"line":2,"column":18},"end":{"line":2,"column":38}},"1":{"start":{"line":3,"column":25},"end":{"line":3,"column":57}},"2":{"start":{"line":4,"column":27},"end":{"line":4,"column":63}},"3":{"start":{"line":6,"column":0},"end":{"line":190,"column":2}},"4":{"start":{"line":21,"column":2},"end":{"line":188,"column":4}},"5":{"start":{"line":177,"column":10},"end":{"line":177,"column":61}},"6":{"start":{"line":178,"column":10},"end":{"line":178,"column":65}},"7":{"start":{"line":181,"column":10},"end":{"line":181,"column":61}},"8":{"start":{"line":182,"column":10},"end":{"line":182,"column":65}},"9":{"start":{"line":189,"column":2},"end":{"line":189,"column":14}}},"fnMap":{"0":{"name":"(anonymous_0)","decl":{"start":{"line":6,"column":17},"end":{"line":6,"column":18}},"loc":{"start":{"line":6,"column":43},"end":{"line":190,"column":1}},"line":6},"1":{"name":"(anonymous_1)","decl":{"start":{"line":13,"column":4},"end":{"line":13,"column":5}},"loc":{"start":{"line":13,"column":29},"end":{"line":19,"column":5}},"line":13},"2":{"name":"(anonymous_2)","decl":{"start":{"line":176,"column":8},"end":{"line":176,"column":9}},"loc":{"start":{"line":176,"column":40},"end":{"line":179,"column":9}},"line":176},"3":{"name":"(anonymous_3)","decl":{"start":{"line":180,"column":8},"end":{"line":180,"column":9}},"loc":{"start":{"line":180,"column":40},"end":{"line":183,"column":9}},"line":180}},"branchMap":{},"s":{"0":1,"1":1,"2":1,"3":1,"4":1,"5":4,"6":4,"7":1,"8":1,"9":1},"f":{"0":1,"1":1,"2":4,"3":1},"b":{},"_coverageSchema":"1a1c01bbd47fc00a2c39e90264f33305004495a9","hash":"3ab11eafc8d2b53de2c89c78af35247122a92afd"}
,"E:\\Angga\\HACKTIV8\\PHASE 3\\TemanMain\\TemanMain - W3D3\\TemanMain\\server\\services\\user\\routers\\chatRouter.js": {"path":"E:\\Angga\\HACKTIV8\\PHASE 3\\TemanMain\\TemanMain - W3D3\\TemanMain\\server\\services\\user\\routers\\chatRouter.js","statementMap":{"0":{"start":{"line":1,"column":23},"end":{"line":1,"column":63}},"1":{"start":{"line":2,"column":23},"end":{"line":2,"column":62}},"2":{"start":{"line":3,"column":15},"end":{"line":3,"column":42}},"3":{"start":{"line":5,"column":0},"end":{"line":5,"column":58}},"4":{"start":{"line":6,"column":0},"end":{"line":10,"column":2}},"5":{"start":{"line":12,"column":0},"end":{"line":12,"column":24}}},"fnMap":{},"branchMap":{},"s":{"0":1,"1":1,"2":1,"3":1,"4":1,"5":1},"f":{},"b":{},"_coverageSchema":"1a1c01bbd47fc00a2c39e90264f33305004495a9","hash":"fe1e4a3fd99a056d0e83fb7d8225a6e297ab67b7"}
,"E:\\Angga\\HACKTIV8\\PHASE 3\\TemanMain\\TemanMain - W3D3\\TemanMain\\server\\services\\user\\routers\\index.js": {"path":"E:\\Angga\\HACKTIV8\\PHASE 3\\TemanMain\\TemanMain - W3D3\\TemanMain\\server\\services\\user\\routers\\index.js","statementMap":{"0":{"start":{"line":1,"column":15},"end":{"line":1,"column":42}},"1":{"start":{"line":2,"column":19},"end":{"line":2,"column":45}},"2":{"start":{"line":3,"column":21},"end":{"line":3,"column":61}},"3":{"start":{"line":4,"column":19},"end":{"line":4,"column":51}},"4":{"start":{"line":6,"column":0},"end":{"line":6,"column":33}},"5":{"start":{"line":7,"column":0},"end":{"line":7,"column":33}},"6":{"start":{"line":9,"column":0},"end":{"line":9,"column":25}},"7":{"start":{"line":11,"column":0},"end":{"line":11,"column":24}}},"fnMap":{},"branchMap":{},"s":{"0":1,"1":1,"2":1,"3":1,"4":1,"5":1,"6":1,"7":1},"f":{},"b":{},"_coverageSchema":"1a1c01bbd47fc00a2c39e90264f33305004495a9","hash":"105e02e894c9f3e2910b5c05901e10ec949aee49"}
,"E:\\Angga\\HACKTIV8\\PHASE 3\\TemanMain\\TemanMain - W3D3\\TemanMain\\server\\services\\user\\routers\\userRouter.js": {"path":"E:\\Angga\\HACKTIV8\\PHASE 3\\TemanMain\\TemanMain - W3D3\\TemanMain\\server\\services\\user\\routers\\userRouter.js","statementMap":{"0":{"start":{"line":1,"column":19},"end":{"line":1,"column":46}},"1":{"start":{"line":2,"column":23},"end":{"line":2,"column":66}},"2":{"start":{"line":3,"column":23},"end":{"line":3,"column":65}},"3":{"start":{"line":7,"column":4},"end":{"line":7,"column":44}},"4":{"start":{"line":9,"column":0},"end":{"line":9,"column":54}},"5":{"start":{"line":10,"column":0},"end":{"line":10,"column":62}},"6":{"start":{"line":12,"column":0},"end":{"line":12,"column":61}},"7":{"start":{"line":13,"column":0},"end":{"line":13,"column":71}},"8":{"start":{"line":14,"column":0},"end":{"line":14,"column":60}},"9":{"start":{"line":16,"column":0},"end":{"line":16,"column":31}},"10":{"start":{"line":17,"column":0},"end":{"line":17,"column":63}},"11":{"start":{"line":18,"column":0},"end":{"line":18,"column":48}},"12":{"start":{"line":19,"column":0},"end":{"line":19,"column":48}},"13":{"start":{"line":20,"column":0},"end":{"line":20,"column":48}},"14":{"start":{"line":21,"column":0},"end":{"line":21,"column":50}},"15":{"start":{"line":22,"column":0},"end":{"line":22,"column":53}},"16":{"start":{"line":24,"column":0},"end":{"line":24,"column":28}}},"fnMap":{},"branchMap":{},"s":{"0":1,"1":1,"2":1,"3":1,"4":1,"5":1,"6":1,"7":1,"8":1,"9":1,"10":1,"11":1,"12":1,"13":1,"14":1,"15":1,"16":1},"f":{},"b":{},"_coverageSchema":"1a1c01bbd47fc00a2c39e90264f33305004495a9","hash":"4ba7ae29d8fc572d8f0a6de7eb509282bf32695c"}
}
