TN:
SF:app.js
FNF:0
FNH:0
DA:1,1
DA:2,1
DA:3,1
DA:4,1
DA:5,1
DA:7,1
DA:8,1
DA:9,1
DA:10,1
DA:15,1
LF:10
LH:10
BRF:0
BRH:0
end_of_record
TN:
SF:controllers\UserController.js
FN:7,(anonymous_0)
FN:19,(anonymous_1)
FN:31,(anonymous_2)
FN:76,(anonymous_3)
FN:94,(anonymous_4)
FN:154,(anonymous_5)
FN:176,(anonymous_6)
FN:228,(anonymous_7)
FN:268,(anonymous_8)
FNF:9
FNH:7
FNDA:1,(anonymous_0)
FNDA:0,(anonymous_1)
FNDA:4,(anonymous_2)
FNDA:2,(anonymous_3)
FNDA:1,(anonymous_4)
FNDA:1,(anonymous_5)
FNDA:4,(anonymous_6)
FNDA:11,(anonymous_7)
FNDA:0,(anonymous_8)
DA:1,1
DA:2,1
DA:3,1
DA:4,1
DA:8,1
DA:9,1
DA:13,1
DA:15,0
DA:20,0
DA:21,0
DA:25,0
DA:27,0
DA:32,4
DA:46,4
DA:48,4
DA:63,1
DA:64,1
DA:65,1
DA:67,1
DA:72,3
DA:77,2
DA:78,2
DA:80,2
DA:84,2
DA:85,1
DA:88,1
DA:90,1
DA:95,1
DA:96,1
DA:110,1
DA:112,1
DA:116,1
DA:117,0
DA:120,1
DA:121,0
DA:124,1
DA:142,1
DA:146,1
DA:150,0
DA:155,1
DA:156,1
DA:158,1
DA:162,1
DA:163,0
DA:166,1
DA:168,1
DA:172,0
DA:177,4
DA:190,4
DA:191,4
DA:192,4
DA:194,4
DA:195,2
DA:196,2
DA:197,2
DA:200,4
DA:215,2
DA:216,2
DA:217,2
DA:219,2
DA:224,2
DA:229,11
DA:230,11
DA:232,11
DA:233,0
DA:236,11
DA:238,11
DA:239,0
DA:242,11
DA:244,11
DA:245,0
DA:248,11
DA:253,11
DA:254,11
DA:256,11
DA:264,0
DA:269,0
DA:270,0
DA:273,0
DA:276,0
DA:277,0
DA:278,0
DA:280,0
DA:285,1
LF:84
LH:63
BRDA:84,0,0,1
BRDA:84,0,1,1
BRDA:116,1,0,0
BRDA:116,1,1,1
BRDA:120,2,0,0
BRDA:120,2,1,1
BRDA:162,3,0,0
BRDA:162,3,1,1
BRDA:194,4,0,2
BRDA:194,4,1,2
BRDA:196,5,0,2
BRDA:196,5,1,0
BRDA:232,6,0,0
BRDA:232,6,1,11
BRDA:232,7,0,11
BRDA:232,7,1,11
BRDA:238,8,0,0
BRDA:238,8,1,11
BRDA:244,9,0,0
BRDA:244,9,1,11
BRF:20
BRH:13
end_of_record
TN:
SF:controllers\chatController.js
FN:4,(anonymous_0)
FN:18,(anonymous_1)
FN:31,(anonymous_2)
FNF:3
FNH:0
FNDA:0,(anonymous_0)
FNDA:0,(anonymous_1)
FNDA:0,(anonymous_2)
DA:1,1
DA:5,0
DA:6,0
DA:7,0
DA:8,0
DA:13,0
DA:15,0
DA:19,0
DA:20,0
DA:21,0
DA:31,0
DA:32,0
DA:35,0
DA:37,0
DA:42,1
LF:15
LH:2
BRF:0
BRH:0
end_of_record
TN:
SF:helper\bcryptjs.js
FN:3,hashPassword
FN:7,comparePassword
FNF:2
FNH:2
FNDA:18,hashPassword
FNDA:11,comparePassword
DA:1,1
DA:4,18
DA:8,11
DA:11,1
LF:4
LH:4
BRF:0
BRH:0
end_of_record
TN:
SF:helper\customFormat.js
FN:3,HTMLDateFormat
FN:7,AgeFormat
FNF:2
FNH:2
FNDA:6,HTMLDateFormat
FNDA:11,AgeFormat
DA:1,1
DA:4,6
DA:8,11
DA:11,1
LF:4
LH:4
BRF:0
BRH:0
end_of_record
TN:
SF:helper\jwt.js
FN:3,createToken
FN:7,verifyToken
FNF:2
FNH:2
FNDA:11,createToken
FNDA:10,verifyToken
DA:1,1
DA:4,11
DA:8,10
DA:11,1
LF:4
LH:4
BRF:0
BRH:0
end_of_record
TN:
SF:middleware\authentication.js
FN:4,Authentication
FNF:1
FNH:1
FNDA:11,Authentication
DA:1,1
DA:2,1
DA:5,11
DA:6,11
DA:8,11
DA:9,1
DA:11,10
DA:12,9
DA:14,9
DA:15,0
DA:18,9
DA:24,9
DA:26,2
DA:30,1
LF:14
LH:13
BRDA:8,0,0,1
BRDA:8,0,1,10
BRDA:14,1,0,0
BRDA:14,1,1,9
BRF:4
BRH:3
end_of_record
TN:
SF:middleware\errorHandler.js
FN:1,errorHandler
FNF:1
FNH:1
FNDA:12,errorHandler
DA:2,12
DA:3,12
DA:7,5
DA:8,7
DA:9,1
DA:10,6
DA:11,4
DA:12,2
DA:13,0
DA:14,2
DA:15,1
DA:16,1
DA:20,1
DA:21,0
DA:22,0
DA:26,0
DA:30,1
LF:17
LH:13
BRDA:3,0,0,5
BRDA:3,0,1,7
BRDA:4,1,0,12
BRDA:4,1,1,8
BRDA:8,2,0,1
BRDA:8,2,1,6
BRDA:10,3,0,4
BRDA:10,3,1,2
BRDA:12,4,0,0
BRDA:12,4,1,2
BRDA:14,5,0,1
BRDA:14,5,1,1
BRDA:16,6,0,1
BRDA:16,6,1,0
BRDA:17,7,0,1
BRDA:17,7,1,1
BRDA:21,8,0,0
BRDA:21,8,1,0
BRF:18
BRH:14
end_of_record
TN:
SF:middleware\loginChecker.js
FN:3,(anonymous_0)
FN:22,(anonymous_1)
FNF:2
FNH:2
FNDA:12,(anonymous_0)
FNDA:3,(anonymous_1)
DA:1,1
DA:3,1
DA:4,12
DA:5,12
DA:6,12
DA:11,12
DA:12,2
DA:14,10
DA:15,0
DA:17,10
DA:19,2
DA:22,1
DA:23,3
DA:24,3
DA:25,3
DA:30,3
DA:31,2
DA:33,1
DA:34,0
DA:36,1
DA:38,2
DA:42,1
LF:22
LH:20
BRDA:11,0,0,2
BRDA:11,0,1,10
BRDA:14,1,0,0
BRDA:14,1,1,10
BRDA:30,2,0,2
BRDA:30,2,1,1
BRDA:33,3,0,0
BRDA:33,3,1,1
BRF:8
BRH:6
end_of_record
TN:
SF:models\chat.js
FN:3,(anonymous_0)
FN:10,(anonymous_1)
FNF:2
FNH:2
FNDA:1,(anonymous_0)
FNDA:1,(anonymous_1)
DA:2,1
DA:3,1
DA:12,1
DA:15,1
DA:26,1
LF:5
LH:5
BRF:0
BRH:0
end_of_record
TN:
SF:models\index.js
FN:20,(anonymous_0)
FN:23,(anonymous_1)
FN:28,(anonymous_2)
FNF:3
FNH:3
FNDA:3,(anonymous_0)
FNDA:2,(anonymous_1)
FNDA:2,(anonymous_2)
DA:3,1
DA:4,1
DA:5,1
DA:6,1
DA:7,1
DA:8,1
DA:9,1
DA:12,1
DA:13,0
DA:15,1
DA:18,1
DA:21,3
DA:24,2
DA:25,2
DA:28,1
DA:29,2
DA:30,2
DA:34,1
DA:35,1
DA:37,1
LF:20
LH:19
BRDA:7,0,0,1
BRDA:7,0,1,0
BRDA:12,1,0,0
BRDA:12,1,1,1
BRDA:21,2,0,3
BRDA:21,2,1,3
BRDA:21,2,2,2
BRDA:29,3,0,2
BRDA:29,3,1,0
BRF:9
BRH:6
end_of_record
TN:
SF:models\user.js
FN:6,(anonymous_0)
FN:13,(anonymous_1)
FN:176,(anonymous_2)
FN:180,(anonymous_3)
FNF:4
FNH:4
FNDA:1,(anonymous_0)
FNDA:1,(anonymous_1)
FNDA:4,(anonymous_2)
FNDA:1,(anonymous_3)
DA:2,1
DA:3,1
DA:4,1
DA:6,1
DA:21,1
DA:177,4
DA:178,4
DA:181,1
DA:182,1
DA:189,1
LF:10
LH:10
BRF:0
BRH:0
end_of_record
TN:
SF:routers\chatRouter.js
FNF:0
FNH:0
DA:1,1
DA:2,1
DA:3,1
DA:5,1
DA:6,1
DA:12,1
LF:6
LH:6
BRF:0
BRH:0
end_of_record
TN:
SF:routers\index.js
FNF:0
FNH:0
DA:1,1
DA:2,1
DA:3,1
DA:4,1
DA:6,1
DA:7,1
DA:9,1
DA:11,1
LF:8
LH:8
BRF:0
BRH:0
end_of_record
TN:
SF:routers\userRouter.js
FNF:0
FNH:0
DA:1,1
DA:2,1
DA:3,1
DA:7,1
DA:9,1
DA:10,1
DA:12,1
DA:13,1
DA:14,1
DA:16,1
DA:17,1
DA:18,1
DA:19,1
DA:20,1
DA:21,1
DA:22,1
DA:24,1
LF:17
LH:17
BRF:0
BRH:0
end_of_record
