{"E:\\Angga\\HACKTIV8\\PHASE 3\\TemanMain\\TemanMain - W3D3\\TemanMain\\server\\services\\app\\app.js": {"path":"E:\\Angga\\HACKTIV8\\PHASE 3\\TemanMain\\TemanMain - W3D3\\TemanMain\\server\\services\\app\\app.js","statementMap":{"0":{"start":{"line":1,"column":16},"end":{"line":1,"column":34}},"1":{"start":{"line":2,"column":12},"end":{"line":2,"column":21}},"2":{"start":{"line":3,"column":13},"end":{"line":3,"column":28}},"3":{"start":{"line":4,"column":15},"end":{"line":4,"column":34}},"4":{"start":{"line":5,"column":21},"end":{"line":5,"column":58}},"5":{"start":{"line":6,"column":13},"end":{"line":6,"column":37}},"6":{"start":{"line":8,"column":0},"end":{"line":8,"column":16}},"7":{"start":{"line":9,"column":0},"end":{"line":9,"column":48}},"8":{"start":{"line":10,"column":0},"end":{"line":10,"column":24}},"9":{"start":{"line":12,"column":0},"end":{"line":12,"column":16}},"10":{"start":{"line":13,"column":0},"end":{"line":13,"column":22}},"11":{"start":{"line":19,"column":0},"end":{"line":19,"column":21}}},"fnMap":{},"branchMap":{"0":{"loc":{"start":{"line":6,"column":13},"end":{"line":6,"column":37}},"type":"binary-expr","locations":[{"start":{"line":6,"column":13},"end":{"line":6,"column":29}},{"start":{"line":6,"column":33},"end":{"line":6,"column":37}}],"line":6}},"s":{"0":1,"1":1,"2":1,"3":1,"4":1,"5":1,"6":1,"7":1,"8":1,"9":1,"10":1,"11":1},"f":{},"b":{"0":[1,1]},"_coverageSchema":"1a1c01bbd47fc00a2c39e90264f33305004495a9","hash":"49a211a3cb68bb9c56c72990f1d81153538284b0"}
,"E:\\Angga\\HACKTIV8\\PHASE 3\\TemanMain\\TemanMain - W3D3\\TemanMain\\server\\services\\app\\controllers\\categoryController.js": {"path":"E:\\Angga\\HACKTIV8\\PHASE 3\\TemanMain\\TemanMain - W3D3\\TemanMain\\server\\services\\app\\controllers\\categoryController.js","statementMap":{"0":{"start":{"line":1,"column":21},"end":{"line":1,"column":41}},"1":{"start":{"line":5,"column":4},"end":{"line":11,"column":5}},"2":{"start":{"line":6,"column":25},"end":{"line":6,"column":49}},"3":{"start":{"line":8,"column":6},"end":{"line":8,"column":46}},"4":{"start":{"line":10,"column":6},"end":{"line":10,"column":18}},"5":{"start":{"line":15,"column":4},"end":{"line":24,"column":5}},"6":{"start":{"line":16,"column":30},"end":{"line":16,"column":38}},"7":{"start":{"line":17,"column":30},"end":{"line":20,"column":8}},"8":{"start":{"line":21,"column":6},"end":{"line":21,"column":77}},"9":{"start":{"line":23,"column":6},"end":{"line":23,"column":18}},"10":{"start":{"line":28,"column":4},"end":{"line":34,"column":5}},"11":{"start":{"line":29,"column":29},"end":{"line":29,"column":39}},"12":{"start":{"line":30,"column":29},"end":{"line":30,"column":64}},"13":{"start":{"line":31,"column":6},"end":{"line":31,"column":43}},"14":{"start":{"line":33,"column":6},"end":{"line":33,"column":18}},"15":{"start":{"line":38,"column":4},"end":{"line":61,"column":5}},"16":{"start":{"line":39,"column":29},"end":{"line":39,"column":39}},"17":{"start":{"line":40,"column":30},"end":{"line":40,"column":38}},"18":{"start":{"line":41,"column":6},"end":{"line":43,"column":7}},"19":{"start":{"line":42,"column":8},"end":{"line":42,"column":39}},"20":{"start":{"line":44,"column":6},"end":{"line":46,"column":7}},"21":{"start":{"line":45,"column":8},"end":{"line":45,"column":38}},"22":{"start":{"line":47,"column":29},"end":{"line":57,"column":7}},"23":{"start":{"line":58,"column":6},"end":{"line":58,"column":72}},"24":{"start":{"line":60,"column":6},"end":{"line":60,"column":18}},"25":{"start":{"line":65,"column":4},"end":{"line":75,"column":5}},"26":{"start":{"line":66,"column":29},"end":{"line":66,"column":39}},"27":{"start":{"line":67,"column":29},"end":{"line":71,"column":8}},"28":{"start":{"line":72,"column":6},"end":{"line":72,"column":73}},"29":{"start":{"line":74,"column":6},"end":{"line":74,"column":18}},"30":{"start":{"line":79,"column":0},"end":{"line":79,"column":36}}},"fnMap":{"0":{"name":"(anonymous_0)","decl":{"start":{"line":4,"column":2},"end":{"line":4,"column":3}},"loc":{"start":{"line":4,"column":46},"end":{"line":12,"column":3}},"line":4},"1":{"name":"(anonymous_1)","decl":{"start":{"line":14,"column":2},"end":{"line":14,"column":3}},"loc":{"start":{"line":14,"column":46},"end":{"line":25,"column":3}},"line":14},"2":{"name":"(anonymous_2)","decl":{"start":{"line":27,"column":2},"end":{"line":27,"column":3}},"loc":{"start":{"line":27,"column":48},"end":{"line":35,"column":3}},"line":27},"3":{"name":"(anonymous_3)","decl":{"start":{"line":37,"column":2},"end":{"line":37,"column":3}},"loc":{"start":{"line":37,"column":44},"end":{"line":62,"column":3}},"line":37},"4":{"name":"(anonymous_4)","decl":{"start":{"line":64,"column":2},"end":{"line":64,"column":3}},"loc":{"start":{"line":64,"column":46},"end":{"line":76,"column":3}},"line":64}},"branchMap":{"0":{"loc":{"start":{"line":41,"column":6},"end":{"line":43,"column":7}},"type":"if","locations":[{"start":{"line":41,"column":6},"end":{"line":43,"column":7}},{"start":{},"end":{}}],"line":41},"1":{"loc":{"start":{"line":44,"column":6},"end":{"line":46,"column":7}},"type":"if","locations":[{"start":{"line":44,"column":6},"end":{"line":46,"column":7}},{"start":{},"end":{}}],"line":44}},"s":{"0":1,"1":1,"2":1,"3":1,"4":0,"5":5,"6":5,"7":5,"8":1,"9":4,"10":1,"11":1,"12":1,"13":1,"14":0,"15":5,"16":5,"17":5,"18":5,"19":2,"20":3,"21":2,"22":1,"23":1,"24":4,"25":1,"26":1,"27":1,"28":1,"29":0,"30":1},"f":{"0":1,"1":5,"2":1,"3":5,"4":1},"b":{"0":[2,3],"1":[2,1]},"_coverageSchema":"1a1c01bbd47fc00a2c39e90264f33305004495a9","hash":"4b67c4d5a27fd2448b371d34b2c0739e8ddef374"}
,"E:\\Angga\\HACKTIV8\\PHASE 3\\TemanMain\\TemanMain - W3D3\\TemanMain\\server\\services\\app\\controllers\\eventController.js": {"path":"E:\\Angga\\HACKTIV8\\PHASE 3\\TemanMain\\TemanMain - W3D3\\TemanMain\\server\\services\\app\\controllers\\eventController.js","statementMap":{"0":{"start":{"line":1,"column":36},"end":{"line":1,"column":56}},"1":{"start":{"line":5,"column":4},"end":{"line":15,"column":5}},"2":{"start":{"line":6,"column":21},"end":{"line":10,"column":8}},"3":{"start":{"line":12,"column":6},"end":{"line":12,"column":42}},"4":{"start":{"line":14,"column":6},"end":{"line":14,"column":18}},"5":{"start":{"line":19,"column":4},"end":{"line":38,"column":5}},"6":{"start":{"line":20,"column":26},"end":{"line":20,"column":36}},"7":{"start":{"line":21,"column":26},"end":{"line":33,"column":8}},"8":{"start":{"line":35,"column":6},"end":{"line":35,"column":40}},"9":{"start":{"line":37,"column":6},"end":{"line":37,"column":18}},"10":{"start":{"line":41,"column":4},"end":{"line":70,"column":5}},"11":{"start":{"line":42,"column":6},"end":{"line":42,"column":40}},"12":{"start":{"line":54,"column":10},"end":{"line":54,"column":18}},"13":{"start":{"line":55,"column":27},"end":{"line":66,"column":8}},"14":{"start":{"line":67,"column":6},"end":{"line":67,"column":74}},"15":{"start":{"line":69,"column":6},"end":{"line":69,"column":18}},"16":{"start":{"line":74,"column":4},"end":{"line":135,"column":5}},"17":{"start":{"line":75,"column":26},"end":{"line":75,"column":36}},"18":{"start":{"line":86,"column":10},"end":{"line":86,"column":18}},"19":{"start":{"line":87,"column":6},"end":{"line":89,"column":7}},"20":{"start":{"line":88,"column":8},"end":{"line":88,"column":42}},"21":{"start":{"line":90,"column":6},"end":{"line":92,"column":7}},"22":{"start":{"line":91,"column":8},"end":{"line":91,"column":41}},"23":{"start":{"line":93,"column":6},"end":{"line":95,"column":7}},"24":{"start":{"line":94,"column":8},"end":{"line":94,"column":45}},"25":{"start":{"line":96,"column":6},"end":{"line":98,"column":7}},"26":{"start":{"line":97,"column":8},"end":{"line":97,"column":48}},"27":{"start":{"line":99,"column":6},"end":{"line":101,"column":7}},"28":{"start":{"line":100,"column":8},"end":{"line":100,"column":41}},"29":{"start":{"line":102,"column":6},"end":{"line":104,"column":7}},"30":{"start":{"line":103,"column":8},"end":{"line":103,"column":41}},"31":{"start":{"line":105,"column":6},"end":{"line":107,"column":7}},"32":{"start":{"line":106,"column":8},"end":{"line":106,"column":45}},"33":{"start":{"line":108,"column":6},"end":{"line":110,"column":7}},"34":{"start":{"line":109,"column":8},"end":{"line":109,"column":42}},"35":{"start":{"line":111,"column":6},"end":{"line":113,"column":7}},"36":{"start":{"line":112,"column":8},"end":{"line":112,"column":42}},"37":{"start":{"line":114,"column":26},"end":{"line":131,"column":7}},"38":{"start":{"line":132,"column":6},"end":{"line":132,"column":69}},"39":{"start":{"line":134,"column":6},"end":{"line":134,"column":18}},"40":{"start":{"line":139,"column":4},"end":{"line":149,"column":5}},"41":{"start":{"line":140,"column":26},"end":{"line":140,"column":36}},"42":{"start":{"line":141,"column":26},"end":{"line":145,"column":8}},"43":{"start":{"line":146,"column":6},"end":{"line":146,"column":70}},"44":{"start":{"line":148,"column":6},"end":{"line":148,"column":18}},"45":{"start":{"line":153,"column":4},"end":{"line":166,"column":5}},"46":{"start":{"line":154,"column":29},"end":{"line":154,"column":39}},"47":{"start":{"line":155,"column":21},"end":{"line":162,"column":8}},"48":{"start":{"line":163,"column":6},"end":{"line":163,"column":35}},"49":{"start":{"line":165,"column":6},"end":{"line":165,"column":18}},"50":{"start":{"line":170,"column":0},"end":{"line":170,"column":33}}},"fnMap":{"0":{"name":"(anonymous_0)","decl":{"start":{"line":4,"column":2},"end":{"line":4,"column":3}},"loc":{"start":{"line":4,"column":44},"end":{"line":16,"column":3}},"line":4},"1":{"name":"(anonymous_1)","decl":{"start":{"line":18,"column":2},"end":{"line":18,"column":3}},"loc":{"start":{"line":18,"column":44},"end":{"line":39,"column":3}},"line":18},"2":{"name":"(anonymous_2)","decl":{"start":{"line":40,"column":2},"end":{"line":40,"column":3}},"loc":{"start":{"line":40,"column":43},"end":{"line":71,"column":3}},"line":40},"3":{"name":"(anonymous_3)","decl":{"start":{"line":73,"column":2},"end":{"line":73,"column":3}},"loc":{"start":{"line":73,"column":41},"end":{"line":136,"column":3}},"line":73},"4":{"name":"(anonymous_4)","decl":{"start":{"line":138,"column":2},"end":{"line":138,"column":3}},"loc":{"start":{"line":138,"column":43},"end":{"line":150,"column":3}},"line":138},"5":{"name":"(anonymous_5)","decl":{"start":{"line":152,"column":2},"end":{"line":152,"column":3}},"loc":{"start":{"line":152,"column":52},"end":{"line":167,"column":3}},"line":152}},"branchMap":{"0":{"loc":{"start":{"line":87,"column":6},"end":{"line":89,"column":7}},"type":"if","locations":[{"start":{"line":87,"column":6},"end":{"line":89,"column":7}},{"start":{},"end":{}}],"line":87},"1":{"loc":{"start":{"line":90,"column":6},"end":{"line":92,"column":7}},"type":"if","locations":[{"start":{"line":90,"column":6},"end":{"line":92,"column":7}},{"start":{},"end":{}}],"line":90},"2":{"loc":{"start":{"line":93,"column":6},"end":{"line":95,"column":7}},"type":"if","locations":[{"start":{"line":93,"column":6},"end":{"line":95,"column":7}},{"start":{},"end":{}}],"line":93},"3":{"loc":{"start":{"line":96,"column":6},"end":{"line":98,"column":7}},"type":"if","locations":[{"start":{"line":96,"column":6},"end":{"line":98,"column":7}},{"start":{},"end":{}}],"line":96},"4":{"loc":{"start":{"line":99,"column":6},"end":{"line":101,"column":7}},"type":"if","locations":[{"start":{"line":99,"column":6},"end":{"line":101,"column":7}},{"start":{},"end":{}}],"line":99},"5":{"loc":{"start":{"line":102,"column":6},"end":{"line":104,"column":7}},"type":"if","locations":[{"start":{"line":102,"column":6},"end":{"line":104,"column":7}},{"start":{},"end":{}}],"line":102},"6":{"loc":{"start":{"line":105,"column":6},"end":{"line":107,"column":7}},"type":"if","locations":[{"start":{"line":105,"column":6},"end":{"line":107,"column":7}},{"start":{},"end":{}}],"line":105},"7":{"loc":{"start":{"line":108,"column":6},"end":{"line":110,"column":7}},"type":"if","locations":[{"start":{"line":108,"column":6},"end":{"line":110,"column":7}},{"start":{},"end":{}}],"line":108},"8":{"loc":{"start":{"line":111,"column":6},"end":{"line":113,"column":7}},"type":"if","locations":[{"start":{"line":111,"column":6},"end":{"line":113,"column":7}},{"start":{},"end":{}}],"line":111}},"s":{"0":1,"1":1,"2":1,"3":1,"4":0,"5":1,"6":1,"7":1,"8":1,"9":0,"10":20,"11":20,"12":20,"13":20,"14":1,"15":19,"16":18,"17":18,"18":18,"19":18,"20":1,"21":17,"22":2,"23":15,"24":2,"25":13,"26":2,"27":11,"28":2,"29":9,"30":2,"31":7,"32":2,"33":5,"34":2,"35":3,"36":2,"37":1,"38":1,"39":17,"40":1,"41":1,"42":1,"43":1,"44":0,"45":1,"46":1,"47":1,"48":1,"49":0,"50":1},"f":{"0":1,"1":1,"2":20,"3":18,"4":1,"5":1},"b":{"0":[1,17],"1":[2,15],"2":[2,13],"3":[2,11],"4":[2,9],"5":[2,7],"6":[2,5],"7":[2,3],"8":[2,1]},"_coverageSchema":"1a1c01bbd47fc00a2c39e90264f33305004495a9","hash":"8e2a80ac3e222f12760102874bbb23804ff19ddd"}
,"E:\\Angga\\HACKTIV8\\PHASE 3\\TemanMain\\TemanMain - W3D3\\TemanMain\\server\\services\\app\\controllers\\invitationController.js": {"path":"E:\\Angga\\HACKTIV8\\PHASE 3\\TemanMain\\TemanMain - W3D3\\TemanMain\\server\\services\\app\\controllers\\invitationController.js","statementMap":{"0":{"start":{"line":1,"column":38},"end":{"line":1,"column":58}},"1":{"start":{"line":2,"column":22},"end":{"line":2,"column":42}},"2":{"start":{"line":6,"column":4},"end":{"line":19,"column":5}},"3":{"start":{"line":7,"column":44},"end":{"line":7,"column":54}},"4":{"start":{"line":8,"column":40},"end":{"line":8,"column":48}},"5":{"start":{"line":9,"column":32},"end":{"line":15,"column":8}},"6":{"start":{"line":16,"column":6},"end":{"line":16,"column":75}},"7":{"start":{"line":18,"column":6},"end":{"line":18,"column":18}},"8":{"start":{"line":22,"column":4},"end":{"line":41,"column":5}},"9":{"start":{"line":23,"column":31},"end":{"line":23,"column":41}},"10":{"start":{"line":24,"column":40},"end":{"line":24,"column":48}},"11":{"start":{"line":25,"column":6},"end":{"line":27,"column":7}},"12":{"start":{"line":26,"column":8},"end":{"line":26,"column":41}},"13":{"start":{"line":28,"column":31},"end":{"line":37,"column":7}},"14":{"start":{"line":38,"column":6},"end":{"line":38,"column":74}},"15":{"start":{"line":40,"column":6},"end":{"line":40,"column":18}},"16":{"start":{"line":44,"column":4},"end":{"line":54,"column":5}},"17":{"start":{"line":45,"column":31},"end":{"line":45,"column":41}},"18":{"start":{"line":46,"column":31},"end":{"line":50,"column":8}},"19":{"start":{"line":51,"column":6},"end":{"line":51,"column":75}},"20":{"start":{"line":53,"column":6},"end":{"line":53,"column":18}},"21":{"start":{"line":57,"column":14},"end":{"line":57,"column":43}},"22":{"start":{"line":60,"column":4},"end":{"line":103,"column":5}},"23":{"start":{"line":61,"column":31},"end":{"line":61,"column":41}},"24":{"start":{"line":63,"column":33},"end":{"line":73,"column":7}},"25":{"start":{"line":74,"column":27},"end":{"line":74,"column":68}},"26":{"start":{"line":76,"column":6},"end":{"line":87,"column":7}},"27":{"start":{"line":77,"column":29},"end":{"line":86,"column":9}},"28":{"start":{"line":88,"column":27},"end":{"line":97,"column":7}},"29":{"start":{"line":98,"column":6},"end":{"line":98,"column":23}},"30":{"start":{"line":99,"column":6},"end":{"line":99,"column":63}},"31":{"start":{"line":101,"column":6},"end":{"line":101,"column":25}},"32":{"start":{"line":102,"column":6},"end":{"line":102,"column":18}},"33":{"start":{"line":106,"column":14},"end":{"line":106,"column":43}},"34":{"start":{"line":107,"column":4},"end":{"line":149,"column":5}},"35":{"start":{"line":108,"column":31},"end":{"line":108,"column":41}},"36":{"start":{"line":109,"column":31},"end":{"line":119,"column":7}},"37":{"start":{"line":120,"column":27},"end":{"line":120,"column":68}},"38":{"start":{"line":122,"column":6},"end":{"line":133,"column":7}},"39":{"start":{"line":123,"column":29},"end":{"line":132,"column":9}},"40":{"start":{"line":134,"column":27},"end":{"line":143,"column":7}},"41":{"start":{"line":144,"column":6},"end":{"line":144,"column":23}},"42":{"start":{"line":145,"column":6},"end":{"line":145,"column":77}},"43":{"start":{"line":147,"column":6},"end":{"line":147,"column":25}},"44":{"start":{"line":148,"column":6},"end":{"line":148,"column":18}},"45":{"start":{"line":152,"column":4},"end":{"line":169,"column":5}},"46":{"start":{"line":153,"column":26},"end":{"line":153,"column":37}},"47":{"start":{"line":154,"column":26},"end":{"line":164,"column":8}},"48":{"start":{"line":165,"column":6},"end":{"line":165,"column":31}},"49":{"start":{"line":166,"column":6},"end":{"line":166,"column":40}},"50":{"start":{"line":168,"column":6},"end":{"line":168,"column":18}},"51":{"start":{"line":172,"column":4},"end":{"line":185,"column":5}},"52":{"start":{"line":173,"column":31},"end":{"line":173,"column":41}},"53":{"start":{"line":174,"column":31},"end":{"line":181,"column":8}},"54":{"start":{"line":182,"column":6},"end":{"line":182,"column":45}},"55":{"start":{"line":184,"column":6},"end":{"line":184,"column":18}},"56":{"start":{"line":189,"column":0},"end":{"line":189,"column":38}}},"fnMap":{"0":{"name":"(anonymous_0)","decl":{"start":{"line":5,"column":2},"end":{"line":5,"column":3}},"loc":{"start":{"line":5,"column":48},"end":{"line":20,"column":3}},"line":5},"1":{"name":"(anonymous_1)","decl":{"start":{"line":21,"column":2},"end":{"line":21,"column":3}},"loc":{"start":{"line":21,"column":57},"end":{"line":42,"column":3}},"line":21},"2":{"name":"(anonymous_2)","decl":{"start":{"line":43,"column":2},"end":{"line":43,"column":3}},"loc":{"start":{"line":43,"column":48},"end":{"line":55,"column":3}},"line":43},"3":{"name":"(anonymous_3)","decl":{"start":{"line":56,"column":2},"end":{"line":56,"column":3}},"loc":{"start":{"line":56,"column":48},"end":{"line":104,"column":3}},"line":56},"4":{"name":"(anonymous_4)","decl":{"start":{"line":105,"column":2},"end":{"line":105,"column":3}},"loc":{"start":{"line":105,"column":56},"end":{"line":150,"column":3}},"line":105},"5":{"name":"(anonymous_5)","decl":{"start":{"line":151,"column":2},"end":{"line":151,"column":3}},"loc":{"start":{"line":151,"column":53},"end":{"line":170,"column":3}},"line":151},"6":{"name":"(anonymous_6)","decl":{"start":{"line":171,"column":2},"end":{"line":171,"column":3}},"loc":{"start":{"line":171,"column":49},"end":{"line":186,"column":3}},"line":171}},"branchMap":{"0":{"loc":{"start":{"line":25,"column":6},"end":{"line":27,"column":7}},"type":"if","locations":[{"start":{"line":25,"column":6},"end":{"line":27,"column":7}},{"start":{},"end":{}}],"line":25},"1":{"loc":{"start":{"line":76,"column":6},"end":{"line":87,"column":7}},"type":"if","locations":[{"start":{"line":76,"column":6},"end":{"line":87,"column":7}},{"start":{},"end":{}}],"line":76},"2":{"loc":{"start":{"line":122,"column":6},"end":{"line":133,"column":7}},"type":"if","locations":[{"start":{"line":122,"column":6},"end":{"line":133,"column":7}},{"start":{},"end":{}}],"line":122}},"s":{"0":1,"1":1,"2":4,"3":4,"4":4,"5":4,"6":2,"7":2,"8":4,"9":4,"10":4,"11":4,"12":2,"13":2,"14":2,"15":2,"16":1,"17":1,"18":1,"19":1,"20":0,"21":1,"22":1,"23":1,"24":1,"25":1,"26":1,"27":0,"28":1,"29":1,"30":1,"31":0,"32":0,"33":1,"34":1,"35":1,"36":1,"37":1,"38":1,"39":0,"40":1,"41":1,"42":1,"43":0,"44":0,"45":1,"46":1,"47":1,"48":1,"49":1,"50":0,"51":1,"52":1,"53":1,"54":1,"55":0,"56":1},"f":{"0":4,"1":4,"2":1,"3":1,"4":1,"5":1,"6":1},"b":{"0":[2,2],"1":[0,1],"2":[0,1]},"_coverageSchema":"1a1c01bbd47fc00a2c39e90264f33305004495a9","hash":"efd9987f5c5a601476ac7ffd130a8817a8cad14b"}
,"E:\\Angga\\HACKTIV8\\PHASE 3\\TemanMain\\TemanMain - W3D3\\TemanMain\\server\\services\\app\\controllers\\magnetController.js": {"path":"E:\\Angga\\HACKTIV8\\PHASE 3\\TemanMain\\TemanMain - W3D3\\TemanMain\\server\\services\\app\\controllers\\magnetController.js","statementMap":{"0":{"start":{"line":1,"column":47},"end":{"line":1,"column":67}},"1":{"start":{"line":5,"column":4},"end":{"line":10,"column":5}},"2":{"start":{"line":6,"column":22},"end":{"line":6,"column":44}},"3":{"start":{"line":7,"column":6},"end":{"line":7,"column":36}},"4":{"start":{"line":9,"column":6},"end":{"line":9,"column":18}},"5":{"start":{"line":13,"column":4},"end":{"line":42,"column":5}},"6":{"start":{"line":23,"column":10},"end":{"line":23,"column":18}},"7":{"start":{"line":24,"column":28},"end":{"line":34,"column":8}},"8":{"start":{"line":35,"column":6},"end":{"line":38,"column":9}},"9":{"start":{"line":41,"column":6},"end":{"line":41,"column":18}},"10":{"start":{"line":46,"column":4},"end":{"line":99,"column":5}},"11":{"start":{"line":47,"column":27},"end":{"line":47,"column":37}},"12":{"start":{"line":56,"column":10},"end":{"line":56,"column":18}},"13":{"start":{"line":58,"column":6},"end":{"line":60,"column":7}},"14":{"start":{"line":59,"column":8},"end":{"line":59,"column":39}},"15":{"start":{"line":61,"column":6},"end":{"line":63,"column":7}},"16":{"start":{"line":62,"column":8},"end":{"line":62,"column":38}},"17":{"start":{"line":64,"column":6},"end":{"line":66,"column":7}},"18":{"start":{"line":65,"column":8},"end":{"line":65,"column":38}},"19":{"start":{"line":67,"column":6},"end":{"line":69,"column":7}},"20":{"start":{"line":68,"column":8},"end":{"line":68,"column":38}},"21":{"start":{"line":70,"column":6},"end":{"line":72,"column":7}},"22":{"start":{"line":71,"column":8},"end":{"line":71,"column":39}},"23":{"start":{"line":73,"column":6},"end":{"line":75,"column":7}},"24":{"start":{"line":74,"column":8},"end":{"line":74,"column":38}},"25":{"start":{"line":79,"column":28},"end":{"line":94,"column":7}},"26":{"start":{"line":95,"column":6},"end":{"line":95,"column":70}},"27":{"start":{"line":98,"column":6},"end":{"line":98,"column":18}},"28":{"start":{"line":103,"column":4},"end":{"line":114,"column":5}},"29":{"start":{"line":104,"column":27},"end":{"line":104,"column":37}},"30":{"start":{"line":106,"column":27},"end":{"line":110,"column":8}},"31":{"start":{"line":111,"column":6},"end":{"line":111,"column":71}},"32":{"start":{"line":113,"column":6},"end":{"line":113,"column":18}},"33":{"start":{"line":117,"column":4},"end":{"line":134,"column":5}},"34":{"start":{"line":118,"column":26},"end":{"line":118,"column":37}},"35":{"start":{"line":119,"column":25},"end":{"line":126,"column":8}},"36":{"start":{"line":128,"column":6},"end":{"line":130,"column":7}},"37":{"start":{"line":129,"column":8},"end":{"line":129,"column":42}},"38":{"start":{"line":131,"column":6},"end":{"line":131,"column":39}},"39":{"start":{"line":133,"column":6},"end":{"line":133,"column":18}},"40":{"start":{"line":137,"column":4},"end":{"line":170,"column":5}},"41":{"start":{"line":138,"column":27},"end":{"line":138,"column":37}},"42":{"start":{"line":139,"column":21},"end":{"line":146,"column":8}},"43":{"start":{"line":147,"column":29},"end":{"line":152,"column":8}},"44":{"start":{"line":153,"column":32},"end":{"line":158,"column":8}},"45":{"start":{"line":159,"column":6},"end":{"line":159,"column":41}},"46":{"start":{"line":160,"column":6},"end":{"line":162,"column":9}},"47":{"start":{"line":161,"column":8},"end":{"line":161,"column":47}},"48":{"start":{"line":163,"column":6},"end":{"line":165,"column":9}},"49":{"start":{"line":164,"column":8},"end":{"line":164,"column":47}},"50":{"start":{"line":166,"column":6},"end":{"line":166,"column":35}},"51":{"start":{"line":169,"column":6},"end":{"line":169,"column":18}},"52":{"start":{"line":174,"column":0},"end":{"line":174,"column":34}}},"fnMap":{"0":{"name":"(anonymous_0)","decl":{"start":{"line":4,"column":2},"end":{"line":4,"column":3}},"loc":{"start":{"line":4,"column":45},"end":{"line":11,"column":3}},"line":4},"1":{"name":"(anonymous_1)","decl":{"start":{"line":12,"column":2},"end":{"line":12,"column":3}},"loc":{"start":{"line":12,"column":44},"end":{"line":43,"column":3}},"line":12},"2":{"name":"(anonymous_2)","decl":{"start":{"line":45,"column":2},"end":{"line":45,"column":3}},"loc":{"start":{"line":45,"column":42},"end":{"line":100,"column":3}},"line":45},"3":{"name":"(anonymous_3)","decl":{"start":{"line":102,"column":2},"end":{"line":102,"column":3}},"loc":{"start":{"line":102,"column":44},"end":{"line":115,"column":3}},"line":102},"4":{"name":"(anonymous_4)","decl":{"start":{"line":116,"column":2},"end":{"line":116,"column":3}},"loc":{"start":{"line":116,"column":49},"end":{"line":135,"column":3}},"line":116},"5":{"name":"(anonymous_5)","decl":{"start":{"line":136,"column":2},"end":{"line":136,"column":3}},"loc":{"start":{"line":136,"column":45},"end":{"line":171,"column":3}},"line":136},"6":{"name":"(anonymous_6)","decl":{"start":{"line":160,"column":29},"end":{"line":160,"column":30}},"loc":{"start":{"line":160,"column":37},"end":{"line":162,"column":7}},"line":160},"7":{"name":"(anonymous_7)","decl":{"start":{"line":163,"column":32},"end":{"line":163,"column":33}},"loc":{"start":{"line":163,"column":40},"end":{"line":165,"column":7}},"line":163}},"branchMap":{"0":{"loc":{"start":{"line":58,"column":6},"end":{"line":60,"column":7}},"type":"if","locations":[{"start":{"line":58,"column":6},"end":{"line":60,"column":7}},{"start":{},"end":{}}],"line":58},"1":{"loc":{"start":{"line":61,"column":6},"end":{"line":63,"column":7}},"type":"if","locations":[{"start":{"line":61,"column":6},"end":{"line":63,"column":7}},{"start":{},"end":{}}],"line":61},"2":{"loc":{"start":{"line":64,"column":6},"end":{"line":66,"column":7}},"type":"if","locations":[{"start":{"line":64,"column":6},"end":{"line":66,"column":7}},{"start":{},"end":{}}],"line":64},"3":{"loc":{"start":{"line":67,"column":6},"end":{"line":69,"column":7}},"type":"if","locations":[{"start":{"line":67,"column":6},"end":{"line":69,"column":7}},{"start":{},"end":{}}],"line":67},"4":{"loc":{"start":{"line":70,"column":6},"end":{"line":72,"column":7}},"type":"if","locations":[{"start":{"line":70,"column":6},"end":{"line":72,"column":7}},{"start":{},"end":{}}],"line":70},"5":{"loc":{"start":{"line":73,"column":6},"end":{"line":75,"column":7}},"type":"if","locations":[{"start":{"line":73,"column":6},"end":{"line":75,"column":7}},{"start":{},"end":{}}],"line":73},"6":{"loc":{"start":{"line":128,"column":6},"end":{"line":130,"column":7}},"type":"if","locations":[{"start":{"line":128,"column":6},"end":{"line":130,"column":7}},{"start":{},"end":{}}],"line":128}},"s":{"0":1,"1":0,"2":0,"3":0,"4":0,"5":9,"6":9,"7":9,"8":1,"9":8,"10":11,"11":11,"12":11,"13":11,"14":2,"15":9,"16":2,"17":7,"18":2,"19":5,"20":2,"21":3,"22":2,"23":1,"24":0,"25":1,"26":1,"27":10,"28":1,"29":1,"30":1,"31":1,"32":0,"33":2,"34":2,"35":2,"36":2,"37":1,"38":1,"39":1,"40":1,"41":1,"42":1,"43":1,"44":1,"45":1,"46":1,"47":0,"48":1,"49":0,"50":1,"51":0,"52":1},"f":{"0":0,"1":9,"2":11,"3":1,"4":2,"5":1,"6":0,"7":0},"b":{"0":[2,9],"1":[2,7],"2":[2,5],"3":[2,3],"4":[2,1],"5":[0,1],"6":[1,1]},"_coverageSchema":"1a1c01bbd47fc00a2c39e90264f33305004495a9","hash":"b0b1a2500948c60d27638c040ecf334d708bd40b"}
,"E:\\Angga\\HACKTIV8\\PHASE 3\\TemanMain\\TemanMain - W3D3\\TemanMain\\server\\services\\app\\controllers\\requestController.js": {"path":"E:\\Angga\\HACKTIV8\\PHASE 3\\TemanMain\\TemanMain - W3D3\\TemanMain\\server\\services\\app\\controllers\\requestController.js","statementMap":{"0":{"start":{"line":1,"column":35},"end":{"line":1,"column":55}},"1":{"start":{"line":2,"column":22},"end":{"line":2,"column":42}},"2":{"start":{"line":6,"column":4},"end":{"line":24,"column":5}},"3":{"start":{"line":7,"column":26},"end":{"line":7,"column":37}},"4":{"start":{"line":8,"column":23},"end":{"line":19,"column":8}},"5":{"start":{"line":20,"column":6},"end":{"line":20,"column":37}},"6":{"start":{"line":22,"column":6},"end":{"line":22,"column":35}},"7":{"start":{"line":23,"column":6},"end":{"line":23,"column":18}},"8":{"start":{"line":27,"column":4},"end":{"line":33,"column":5}},"9":{"start":{"line":28,"column":28},"end":{"line":28,"column":38}},"10":{"start":{"line":29,"column":28},"end":{"line":29,"column":61}},"11":{"start":{"line":30,"column":6},"end":{"line":30,"column":42}},"12":{"start":{"line":32,"column":6},"end":{"line":32,"column":18}},"13":{"start":{"line":36,"column":4},"end":{"line":60,"column":5}},"14":{"start":{"line":38,"column":36},"end":{"line":38,"column":46}},"15":{"start":{"line":39,"column":26},"end":{"line":39,"column":37}},"16":{"start":{"line":40,"column":37},"end":{"line":40,"column":45}},"17":{"start":{"line":42,"column":29},"end":{"line":48,"column":8}},"18":{"start":{"line":49,"column":27},"end":{"line":53,"column":8}},"19":{"start":{"line":54,"column":6},"end":{"line":57,"column":9}},"20":{"start":{"line":59,"column":6},"end":{"line":59,"column":18}},"21":{"start":{"line":63,"column":4},"end":{"line":82,"column":5}},"22":{"start":{"line":64,"column":28},"end":{"line":64,"column":38}},"23":{"start":{"line":65,"column":37},"end":{"line":65,"column":45}},"24":{"start":{"line":66,"column":6},"end":{"line":68,"column":7}},"25":{"start":{"line":67,"column":8},"end":{"line":67,"column":41}},"26":{"start":{"line":69,"column":28},"end":{"line":78,"column":7}},"27":{"start":{"line":79,"column":6},"end":{"line":79,"column":71}},"28":{"start":{"line":81,"column":6},"end":{"line":81,"column":18}},"29":{"start":{"line":85,"column":4},"end":{"line":95,"column":5}},"30":{"start":{"line":86,"column":28},"end":{"line":86,"column":38}},"31":{"start":{"line":87,"column":28},"end":{"line":91,"column":8}},"32":{"start":{"line":92,"column":6},"end":{"line":92,"column":72}},"33":{"start":{"line":94,"column":6},"end":{"line":94,"column":18}},"34":{"start":{"line":98,"column":14},"end":{"line":98,"column":43}},"35":{"start":{"line":99,"column":4},"end":{"line":143,"column":5}},"36":{"start":{"line":100,"column":28},"end":{"line":100,"column":38}},"37":{"start":{"line":102,"column":30},"end":{"line":112,"column":7}},"38":{"start":{"line":113,"column":27},"end":{"line":113,"column":68}},"39":{"start":{"line":115,"column":6},"end":{"line":126,"column":7}},"40":{"start":{"line":116,"column":29},"end":{"line":125,"column":9}},"41":{"start":{"line":128,"column":27},"end":{"line":137,"column":7}},"42":{"start":{"line":138,"column":6},"end":{"line":138,"column":23}},"43":{"start":{"line":139,"column":6},"end":{"line":139,"column":60}},"44":{"start":{"line":141,"column":6},"end":{"line":141,"column":25}},"45":{"start":{"line":142,"column":6},"end":{"line":142,"column":18}},"46":{"start":{"line":146,"column":14},"end":{"line":146,"column":43}},"47":{"start":{"line":148,"column":4},"end":{"line":206,"column":5}},"48":{"start":{"line":149,"column":28},"end":{"line":149,"column":38}},"49":{"start":{"line":150,"column":28},"end":{"line":150,"column":61}},"50":{"start":{"line":151,"column":6},"end":{"line":202,"column":7}},"51":{"start":{"line":152,"column":30},"end":{"line":161,"column":9}},"52":{"start":{"line":162,"column":8},"end":{"line":162,"column":79}},"53":{"start":{"line":163,"column":13},"end":{"line":202,"column":7}},"54":{"start":{"line":164,"column":30},"end":{"line":174,"column":9}},"55":{"start":{"line":175,"column":29},"end":{"line":175,"column":70}},"56":{"start":{"line":177,"column":8},"end":{"line":188,"column":9}},"57":{"start":{"line":178,"column":31},"end":{"line":187,"column":11}},"58":{"start":{"line":190,"column":29},"end":{"line":199,"column":9}},"59":{"start":{"line":200,"column":8},"end":{"line":200,"column":25}},"60":{"start":{"line":201,"column":8},"end":{"line":201,"column":79}},"61":{"start":{"line":204,"column":6},"end":{"line":204,"column":25}},"62":{"start":{"line":205,"column":6},"end":{"line":205,"column":18}},"63":{"start":{"line":210,"column":0},"end":{"line":210,"column":35}}},"fnMap":{"0":{"name":"(anonymous_0)","decl":{"start":{"line":5,"column":2},"end":{"line":5,"column":3}},"loc":{"start":{"line":5,"column":50},"end":{"line":25,"column":3}},"line":5},"1":{"name":"(anonymous_1)","decl":{"start":{"line":26,"column":2},"end":{"line":26,"column":3}},"loc":{"start":{"line":26,"column":46},"end":{"line":34,"column":3}},"line":26},"2":{"name":"(anonymous_2)","decl":{"start":{"line":35,"column":2},"end":{"line":35,"column":3}},"loc":{"start":{"line":35,"column":45},"end":{"line":61,"column":3}},"line":35},"3":{"name":"(anonymous_3)","decl":{"start":{"line":62,"column":2},"end":{"line":62,"column":3}},"loc":{"start":{"line":62,"column":54},"end":{"line":83,"column":3}},"line":62},"4":{"name":"(anonymous_4)","decl":{"start":{"line":84,"column":2},"end":{"line":84,"column":3}},"loc":{"start":{"line":84,"column":45},"end":{"line":96,"column":3}},"line":84},"5":{"name":"(anonymous_5)","decl":{"start":{"line":97,"column":2},"end":{"line":97,"column":3}},"loc":{"start":{"line":97,"column":45},"end":{"line":144,"column":3}},"line":97},"6":{"name":"(anonymous_6)","decl":{"start":{"line":145,"column":2},"end":{"line":145,"column":3}},"loc":{"start":{"line":145,"column":47},"end":{"line":207,"column":3}},"line":145}},"branchMap":{"0":{"loc":{"start":{"line":66,"column":6},"end":{"line":68,"column":7}},"type":"if","locations":[{"start":{"line":66,"column":6},"end":{"line":68,"column":7}},{"start":{},"end":{}}],"line":66},"1":{"loc":{"start":{"line":115,"column":6},"end":{"line":126,"column":7}},"type":"if","locations":[{"start":{"line":115,"column":6},"end":{"line":126,"column":7}},{"start":{},"end":{}}],"line":115},"2":{"loc":{"start":{"line":151,"column":6},"end":{"line":202,"column":7}},"type":"if","locations":[{"start":{"line":151,"column":6},"end":{"line":202,"column":7}},{"start":{"line":163,"column":13},"end":{"line":202,"column":7}}],"line":151},"3":{"loc":{"start":{"line":163,"column":13},"end":{"line":202,"column":7}},"type":"if","locations":[{"start":{"line":163,"column":13},"end":{"line":202,"column":7}},{"start":{},"end":{}}],"line":163},"4":{"loc":{"start":{"line":177,"column":8},"end":{"line":188,"column":9}},"type":"if","locations":[{"start":{"line":177,"column":8},"end":{"line":188,"column":9}},{"start":{},"end":{}}],"line":177}},"s":{"0":1,"1":1,"2":1,"3":1,"4":1,"5":1,"6":0,"7":0,"8":1,"9":1,"10":1,"11":1,"12":0,"13":7,"14":7,"15":7,"16":7,"17":7,"18":5,"19":5,"20":2,"21":3,"22":3,"23":3,"24":3,"25":2,"26":1,"27":1,"28":2,"29":1,"30":1,"31":1,"32":1,"33":0,"34":2,"35":2,"36":2,"37":2,"38":2,"39":2,"40":1,"41":2,"42":2,"43":2,"44":0,"45":0,"46":1,"47":1,"48":1,"49":1,"50":1,"51":0,"52":0,"53":1,"54":1,"55":1,"56":1,"57":0,"58":1,"59":1,"60":1,"61":0,"62":0,"63":1},"f":{"0":1,"1":1,"2":7,"3":3,"4":1,"5":2,"6":1},"b":{"0":[2,1],"1":[1,1],"2":[0,1],"3":[1,0],"4":[0,1]},"_coverageSchema":"1a1c01bbd47fc00a2c39e90264f33305004495a9","hash":"ce52664786b08087f9efac8f236f64a1ad5ed308"}
,"E:\\Angga\\HACKTIV8\\PHASE 3\\TemanMain\\TemanMain - W3D3\\TemanMain\\server\\services\\app\\middlewares\\authorization.js": {"path":"E:\\Angga\\HACKTIV8\\PHASE 3\\TemanMain\\TemanMain - W3D3\\TemanMain\\server\\services\\app\\middlewares\\authorization.js","statementMap":{"0":{"start":{"line":1,"column":46},"end":{"line":1,"column":66}},"1":{"start":{"line":4,"column":2},"end":{"line":32,"column":3}},"2":{"start":{"line":7,"column":40},"end":{"line":7,"column":51}},"3":{"start":{"line":8,"column":25},"end":{"line":8,"column":35}},"4":{"start":{"line":9,"column":25},"end":{"line":9,"column":56}},"5":{"start":{"line":10,"column":4},"end":{"line":29,"column":5}},"6":{"start":{"line":11,"column":6},"end":{"line":15,"column":7}},"7":{"start":{"line":12,"column":8},"end":{"line":12,"column":35}},"8":{"start":{"line":14,"column":8},"end":{"line":14,"column":38}},"9":{"start":{"line":16,"column":11},"end":{"line":29,"column":5}},"10":{"start":{"line":26,"column":6},"end":{"line":26,"column":35}},"11":{"start":{"line":28,"column":6},"end":{"line":28,"column":13}},"12":{"start":{"line":31,"column":4},"end":{"line":31,"column":16}},"13":{"start":{"line":36,"column":2},"end":{"line":55,"column":3}},"14":{"start":{"line":37,"column":25},"end":{"line":37,"column":35}},"15":{"start":{"line":38,"column":24},"end":{"line":38,"column":35}},"16":{"start":{"line":40,"column":25},"end":{"line":44,"column":6}},"17":{"start":{"line":45,"column":4},"end":{"line":47,"column":5}},"18":{"start":{"line":46,"column":6},"end":{"line":46,"column":39}},"19":{"start":{"line":48,"column":4},"end":{"line":48,"column":58}},"20":{"start":{"line":49,"column":4},"end":{"line":51,"column":5}},"21":{"start":{"line":50,"column":6},"end":{"line":50,"column":43}},"22":{"start":{"line":52,"column":4},"end":{"line":52,"column":11}},"23":{"start":{"line":54,"column":4},"end":{"line":54,"column":16}},"24":{"start":{"line":58,"column":2},"end":{"line":80,"column":3}},"25":{"start":{"line":59,"column":29},"end":{"line":59,"column":39}},"26":{"start":{"line":60,"column":24},"end":{"line":60,"column":35}},"27":{"start":{"line":61,"column":29},"end":{"line":66,"column":6}},"28":{"start":{"line":69,"column":4},"end":{"line":71,"column":5}},"29":{"start":{"line":70,"column":6},"end":{"line":70,"column":43}},"30":{"start":{"line":72,"column":4},"end":{"line":74,"column":5}},"31":{"start":{"line":73,"column":6},"end":{"line":73,"column":47}},"32":{"start":{"line":75,"column":4},"end":{"line":75,"column":52}},"33":{"start":{"line":77,"column":4},"end":{"line":77,"column":11}},"34":{"start":{"line":79,"column":4},"end":{"line":79,"column":16}},"35":{"start":{"line":83,"column":2},"end":{"line":103,"column":3}},"36":{"start":{"line":84,"column":26},"end":{"line":84,"column":36}},"37":{"start":{"line":85,"column":24},"end":{"line":85,"column":35}},"38":{"start":{"line":86,"column":26},"end":{"line":91,"column":6}},"39":{"start":{"line":92,"column":4},"end":{"line":94,"column":5}},"40":{"start":{"line":93,"column":6},"end":{"line":93,"column":40}},"41":{"start":{"line":95,"column":4},"end":{"line":97,"column":5}},"42":{"start":{"line":96,"column":6},"end":{"line":96,"column":44}},"43":{"start":{"line":98,"column":4},"end":{"line":98,"column":49}},"44":{"start":{"line":100,"column":4},"end":{"line":100,"column":11}},"45":{"start":{"line":102,"column":4},"end":{"line":102,"column":16}},"46":{"start":{"line":106,"column":2},"end":{"line":131,"column":3}},"47":{"start":{"line":107,"column":26},"end":{"line":107,"column":36}},"48":{"start":{"line":108,"column":24},"end":{"line":108,"column":35}},"49":{"start":{"line":109,"column":26},"end":{"line":114,"column":6}},"50":{"start":{"line":117,"column":4},"end":{"line":119,"column":5}},"51":{"start":{"line":118,"column":6},"end":{"line":118,"column":40}},"52":{"start":{"line":120,"column":4},"end":{"line":122,"column":5}},"53":{"start":{"line":121,"column":6},"end":{"line":121,"column":50}},"54":{"start":{"line":123,"column":4},"end":{"line":125,"column":5}},"55":{"start":{"line":124,"column":6},"end":{"line":124,"column":46}},"56":{"start":{"line":126,"column":4},"end":{"line":126,"column":49}},"57":{"start":{"line":128,"column":4},"end":{"line":128,"column":11}},"58":{"start":{"line":130,"column":4},"end":{"line":130,"column":16}},"59":{"start":{"line":134,"column":2},"end":{"line":160,"column":3}},"60":{"start":{"line":135,"column":29},"end":{"line":135,"column":39}},"61":{"start":{"line":136,"column":24},"end":{"line":136,"column":35}},"62":{"start":{"line":138,"column":29},"end":{"line":143,"column":6}},"63":{"start":{"line":144,"column":4},"end":{"line":146,"column":5}},"64":{"start":{"line":145,"column":6},"end":{"line":145,"column":43}},"65":{"start":{"line":147,"column":4},"end":{"line":149,"column":5}},"66":{"start":{"line":148,"column":6},"end":{"line":148,"column":53}},"67":{"start":{"line":150,"column":4},"end":{"line":152,"column":5}},"68":{"start":{"line":151,"column":6},"end":{"line":151,"column":46}},"69":{"start":{"line":153,"column":4},"end":{"line":155,"column":5}},"70":{"start":{"line":154,"column":6},"end":{"line":154,"column":50}},"71":{"start":{"line":156,"column":4},"end":{"line":156,"column":52}},"72":{"start":{"line":157,"column":4},"end":{"line":157,"column":11}},"73":{"start":{"line":159,"column":4},"end":{"line":159,"column":16}},"74":{"start":{"line":163,"column":2},"end":{"line":190,"column":3}},"75":{"start":{"line":164,"column":26},"end":{"line":164,"column":36}},"76":{"start":{"line":165,"column":24},"end":{"line":165,"column":35}},"77":{"start":{"line":166,"column":26},"end":{"line":171,"column":6}},"78":{"start":{"line":172,"column":4},"end":{"line":174,"column":5}},"79":{"start":{"line":173,"column":6},"end":{"line":173,"column":40}},"80":{"start":{"line":177,"column":4},"end":{"line":179,"column":5}},"81":{"start":{"line":178,"column":6},"end":{"line":178,"column":50}},"82":{"start":{"line":180,"column":4},"end":{"line":182,"column":5}},"83":{"start":{"line":181,"column":6},"end":{"line":181,"column":46}},"84":{"start":{"line":183,"column":4},"end":{"line":185,"column":5}},"85":{"start":{"line":184,"column":6},"end":{"line":184,"column":47}},"86":{"start":{"line":186,"column":4},"end":{"line":186,"column":49}},"87":{"start":{"line":187,"column":4},"end":{"line":187,"column":11}},"88":{"start":{"line":189,"column":4},"end":{"line":189,"column":16}},"89":{"start":{"line":193,"column":0},"end":{"line":201,"column":2}}},"fnMap":{"0":{"name":"ageAuthorizationBeforeCreateInvitation","decl":{"start":{"line":3,"column":15},"end":{"line":3,"column":53}},"loc":{"start":{"line":3,"column":70},"end":{"line":33,"column":1}},"line":3},"1":{"name":"magnetAuthorization","decl":{"start":{"line":35,"column":15},"end":{"line":35,"column":34}},"loc":{"start":{"line":35,"column":51},"end":{"line":56,"column":1}},"line":35},"2":{"name":"invitationAuthorization","decl":{"start":{"line":57,"column":15},"end":{"line":57,"column":38}},"loc":{"start":{"line":57,"column":55},"end":{"line":81,"column":1}},"line":57},"3":{"name":"requestAuthorization","decl":{"start":{"line":82,"column":15},"end":{"line":82,"column":35}},"loc":{"start":{"line":82,"column":52},"end":{"line":104,"column":1}},"line":82},"4":{"name":"acceptRequestAuthorization2","decl":{"start":{"line":105,"column":15},"end":{"line":105,"column":42}},"loc":{"start":{"line":105,"column":59},"end":{"line":132,"column":1}},"line":105},"5":{"name":"acceptInvitationAuthorization","decl":{"start":{"line":133,"column":15},"end":{"line":133,"column":44}},"loc":{"start":{"line":133,"column":61},"end":{"line":161,"column":1}},"line":133},"6":{"name":"acceptRequestAuthorization","decl":{"start":{"line":162,"column":15},"end":{"line":162,"column":41}},"loc":{"start":{"line":162,"column":58},"end":{"line":191,"column":1}},"line":162}},"branchMap":{"0":{"loc":{"start":{"line":10,"column":4},"end":{"line":29,"column":5}},"type":"if","locations":[{"start":{"line":10,"column":4},"end":{"line":29,"column":5}},{"start":{"line":16,"column":11},"end":{"line":29,"column":5}}],"line":10},"1":{"loc":{"start":{"line":11,"column":6},"end":{"line":15,"column":7}},"type":"if","locations":[{"start":{"line":11,"column":6},"end":{"line":15,"column":7}},{"start":{"line":13,"column":13},"end":{"line":15,"column":7}}],"line":11},"2":{"loc":{"start":{"line":16,"column":11},"end":{"line":29,"column":5}},"type":"if","locations":[{"start":{"line":16,"column":11},"end":{"line":29,"column":5}},{"start":{"line":27,"column":11},"end":{"line":29,"column":5}}],"line":16},"3":{"loc":{"start":{"line":17,"column":6},"end":{"line":18,"column":48}},"type":"binary-expr","locations":[{"start":{"line":17,"column":6},"end":{"line":17,"column":54}},{"start":{"line":18,"column":6},"end":{"line":18,"column":48}}],"line":17},"4":{"loc":{"start":{"line":45,"column":4},"end":{"line":47,"column":5}},"type":"if","locations":[{"start":{"line":45,"column":4},"end":{"line":47,"column":5}},{"start":{},"end":{}}],"line":45},"5":{"loc":{"start":{"line":49,"column":4},"end":{"line":51,"column":5}},"type":"if","locations":[{"start":{"line":49,"column":4},"end":{"line":51,"column":5}},{"start":{},"end":{}}],"line":49},"6":{"loc":{"start":{"line":69,"column":4},"end":{"line":71,"column":5}},"type":"if","locations":[{"start":{"line":69,"column":4},"end":{"line":71,"column":5}},{"start":{},"end":{}}],"line":69},"7":{"loc":{"start":{"line":72,"column":4},"end":{"line":74,"column":5}},"type":"if","locations":[{"start":{"line":72,"column":4},"end":{"line":74,"column":5}},{"start":{},"end":{}}],"line":72},"8":{"loc":{"start":{"line":92,"column":4},"end":{"line":94,"column":5}},"type":"if","locations":[{"start":{"line":92,"column":4},"end":{"line":94,"column":5}},{"start":{},"end":{}}],"line":92},"9":{"loc":{"start":{"line":95,"column":4},"end":{"line":97,"column":5}},"type":"if","locations":[{"start":{"line":95,"column":4},"end":{"line":97,"column":5}},{"start":{},"end":{}}],"line":95},"10":{"loc":{"start":{"line":117,"column":4},"end":{"line":119,"column":5}},"type":"if","locations":[{"start":{"line":117,"column":4},"end":{"line":119,"column":5}},{"start":{},"end":{}}],"line":117},"11":{"loc":{"start":{"line":120,"column":4},"end":{"line":122,"column":5}},"type":"if","locations":[{"start":{"line":120,"column":4},"end":{"line":122,"column":5}},{"start":{},"end":{}}],"line":120},"12":{"loc":{"start":{"line":123,"column":4},"end":{"line":125,"column":5}},"type":"if","locations":[{"start":{"line":123,"column":4},"end":{"line":125,"column":5}},{"start":{},"end":{}}],"line":123},"13":{"loc":{"start":{"line":144,"column":4},"end":{"line":146,"column":5}},"type":"if","locations":[{"start":{"line":144,"column":4},"end":{"line":146,"column":5}},{"start":{},"end":{}}],"line":144},"14":{"loc":{"start":{"line":147,"column":4},"end":{"line":149,"column":5}},"type":"if","locations":[{"start":{"line":147,"column":4},"end":{"line":149,"column":5}},{"start":{},"end":{}}],"line":147},"15":{"loc":{"start":{"line":150,"column":4},"end":{"line":152,"column":5}},"type":"if","locations":[{"start":{"line":150,"column":4},"end":{"line":152,"column":5}},{"start":{},"end":{}}],"line":150},"16":{"loc":{"start":{"line":153,"column":4},"end":{"line":155,"column":5}},"type":"if","locations":[{"start":{"line":153,"column":4},"end":{"line":155,"column":5}},{"start":{},"end":{}}],"line":153},"17":{"loc":{"start":{"line":172,"column":4},"end":{"line":174,"column":5}},"type":"if","locations":[{"start":{"line":172,"column":4},"end":{"line":174,"column":5}},{"start":{},"end":{}}],"line":172},"18":{"loc":{"start":{"line":177,"column":4},"end":{"line":179,"column":5}},"type":"if","locations":[{"start":{"line":177,"column":4},"end":{"line":179,"column":5}},{"start":{},"end":{}}],"line":177},"19":{"loc":{"start":{"line":180,"column":4},"end":{"line":182,"column":5}},"type":"if","locations":[{"start":{"line":180,"column":4},"end":{"line":182,"column":5}},{"start":{},"end":{}}],"line":180},"20":{"loc":{"start":{"line":183,"column":4},"end":{"line":185,"column":5}},"type":"if","locations":[{"start":{"line":183,"column":4},"end":{"line":185,"column":5}},{"start":{},"end":{}}],"line":183}},"s":{"0":1,"1":14,"2":14,"3":14,"4":14,"5":14,"6":2,"7":1,"8":1,"9":12,"10":0,"11":12,"12":2,"13":20,"14":20,"15":20,"16":20,"17":20,"18":2,"19":18,"20":18,"21":2,"22":16,"23":4,"24":10,"25":10,"26":10,"27":10,"28":10,"29":2,"30":8,"31":2,"32":6,"33":6,"34":4,"35":8,"36":8,"37":8,"38":8,"39":8,"40":2,"41":6,"42":2,"43":4,"44":4,"45":4,"46":3,"47":3,"48":3,"49":3,"50":3,"51":1,"52":2,"53":1,"54":1,"55":0,"56":1,"57":1,"58":2,"59":5,"60":5,"61":5,"62":5,"63":5,"64":1,"65":4,"66":1,"67":3,"68":1,"69":2,"70":1,"71":1,"72":1,"73":4,"74":6,"75":6,"76":6,"77":6,"78":6,"79":1,"80":5,"81":2,"82":3,"83":1,"84":2,"85":0,"86":2,"87":2,"88":4,"89":1},"f":{"0":14,"1":20,"2":10,"3":8,"4":3,"5":5,"6":6},"b":{"0":[2,12],"1":[1,1],"2":[0,12],"3":[12,0],"4":[2,18],"5":[2,16],"6":[2,8],"7":[2,6],"8":[2,6],"9":[2,4],"10":[1,2],"11":[1,1],"12":[0,1],"13":[1,4],"14":[1,3],"15":[1,2],"16":[1,1],"17":[1,5],"18":[2,3],"19":[1,2],"20":[0,2]},"_coverageSchema":"1a1c01bbd47fc00a2c39e90264f33305004495a9","hash":"a6fab13da10d9873d4cd43977a5f6153e492fe51"}
,"E:\\Angga\\HACKTIV8\\PHASE 3\\TemanMain\\TemanMain - W3D3\\TemanMain\\server\\services\\app\\middlewares\\checker.js": {"path":"E:\\Angga\\HACKTIV8\\PHASE 3\\TemanMain\\TemanMain - W3D3\\TemanMain\\server\\services\\app\\middlewares\\checker.js","statementMap":{"0":{"start":{"line":1,"column":57},"end":{"line":1,"column":77}},"1":{"start":{"line":4,"column":2},"end":{"line":18,"column":3}},"2":{"start":{"line":5,"column":24},"end":{"line":5,"column":34}},"3":{"start":{"line":6,"column":24},"end":{"line":10,"column":6}},"4":{"start":{"line":11,"column":4},"end":{"line":15,"column":5}},"5":{"start":{"line":12,"column":6},"end":{"line":12,"column":38}},"6":{"start":{"line":14,"column":6},"end":{"line":14,"column":13}},"7":{"start":{"line":17,"column":4},"end":{"line":17,"column":16}},"8":{"start":{"line":21,"column":2},"end":{"line":35,"column":3}},"9":{"start":{"line":22,"column":25},"end":{"line":22,"column":35}},"10":{"start":{"line":23,"column":25},"end":{"line":27,"column":6}},"11":{"start":{"line":28,"column":4},"end":{"line":32,"column":5}},"12":{"start":{"line":29,"column":6},"end":{"line":29,"column":39}},"13":{"start":{"line":31,"column":6},"end":{"line":31,"column":13}},"14":{"start":{"line":34,"column":4},"end":{"line":34,"column":16}},"15":{"start":{"line":39,"column":2},"end":{"line":53,"column":3}},"16":{"start":{"line":40,"column":27},"end":{"line":40,"column":37}},"17":{"start":{"line":41,"column":27},"end":{"line":45,"column":6}},"18":{"start":{"line":46,"column":4},"end":{"line":50,"column":5}},"19":{"start":{"line":47,"column":6},"end":{"line":47,"column":41}},"20":{"start":{"line":49,"column":6},"end":{"line":49,"column":13}},"21":{"start":{"line":52,"column":4},"end":{"line":52,"column":16}},"22":{"start":{"line":57,"column":2},"end":{"line":66,"column":3}},"23":{"start":{"line":58,"column":29},"end":{"line":58,"column":39}},"24":{"start":{"line":59,"column":29},"end":{"line":59,"column":68}},"25":{"start":{"line":60,"column":4},"end":{"line":62,"column":5}},"26":{"start":{"line":61,"column":6},"end":{"line":61,"column":43}},"27":{"start":{"line":63,"column":4},"end":{"line":63,"column":11}},"28":{"start":{"line":65,"column":4},"end":{"line":65,"column":16}},"29":{"start":{"line":69,"column":2},"end":{"line":78,"column":3}},"30":{"start":{"line":70,"column":26},"end":{"line":70,"column":36}},"31":{"start":{"line":71,"column":26},"end":{"line":71,"column":59}},"32":{"start":{"line":72,"column":4},"end":{"line":74,"column":5}},"33":{"start":{"line":73,"column":6},"end":{"line":73,"column":40}},"34":{"start":{"line":75,"column":4},"end":{"line":75,"column":11}},"35":{"start":{"line":77,"column":4},"end":{"line":77,"column":16}},"36":{"start":{"line":81,"column":2},"end":{"line":97,"column":3}},"37":{"start":{"line":82,"column":25},"end":{"line":82,"column":35}},"38":{"start":{"line":83,"column":24},"end":{"line":83,"column":35}},"39":{"start":{"line":84,"column":26},"end":{"line":89,"column":6}},"40":{"start":{"line":90,"column":4},"end":{"line":94,"column":5}},"41":{"start":{"line":91,"column":6},"end":{"line":91,"column":40}},"42":{"start":{"line":93,"column":6},"end":{"line":93,"column":13}},"43":{"start":{"line":96,"column":4},"end":{"line":96,"column":16}},"44":{"start":{"line":100,"column":2},"end":{"line":115,"column":3}},"45":{"start":{"line":101,"column":33},"end":{"line":101,"column":43}},"46":{"start":{"line":102,"column":29},"end":{"line":107,"column":6}},"47":{"start":{"line":108,"column":4},"end":{"line":112,"column":5}},"48":{"start":{"line":109,"column":6},"end":{"line":109,"column":40}},"49":{"start":{"line":111,"column":6},"end":{"line":111,"column":13}},"50":{"start":{"line":114,"column":4},"end":{"line":114,"column":16}},"51":{"start":{"line":118,"column":2},"end":{"line":126,"column":3}},"52":{"start":{"line":119,"column":47},"end":{"line":119,"column":55}},"53":{"start":{"line":120,"column":4},"end":{"line":122,"column":5}},"54":{"start":{"line":121,"column":6},"end":{"line":121,"column":38}},"55":{"start":{"line":123,"column":4},"end":{"line":123,"column":11}},"56":{"start":{"line":125,"column":4},"end":{"line":125,"column":16}},"57":{"start":{"line":129,"column":0},"end":{"line":138,"column":2}}},"fnMap":{"0":{"name":"eventChecker","decl":{"start":{"line":3,"column":15},"end":{"line":3,"column":27}},"loc":{"start":{"line":3,"column":44},"end":{"line":19,"column":1}},"line":3},"1":{"name":"magnetChecker","decl":{"start":{"line":20,"column":15},"end":{"line":20,"column":28}},"loc":{"start":{"line":20,"column":45},"end":{"line":36,"column":1}},"line":20},"2":{"name":"categoryChecker","decl":{"start":{"line":38,"column":15},"end":{"line":38,"column":30}},"loc":{"start":{"line":38,"column":47},"end":{"line":54,"column":1}},"line":38},"3":{"name":"invitationChecker","decl":{"start":{"line":56,"column":15},"end":{"line":56,"column":32}},"loc":{"start":{"line":56,"column":49},"end":{"line":67,"column":1}},"line":56},"4":{"name":"requestChecker","decl":{"start":{"line":68,"column":15},"end":{"line":68,"column":29}},"loc":{"start":{"line":68,"column":46},"end":{"line":79,"column":1}},"line":68},"5":{"name":"alreadyMadeRequest","decl":{"start":{"line":80,"column":15},"end":{"line":80,"column":33}},"loc":{"start":{"line":80,"column":50},"end":{"line":98,"column":1}},"line":80},"6":{"name":"alreadyMadeInvitation","decl":{"start":{"line":99,"column":15},"end":{"line":99,"column":36}},"loc":{"start":{"line":99,"column":53},"end":{"line":116,"column":1}},"line":99},"7":{"name":"createMagnetCheker","decl":{"start":{"line":117,"column":15},"end":{"line":117,"column":33}},"loc":{"start":{"line":117,"column":50},"end":{"line":127,"column":1}},"line":117}},"branchMap":{"0":{"loc":{"start":{"line":11,"column":4},"end":{"line":15,"column":5}},"type":"if","locations":[{"start":{"line":11,"column":4},"end":{"line":15,"column":5}},{"start":{"line":13,"column":11},"end":{"line":15,"column":5}}],"line":11},"1":{"loc":{"start":{"line":28,"column":4},"end":{"line":32,"column":5}},"type":"if","locations":[{"start":{"line":28,"column":4},"end":{"line":32,"column":5}},{"start":{"line":30,"column":11},"end":{"line":32,"column":5}}],"line":28},"2":{"loc":{"start":{"line":46,"column":4},"end":{"line":50,"column":5}},"type":"if","locations":[{"start":{"line":46,"column":4},"end":{"line":50,"column":5}},{"start":{"line":48,"column":11},"end":{"line":50,"column":5}}],"line":46},"3":{"loc":{"start":{"line":60,"column":4},"end":{"line":62,"column":5}},"type":"if","locations":[{"start":{"line":60,"column":4},"end":{"line":62,"column":5}},{"start":{},"end":{}}],"line":60},"4":{"loc":{"start":{"line":72,"column":4},"end":{"line":74,"column":5}},"type":"if","locations":[{"start":{"line":72,"column":4},"end":{"line":74,"column":5}},{"start":{},"end":{}}],"line":72},"5":{"loc":{"start":{"line":90,"column":4},"end":{"line":94,"column":5}},"type":"if","locations":[{"start":{"line":90,"column":4},"end":{"line":94,"column":5}},{"start":{"line":92,"column":11},"end":{"line":94,"column":5}}],"line":90},"6":{"loc":{"start":{"line":108,"column":4},"end":{"line":112,"column":5}},"type":"if","locations":[{"start":{"line":108,"column":4},"end":{"line":112,"column":5}},{"start":{"line":110,"column":11},"end":{"line":112,"column":5}}],"line":108},"7":{"loc":{"start":{"line":120,"column":4},"end":{"line":122,"column":5}},"type":"if","locations":[{"start":{"line":120,"column":4},"end":{"line":122,"column":5}},{"start":{},"end":{}}],"line":120}},"s":{"0":1,"1":22,"2":22,"3":22,"4":22,"5":4,"6":18,"7":4,"8":18,"9":18,"10":18,"11":18,"12":3,"13":15,"14":3,"15":12,"16":12,"17":12,"18":12,"19":4,"20":8,"21":4,"22":2,"23":2,"24":2,"25":2,"26":1,"27":1,"28":1,"29":2,"30":2,"31":2,"32":2,"33":1,"34":1,"35":1,"36":8,"37":8,"38":8,"39":8,"40":8,"41":1,"42":7,"43":1,"44":4,"45":4,"46":4,"47":4,"48":0,"49":4,"50":0,"51":9,"52":9,"53":9,"54":0,"55":9,"56":0,"57":1},"f":{"0":22,"1":18,"2":12,"3":2,"4":2,"5":8,"6":4,"7":9},"b":{"0":[4,18],"1":[3,15],"2":[4,8],"3":[1,1],"4":[1,1],"5":[1,7],"6":[0,4],"7":[0,9]},"_coverageSchema":"1a1c01bbd47fc00a2c39e90264f33305004495a9","hash":"5ad3a92cd091bd046a8d2498124e7564b04a2b76"}
,"E:\\Angga\\HACKTIV8\\PHASE 3\\TemanMain\\TemanMain - W3D3\\TemanMain\\server\\services\\app\\middlewares\\errorHandler.js": {"path":"E:\\Angga\\HACKTIV8\\PHASE 3\\TemanMain\\TemanMain - W3D3\\TemanMain\\server\\services\\app\\middlewares\\errorHandler.js","statementMap":{"0":{"start":{"line":2,"column":2},"end":{"line":2,"column":36}},"1":{"start":{"line":3,"column":2},"end":{"line":126,"column":3}},"2":{"start":{"line":7,"column":4},"end":{"line":7,"column":68}},"3":{"start":{"line":8,"column":9},"end":{"line":126,"column":3}},"4":{"start":{"line":9,"column":4},"end":{"line":9,"column":71}},"5":{"start":{"line":10,"column":9},"end":{"line":126,"column":3}},"6":{"start":{"line":11,"column":4},"end":{"line":14,"column":7}},"7":{"start":{"line":15,"column":9},"end":{"line":126,"column":3}},"8":{"start":{"line":16,"column":4},"end":{"line":18,"column":67}},"9":{"start":{"line":19,"column":9},"end":{"line":126,"column":3}},"10":{"start":{"line":20,"column":4},"end":{"line":22,"column":63}},"11":{"start":{"line":23,"column":9},"end":{"line":126,"column":3}},"12":{"start":{"line":24,"column":4},"end":{"line":24,"column":76}},"13":{"start":{"line":25,"column":9},"end":{"line":126,"column":3}},"14":{"start":{"line":26,"column":4},"end":{"line":26,"column":73}},"15":{"start":{"line":27,"column":9},"end":{"line":126,"column":3}},"16":{"start":{"line":28,"column":4},"end":{"line":28,"column":79}},"17":{"start":{"line":29,"column":9},"end":{"line":126,"column":3}},"18":{"start":{"line":30,"column":4},"end":{"line":30,"column":77}},"19":{"start":{"line":31,"column":9},"end":{"line":126,"column":3}},"20":{"start":{"line":32,"column":4},"end":{"line":32,"column":80}},"21":{"start":{"line":33,"column":9},"end":{"line":126,"column":3}},"22":{"start":{"line":34,"column":4},"end":{"line":34,"column":73}},"23":{"start":{"line":35,"column":9},"end":{"line":126,"column":3}},"24":{"start":{"line":36,"column":4},"end":{"line":38,"column":66}},"25":{"start":{"line":39,"column":9},"end":{"line":126,"column":3}},"26":{"start":{"line":40,"column":4},"end":{"line":40,"column":77}},"27":{"start":{"line":41,"column":9},"end":{"line":126,"column":3}},"28":{"start":{"line":42,"column":4},"end":{"line":42,"column":80}},"29":{"start":{"line":43,"column":9},"end":{"line":126,"column":3}},"30":{"start":{"line":44,"column":4},"end":{"line":46,"column":61}},"31":{"start":{"line":47,"column":9},"end":{"line":126,"column":3}},"32":{"start":{"line":48,"column":4},"end":{"line":48,"column":73}},"33":{"start":{"line":49,"column":9},"end":{"line":126,"column":3}},"34":{"start":{"line":50,"column":4},"end":{"line":52,"column":65}},"35":{"start":{"line":53,"column":9},"end":{"line":126,"column":3}},"36":{"start":{"line":54,"column":4},"end":{"line":56,"column":68}},"37":{"start":{"line":57,"column":9},"end":{"line":126,"column":3}},"38":{"start":{"line":58,"column":4},"end":{"line":58,"column":76}},"39":{"start":{"line":59,"column":9},"end":{"line":126,"column":3}},"40":{"start":{"line":60,"column":4},"end":{"line":60,"column":77}},"41":{"start":{"line":61,"column":9},"end":{"line":126,"column":3}},"42":{"start":{"line":62,"column":4},"end":{"line":62,"column":78}},"43":{"start":{"line":63,"column":9},"end":{"line":126,"column":3}},"44":{"start":{"line":64,"column":4},"end":{"line":64,"column":76}},"45":{"start":{"line":65,"column":9},"end":{"line":126,"column":3}},"46":{"start":{"line":66,"column":4},"end":{"line":66,"column":79}},"47":{"start":{"line":67,"column":9},"end":{"line":126,"column":3}},"48":{"start":{"line":68,"column":4},"end":{"line":68,"column":80}},"49":{"start":{"line":69,"column":9},"end":{"line":126,"column":3}},"50":{"start":{"line":70,"column":4},"end":{"line":70,"column":79}},"51":{"start":{"line":71,"column":9},"end":{"line":126,"column":3}},"52":{"start":{"line":72,"column":4},"end":{"line":74,"column":69}},"53":{"start":{"line":75,"column":9},"end":{"line":126,"column":3}},"54":{"start":{"line":76,"column":4},"end":{"line":78,"column":7}},"55":{"start":{"line":79,"column":9},"end":{"line":126,"column":3}},"56":{"start":{"line":80,"column":4},"end":{"line":80,"column":80}},"57":{"start":{"line":81,"column":9},"end":{"line":126,"column":3}},"58":{"start":{"line":82,"column":4},"end":{"line":84,"column":63}},"59":{"start":{"line":85,"column":9},"end":{"line":126,"column":3}},"60":{"start":{"line":86,"column":4},"end":{"line":89,"column":7}},"61":{"start":{"line":90,"column":9},"end":{"line":126,"column":3}},"62":{"start":{"line":91,"column":4},"end":{"line":93,"column":7}},"63":{"start":{"line":94,"column":9},"end":{"line":126,"column":3}},"64":{"start":{"line":95,"column":4},"end":{"line":97,"column":79}},"65":{"start":{"line":98,"column":9},"end":{"line":126,"column":3}},"66":{"start":{"line":99,"column":4},"end":{"line":101,"column":7}},"67":{"start":{"line":102,"column":9},"end":{"line":126,"column":3}},"68":{"start":{"line":103,"column":4},"end":{"line":105,"column":7}},"69":{"start":{"line":106,"column":9},"end":{"line":126,"column":3}},"70":{"start":{"line":107,"column":4},"end":{"line":109,"column":7}},"71":{"start":{"line":110,"column":9},"end":{"line":126,"column":3}},"72":{"start":{"line":111,"column":4},"end":{"line":113,"column":7}},"73":{"start":{"line":114,"column":9},"end":{"line":126,"column":3}},"74":{"start":{"line":115,"column":4},"end":{"line":115,"column":69}},"75":{"start":{"line":116,"column":9},"end":{"line":126,"column":3}},"76":{"start":{"line":117,"column":4},"end":{"line":117,"column":67}},"77":{"start":{"line":118,"column":9},"end":{"line":126,"column":3}},"78":{"start":{"line":119,"column":4},"end":{"line":119,"column":65}},"79":{"start":{"line":120,"column":9},"end":{"line":126,"column":3}},"80":{"start":{"line":121,"column":4},"end":{"line":121,"column":66}},"81":{"start":{"line":122,"column":9},"end":{"line":126,"column":3}},"82":{"start":{"line":123,"column":4},"end":{"line":123,"column":64}},"83":{"start":{"line":125,"column":4},"end":{"line":125,"column":70}},"84":{"start":{"line":129,"column":0},"end":{"line":129,"column":30}}},"fnMap":{"0":{"name":"errorHandler","decl":{"start":{"line":1,"column":9},"end":{"line":1,"column":21}},"loc":{"start":{"line":1,"column":43},"end":{"line":127,"column":1}},"line":1}},"branchMap":{"0":{"loc":{"start":{"line":3,"column":2},"end":{"line":126,"column":3}},"type":"if","locations":[{"start":{"line":3,"column":2},"end":{"line":126,"column":3}},{"start":{"line":8,"column":9},"end":{"line":126,"column":3}}],"line":3},"1":{"loc":{"start":{"line":4,"column":4},"end":{"line":5,"column":49}},"type":"binary-expr","locations":[{"start":{"line":4,"column":4},"end":{"line":4,"column":43}},{"start":{"line":5,"column":4},"end":{"line":5,"column":49}}],"line":4},"2":{"loc":{"start":{"line":8,"column":9},"end":{"line":126,"column":3}},"type":"if","locations":[{"start":{"line":8,"column":9},"end":{"line":126,"column":3}},{"start":{"line":10,"column":9},"end":{"line":126,"column":3}}],"line":8},"3":{"loc":{"start":{"line":10,"column":9},"end":{"line":126,"column":3}},"type":"if","locations":[{"start":{"line":10,"column":9},"end":{"line":126,"column":3}},{"start":{"line":15,"column":9},"end":{"line":126,"column":3}}],"line":10},"4":{"loc":{"start":{"line":15,"column":9},"end":{"line":126,"column":3}},"type":"if","locations":[{"start":{"line":15,"column":9},"end":{"line":126,"column":3}},{"start":{"line":19,"column":9},"end":{"line":126,"column":3}}],"line":15},"5":{"loc":{"start":{"line":19,"column":9},"end":{"line":126,"column":3}},"type":"if","locations":[{"start":{"line":19,"column":9},"end":{"line":126,"column":3}},{"start":{"line":23,"column":9},"end":{"line":126,"column":3}}],"line":19},"6":{"loc":{"start":{"line":23,"column":9},"end":{"line":126,"column":3}},"type":"if","locations":[{"start":{"line":23,"column":9},"end":{"line":126,"column":3}},{"start":{"line":25,"column":9},"end":{"line":126,"column":3}}],"line":23},"7":{"loc":{"start":{"line":25,"column":9},"end":{"line":126,"column":3}},"type":"if","locations":[{"start":{"line":25,"column":9},"end":{"line":126,"column":3}},{"start":{"line":27,"column":9},"end":{"line":126,"column":3}}],"line":25},"8":{"loc":{"start":{"line":27,"column":9},"end":{"line":126,"column":3}},"type":"if","locations":[{"start":{"line":27,"column":9},"end":{"line":126,"column":3}},{"start":{"line":29,"column":9},"end":{"line":126,"column":3}}],"line":27},"9":{"loc":{"start":{"line":29,"column":9},"end":{"line":126,"column":3}},"type":"if","locations":[{"start":{"line":29,"column":9},"end":{"line":126,"column":3}},{"start":{"line":31,"column":9},"end":{"line":126,"column":3}}],"line":29},"10":{"loc":{"start":{"line":31,"column":9},"end":{"line":126,"column":3}},"type":"if","locations":[{"start":{"line":31,"column":9},"end":{"line":126,"column":3}},{"start":{"line":33,"column":9},"end":{"line":126,"column":3}}],"line":31},"11":{"loc":{"start":{"line":33,"column":9},"end":{"line":126,"column":3}},"type":"if","locations":[{"start":{"line":33,"column":9},"end":{"line":126,"column":3}},{"start":{"line":35,"column":9},"end":{"line":126,"column":3}}],"line":33},"12":{"loc":{"start":{"line":35,"column":9},"end":{"line":126,"column":3}},"type":"if","locations":[{"start":{"line":35,"column":9},"end":{"line":126,"column":3}},{"start":{"line":39,"column":9},"end":{"line":126,"column":3}}],"line":35},"13":{"loc":{"start":{"line":39,"column":9},"end":{"line":126,"column":3}},"type":"if","locations":[{"start":{"line":39,"column":9},"end":{"line":126,"column":3}},{"start":{"line":41,"column":9},"end":{"line":126,"column":3}}],"line":39},"14":{"loc":{"start":{"line":41,"column":9},"end":{"line":126,"column":3}},"type":"if","locations":[{"start":{"line":41,"column":9},"end":{"line":126,"column":3}},{"start":{"line":43,"column":9},"end":{"line":126,"column":3}}],"line":41},"15":{"loc":{"start":{"line":43,"column":9},"end":{"line":126,"column":3}},"type":"if","locations":[{"start":{"line":43,"column":9},"end":{"line":126,"column":3}},{"start":{"line":47,"column":9},"end":{"line":126,"column":3}}],"line":43},"16":{"loc":{"start":{"line":47,"column":9},"end":{"line":126,"column":3}},"type":"if","locations":[{"start":{"line":47,"column":9},"end":{"line":126,"column":3}},{"start":{"line":49,"column":9},"end":{"line":126,"column":3}}],"line":47},"17":{"loc":{"start":{"line":49,"column":9},"end":{"line":126,"column":3}},"type":"if","locations":[{"start":{"line":49,"column":9},"end":{"line":126,"column":3}},{"start":{"line":53,"column":9},"end":{"line":126,"column":3}}],"line":49},"18":{"loc":{"start":{"line":53,"column":9},"end":{"line":126,"column":3}},"type":"if","locations":[{"start":{"line":53,"column":9},"end":{"line":126,"column":3}},{"start":{"line":57,"column":9},"end":{"line":126,"column":3}}],"line":53},"19":{"loc":{"start":{"line":57,"column":9},"end":{"line":126,"column":3}},"type":"if","locations":[{"start":{"line":57,"column":9},"end":{"line":126,"column":3}},{"start":{"line":59,"column":9},"end":{"line":126,"column":3}}],"line":57},"20":{"loc":{"start":{"line":59,"column":9},"end":{"line":126,"column":3}},"type":"if","locations":[{"start":{"line":59,"column":9},"end":{"line":126,"column":3}},{"start":{"line":61,"column":9},"end":{"line":126,"column":3}}],"line":59},"21":{"loc":{"start":{"line":61,"column":9},"end":{"line":126,"column":3}},"type":"if","locations":[{"start":{"line":61,"column":9},"end":{"line":126,"column":3}},{"start":{"line":63,"column":9},"end":{"line":126,"column":3}}],"line":61},"22":{"loc":{"start":{"line":63,"column":9},"end":{"line":126,"column":3}},"type":"if","locations":[{"start":{"line":63,"column":9},"end":{"line":126,"column":3}},{"start":{"line":65,"column":9},"end":{"line":126,"column":3}}],"line":63},"23":{"loc":{"start":{"line":65,"column":9},"end":{"line":126,"column":3}},"type":"if","locations":[{"start":{"line":65,"column":9},"end":{"line":126,"column":3}},{"start":{"line":67,"column":9},"end":{"line":126,"column":3}}],"line":65},"24":{"loc":{"start":{"line":67,"column":9},"end":{"line":126,"column":3}},"type":"if","locations":[{"start":{"line":67,"column":9},"end":{"line":126,"column":3}},{"start":{"line":69,"column":9},"end":{"line":126,"column":3}}],"line":67},"25":{"loc":{"start":{"line":69,"column":9},"end":{"line":126,"column":3}},"type":"if","locations":[{"start":{"line":69,"column":9},"end":{"line":126,"column":3}},{"start":{"line":71,"column":9},"end":{"line":126,"column":3}}],"line":69},"26":{"loc":{"start":{"line":71,"column":9},"end":{"line":126,"column":3}},"type":"if","locations":[{"start":{"line":71,"column":9},"end":{"line":126,"column":3}},{"start":{"line":75,"column":9},"end":{"line":126,"column":3}}],"line":71},"27":{"loc":{"start":{"line":75,"column":9},"end":{"line":126,"column":3}},"type":"if","locations":[{"start":{"line":75,"column":9},"end":{"line":126,"column":3}},{"start":{"line":79,"column":9},"end":{"line":126,"column":3}}],"line":75},"28":{"loc":{"start":{"line":79,"column":9},"end":{"line":126,"column":3}},"type":"if","locations":[{"start":{"line":79,"column":9},"end":{"line":126,"column":3}},{"start":{"line":81,"column":9},"end":{"line":126,"column":3}}],"line":79},"29":{"loc":{"start":{"line":81,"column":9},"end":{"line":126,"column":3}},"type":"if","locations":[{"start":{"line":81,"column":9},"end":{"line":126,"column":3}},{"start":{"line":85,"column":9},"end":{"line":126,"column":3}}],"line":81},"30":{"loc":{"start":{"line":85,"column":9},"end":{"line":126,"column":3}},"type":"if","locations":[{"start":{"line":85,"column":9},"end":{"line":126,"column":3}},{"start":{"line":90,"column":9},"end":{"line":126,"column":3}}],"line":85},"31":{"loc":{"start":{"line":90,"column":9},"end":{"line":126,"column":3}},"type":"if","locations":[{"start":{"line":90,"column":9},"end":{"line":126,"column":3}},{"start":{"line":94,"column":9},"end":{"line":126,"column":3}}],"line":90},"32":{"loc":{"start":{"line":94,"column":9},"end":{"line":126,"column":3}},"type":"if","locations":[{"start":{"line":94,"column":9},"end":{"line":126,"column":3}},{"start":{"line":98,"column":9},"end":{"line":126,"column":3}}],"line":94},"33":{"loc":{"start":{"line":98,"column":9},"end":{"line":126,"column":3}},"type":"if","locations":[{"start":{"line":98,"column":9},"end":{"line":126,"column":3}},{"start":{"line":102,"column":9},"end":{"line":126,"column":3}}],"line":98},"34":{"loc":{"start":{"line":102,"column":9},"end":{"line":126,"column":3}},"type":"if","locations":[{"start":{"line":102,"column":9},"end":{"line":126,"column":3}},{"start":{"line":106,"column":9},"end":{"line":126,"column":3}}],"line":102},"35":{"loc":{"start":{"line":106,"column":9},"end":{"line":126,"column":3}},"type":"if","locations":[{"start":{"line":106,"column":9},"end":{"line":126,"column":3}},{"start":{"line":110,"column":9},"end":{"line":126,"column":3}}],"line":106},"36":{"loc":{"start":{"line":110,"column":9},"end":{"line":126,"column":3}},"type":"if","locations":[{"start":{"line":110,"column":9},"end":{"line":126,"column":3}},{"start":{"line":114,"column":9},"end":{"line":126,"column":3}}],"line":110},"37":{"loc":{"start":{"line":114,"column":9},"end":{"line":126,"column":3}},"type":"if","locations":[{"start":{"line":114,"column":9},"end":{"line":126,"column":3}},{"start":{"line":116,"column":9},"end":{"line":126,"column":3}}],"line":114},"38":{"loc":{"start":{"line":116,"column":9},"end":{"line":126,"column":3}},"type":"if","locations":[{"start":{"line":116,"column":9},"end":{"line":126,"column":3}},{"start":{"line":118,"column":9},"end":{"line":126,"column":3}}],"line":116},"39":{"loc":{"start":{"line":118,"column":9},"end":{"line":126,"column":3}},"type":"if","locations":[{"start":{"line":118,"column":9},"end":{"line":126,"column":3}},{"start":{"line":120,"column":9},"end":{"line":126,"column":3}}],"line":118},"40":{"loc":{"start":{"line":120,"column":9},"end":{"line":126,"column":3}},"type":"if","locations":[{"start":{"line":120,"column":9},"end":{"line":126,"column":3}},{"start":{"line":122,"column":9},"end":{"line":126,"column":3}}],"line":120},"41":{"loc":{"start":{"line":122,"column":9},"end":{"line":126,"column":3}},"type":"if","locations":[{"start":{"line":122,"column":9},"end":{"line":126,"column":3}},{"start":{"line":124,"column":9},"end":{"line":126,"column":3}}],"line":122}},"s":{"0":109,"1":109,"2":35,"3":74,"4":1,"5":73,"6":0,"7":73,"8":2,"9":71,"10":0,"11":71,"12":1,"13":70,"14":0,"15":70,"16":1,"17":69,"18":2,"19":67,"20":2,"21":65,"22":2,"23":63,"24":2,"25":61,"26":2,"27":59,"28":2,"29":57,"30":2,"31":55,"32":2,"33":53,"34":1,"35":52,"36":0,"37":52,"38":2,"39":50,"40":2,"41":48,"42":2,"43":46,"44":2,"45":44,"46":2,"47":42,"48":2,"49":40,"50":2,"51":38,"52":0,"53":38,"54":0,"55":38,"56":2,"57":36,"58":2,"59":34,"60":1,"61":33,"62":1,"63":32,"64":2,"65":30,"66":2,"67":28,"68":2,"69":26,"70":1,"71":25,"72":3,"73":22,"74":4,"75":18,"76":4,"77":14,"78":5,"79":9,"80":5,"81":4,"82":4,"83":0,"84":1},"f":{"0":109},"b":{"0":[35,74],"1":[109,74],"2":[1,73],"3":[0,73],"4":[2,71],"5":[0,71],"6":[1,70],"7":[0,70],"8":[1,69],"9":[2,67],"10":[2,65],"11":[2,63],"12":[2,61],"13":[2,59],"14":[2,57],"15":[2,55],"16":[2,53],"17":[1,52],"18":[0,52],"19":[2,50],"20":[2,48],"21":[2,46],"22":[2,44],"23":[2,42],"24":[2,40],"25":[2,38],"26":[0,38],"27":[0,38],"28":[2,36],"29":[2,34],"30":[1,33],"31":[1,32],"32":[2,30],"33":[2,28],"34":[2,26],"35":[1,25],"36":[3,22],"37":[4,18],"38":[4,14],"39":[5,9],"40":[5,4],"41":[4,0]},"_coverageSchema":"1a1c01bbd47fc00a2c39e90264f33305004495a9","hash":"2e8e67e5eff910ac0f6c47a73bcc8ce4e5f147a7"}
,"E:\\Angga\\HACKTIV8\\PHASE 3\\TemanMain\\TemanMain - W3D3\\TemanMain\\server\\services\\app\\models\\category.js": {"path":"E:\\Angga\\HACKTIV8\\PHASE 3\\TemanMain\\TemanMain - W3D3\\TemanMain\\server\\services\\app\\models\\category.js","statementMap":{"0":{"start":{"line":2,"column":18},"end":{"line":2,"column":38}},"1":{"start":{"line":3,"column":0},"end":{"line":48,"column":2}},"2":{"start":{"line":12,"column":6},"end":{"line":12,"column":67}},"3":{"start":{"line":15,"column":2},"end":{"line":46,"column":4}},"4":{"start":{"line":47,"column":2},"end":{"line":47,"column":18}}},"fnMap":{"0":{"name":"(anonymous_0)","decl":{"start":{"line":3,"column":17},"end":{"line":3,"column":18}},"loc":{"start":{"line":3,"column":43},"end":{"line":48,"column":1}},"line":3},"1":{"name":"(anonymous_1)","decl":{"start":{"line":10,"column":4},"end":{"line":10,"column":5}},"loc":{"start":{"line":10,"column":29},"end":{"line":13,"column":5}},"line":10}},"branchMap":{},"s":{"0":1,"1":1,"2":1,"3":1,"4":1},"f":{"0":1,"1":1},"b":{},"_coverageSchema":"1a1c01bbd47fc00a2c39e90264f33305004495a9","hash":"bab98f97108a48a5b5eea2e1856d081cce4543ea"}
,"E:\\Angga\\HACKTIV8\\PHASE 3\\TemanMain\\TemanMain - W3D3\\TemanMain\\server\\services\\app\\models\\event.js": {"path":"E:\\Angga\\HACKTIV8\\PHASE 3\\TemanMain\\TemanMain - W3D3\\TemanMain\\server\\services\\app\\models\\event.js","statementMap":{"0":{"start":{"line":2,"column":18},"end":{"line":2,"column":38}},"1":{"start":{"line":3,"column":0},"end":{"line":154,"column":2}},"2":{"start":{"line":12,"column":6},"end":{"line":12,"column":62}},"3":{"start":{"line":13,"column":6},"end":{"line":13,"column":69}},"4":{"start":{"line":14,"column":6},"end":{"line":14,"column":62}},"5":{"start":{"line":15,"column":6},"end":{"line":15,"column":63}},"6":{"start":{"line":16,"column":6},"end":{"line":16,"column":66}},"7":{"start":{"line":19,"column":2},"end":{"line":152,"column":4}},"8":{"start":{"line":153,"column":2},"end":{"line":153,"column":15}}},"fnMap":{"0":{"name":"(anonymous_0)","decl":{"start":{"line":3,"column":17},"end":{"line":3,"column":18}},"loc":{"start":{"line":3,"column":43},"end":{"line":154,"column":1}},"line":3},"1":{"name":"(anonymous_1)","decl":{"start":{"line":10,"column":4},"end":{"line":10,"column":5}},"loc":{"start":{"line":10,"column":29},"end":{"line":17,"column":5}},"line":10}},"branchMap":{},"s":{"0":1,"1":1,"2":1,"3":1,"4":1,"5":1,"6":1,"7":1,"8":1},"f":{"0":1,"1":1},"b":{},"_coverageSchema":"1a1c01bbd47fc00a2c39e90264f33305004495a9","hash":"3cb881a8401f0645cd300fd5bdafa1f237061b22"}
,"E:\\Angga\\HACKTIV8\\PHASE 3\\TemanMain\\TemanMain - W3D3\\TemanMain\\server\\services\\app\\models\\index.js": {"path":"E:\\Angga\\HACKTIV8\\PHASE 3\\TemanMain\\TemanMain - W3D3\\TemanMain\\server\\services\\app\\models\\index.js","statementMap":{"0":{"start":{"line":3,"column":11},"end":{"line":3,"column":24}},"1":{"start":{"line":4,"column":13},"end":{"line":4,"column":28}},"2":{"start":{"line":5,"column":18},"end":{"line":5,"column":38}},"3":{"start":{"line":6,"column":17},"end":{"line":6,"column":42}},"4":{"start":{"line":7,"column":12},"end":{"line":7,"column":49}},"5":{"start":{"line":8,"column":15},"end":{"line":8,"column":65}},"6":{"start":{"line":9,"column":11},"end":{"line":9,"column":13}},"7":{"start":{"line":12,"column":0},"end":{"line":16,"column":1}},"8":{"start":{"line":13,"column":2},"end":{"line":13,"column":74}},"9":{"start":{"line":15,"column":2},"end":{"line":15,"column":87}},"10":{"start":{"line":18,"column":0},"end":{"line":26,"column":5}},"11":{"start":{"line":21,"column":4},"end":{"line":21,"column":90}},"12":{"start":{"line":24,"column":18},"end":{"line":24,"column":85}},"13":{"start":{"line":25,"column":4},"end":{"line":25,"column":27}},"14":{"start":{"line":28,"column":0},"end":{"line":32,"column":3}},"15":{"start":{"line":29,"column":2},"end":{"line":31,"column":3}},"16":{"start":{"line":30,"column":4},"end":{"line":30,"column":32}},"17":{"start":{"line":34,"column":0},"end":{"line":34,"column":25}},"18":{"start":{"line":35,"column":0},"end":{"line":35,"column":25}},"19":{"start":{"line":37,"column":0},"end":{"line":37,"column":20}}},"fnMap":{"0":{"name":"(anonymous_0)","decl":{"start":{"line":20,"column":10},"end":{"line":20,"column":11}},"loc":{"start":{"line":20,"column":18},"end":{"line":22,"column":3}},"line":20},"1":{"name":"(anonymous_1)","decl":{"start":{"line":23,"column":11},"end":{"line":23,"column":12}},"loc":{"start":{"line":23,"column":19},"end":{"line":26,"column":3}},"line":23},"2":{"name":"(anonymous_2)","decl":{"start":{"line":28,"column":24},"end":{"line":28,"column":25}},"loc":{"start":{"line":28,"column":37},"end":{"line":32,"column":1}},"line":28}},"branchMap":{"0":{"loc":{"start":{"line":7,"column":12},"end":{"line":7,"column":49}},"type":"binary-expr","locations":[{"start":{"line":7,"column":12},"end":{"line":7,"column":32}},{"start":{"line":7,"column":36},"end":{"line":7,"column":49}}],"line":7},"1":{"loc":{"start":{"line":12,"column":0},"end":{"line":16,"column":1}},"type":"if","locations":[{"start":{"line":12,"column":0},"end":{"line":16,"column":1}},{"start":{"line":14,"column":7},"end":{"line":16,"column":1}}],"line":12},"2":{"loc":{"start":{"line":21,"column":11},"end":{"line":21,"column":89}},"type":"binary-expr","locations":[{"start":{"line":21,"column":12},"end":{"line":21,"column":35}},{"start":{"line":21,"column":41},"end":{"line":21,"column":58}},{"start":{"line":21,"column":64},"end":{"line":21,"column":88}}],"line":21},"3":{"loc":{"start":{"line":29,"column":2},"end":{"line":31,"column":3}},"type":"if","locations":[{"start":{"line":29,"column":2},"end":{"line":31,"column":3}},{"start":{},"end":{}}],"line":29}},"s":{"0":1,"1":1,"2":1,"3":1,"4":1,"5":1,"6":1,"7":1,"8":0,"9":1,"10":1,"11":7,"12":6,"13":6,"14":1,"15":6,"16":6,"17":1,"18":1,"19":1},"f":{"0":7,"1":6,"2":6},"b":{"0":[1,0],"1":[0,1],"2":[7,7,6],"3":[6,0]},"_coverageSchema":"1a1c01bbd47fc00a2c39e90264f33305004495a9","hash":"161b31900038e8dc6f0e61bdd88d608d5b0dbba3"}
,"E:\\Angga\\HACKTIV8\\PHASE 3\\TemanMain\\TemanMain - W3D3\\TemanMain\\server\\services\\app\\models\\invitation.js": {"path":"E:\\Angga\\HACKTIV8\\PHASE 3\\TemanMain\\TemanMain - W3D3\\TemanMain\\server\\services\\app\\models\\invitation.js","statementMap":{"0":{"start":{"line":2,"column":18},"end":{"line":2,"column":38}},"1":{"start":{"line":3,"column":0},"end":{"line":75,"column":2}},"2":{"start":{"line":13,"column":6},"end":{"line":13,"column":68}},"3":{"start":{"line":14,"column":6},"end":{"line":14,"column":70}},"4":{"start":{"line":17,"column":2},"end":{"line":73,"column":4}},"5":{"start":{"line":74,"column":2},"end":{"line":74,"column":20}}},"fnMap":{"0":{"name":"(anonymous_0)","decl":{"start":{"line":3,"column":17},"end":{"line":3,"column":18}},"loc":{"start":{"line":3,"column":43},"end":{"line":75,"column":1}},"line":3},"1":{"name":"(anonymous_1)","decl":{"start":{"line":10,"column":4},"end":{"line":10,"column":5}},"loc":{"start":{"line":10,"column":29},"end":{"line":15,"column":5}},"line":10}},"branchMap":{},"s":{"0":1,"1":1,"2":1,"3":1,"4":1,"5":1},"f":{"0":1,"1":1},"b":{},"_coverageSchema":"1a1c01bbd47fc00a2c39e90264f33305004495a9","hash":"9ad8d62d846f12dec67a722ee150c75420b7a6c7"}
,"E:\\Angga\\HACKTIV8\\PHASE 3\\TemanMain\\TemanMain - W3D3\\TemanMain\\server\\services\\app\\models\\magnet.js": {"path":"E:\\Angga\\HACKTIV8\\PHASE 3\\TemanMain\\TemanMain - W3D3\\TemanMain\\server\\services\\app\\models\\magnet.js","statementMap":{"0":{"start":{"line":2,"column":18},"end":{"line":2,"column":38}},"1":{"start":{"line":3,"column":0},"end":{"line":112,"column":2}},"2":{"start":{"line":12,"column":6},"end":{"line":12,"column":64}},"3":{"start":{"line":13,"column":6},"end":{"line":13,"column":68}},"4":{"start":{"line":14,"column":6},"end":{"line":14,"column":65}},"5":{"start":{"line":17,"column":2},"end":{"line":110,"column":4}},"6":{"start":{"line":111,"column":2},"end":{"line":111,"column":16}}},"fnMap":{"0":{"name":"(anonymous_0)","decl":{"start":{"line":3,"column":17},"end":{"line":3,"column":18}},"loc":{"start":{"line":3,"column":43},"end":{"line":112,"column":1}},"line":3},"1":{"name":"(anonymous_1)","decl":{"start":{"line":10,"column":4},"end":{"line":10,"column":5}},"loc":{"start":{"line":10,"column":29},"end":{"line":15,"column":5}},"line":10}},"branchMap":{},"s":{"0":1,"1":1,"2":1,"3":1,"4":1,"5":1,"6":1},"f":{"0":1,"1":1},"b":{},"_coverageSchema":"1a1c01bbd47fc00a2c39e90264f33305004495a9","hash":"c7b2875552c5a829dfbab2bdcb80032532736f75"}
,"E:\\Angga\\HACKTIV8\\PHASE 3\\TemanMain\\TemanMain - W3D3\\TemanMain\\server\\services\\app\\models\\request.js": {"path":"E:\\Angga\\HACKTIV8\\PHASE 3\\TemanMain\\TemanMain - W3D3\\TemanMain\\server\\services\\app\\models\\request.js","statementMap":{"0":{"start":{"line":2,"column":18},"end":{"line":2,"column":38}},"1":{"start":{"line":3,"column":0},"end":{"line":42,"column":2}},"2":{"start":{"line":13,"column":6},"end":{"line":13,"column":65}},"3":{"start":{"line":14,"column":6},"end":{"line":14,"column":67}},"4":{"start":{"line":17,"column":2},"end":{"line":40,"column":4}},"5":{"start":{"line":41,"column":2},"end":{"line":41,"column":17}}},"fnMap":{"0":{"name":"(anonymous_0)","decl":{"start":{"line":3,"column":17},"end":{"line":3,"column":18}},"loc":{"start":{"line":3,"column":43},"end":{"line":42,"column":1}},"line":3},"1":{"name":"(anonymous_1)","decl":{"start":{"line":10,"column":4},"end":{"line":10,"column":5}},"loc":{"start":{"line":10,"column":29},"end":{"line":15,"column":5}},"line":10}},"branchMap":{},"s":{"0":1,"1":1,"2":1,"3":1,"4":1,"5":1},"f":{"0":1,"1":1},"b":{},"_coverageSchema":"1a1c01bbd47fc00a2c39e90264f33305004495a9","hash":"9885a4d0f5a1ea23a706748c0e264d424245732d"}
,"E:\\Angga\\HACKTIV8\\PHASE 3\\TemanMain\\TemanMain - W3D3\\TemanMain\\server\\services\\app\\models\\user.js": {"path":"E:\\Angga\\HACKTIV8\\PHASE 3\\TemanMain\\TemanMain - W3D3\\TemanMain\\server\\services\\app\\models\\user.js","statementMap":{"0":{"start":{"line":2,"column":18},"end":{"line":2,"column":38}},"1":{"start":{"line":3,"column":0},"end":{"line":39,"column":2}},"2":{"start":{"line":12,"column":6},"end":{"line":12,"column":60}},"3":{"start":{"line":13,"column":6},"end":{"line":13,"column":61}},"4":{"start":{"line":14,"column":6},"end":{"line":14,"column":64}},"5":{"start":{"line":18,"column":2},"end":{"line":37,"column":4}},"6":{"start":{"line":38,"column":2},"end":{"line":38,"column":14}}},"fnMap":{"0":{"name":"(anonymous_0)","decl":{"start":{"line":3,"column":17},"end":{"line":3,"column":18}},"loc":{"start":{"line":3,"column":43},"end":{"line":39,"column":1}},"line":3},"1":{"name":"(anonymous_1)","decl":{"start":{"line":10,"column":4},"end":{"line":10,"column":5}},"loc":{"start":{"line":10,"column":29},"end":{"line":16,"column":5}},"line":10}},"branchMap":{},"s":{"0":1,"1":1,"2":1,"3":1,"4":1,"5":1,"6":1},"f":{"0":1,"1":1},"b":{},"_coverageSchema":"1a1c01bbd47fc00a2c39e90264f33305004495a9","hash":"a9a991ffc9ecb6600ea68f453c9c6b8661808f52"}
,"E:\\Angga\\HACKTIV8\\PHASE 3\\TemanMain\\TemanMain - W3D3\\TemanMain\\server\\services\\app\\routes\\categoryRouter.js": {"path":"E:\\Angga\\HACKTIV8\\PHASE 3\\TemanMain\\TemanMain - W3D3\\TemanMain\\server\\services\\app\\routes\\categoryRouter.js","statementMap":{"0":{"start":{"line":1,"column":27},"end":{"line":1,"column":71}},"1":{"start":{"line":2,"column":28},"end":{"line":2,"column":61}},"2":{"start":{"line":4,"column":15},"end":{"line":4,"column":42}},"3":{"start":{"line":6,"column":0},"end":{"line":6,"column":19}},"4":{"start":{"line":7,"column":0},"end":{"line":7,"column":51}},"5":{"start":{"line":8,"column":0},"end":{"line":8,"column":52}},"6":{"start":{"line":9,"column":0},"end":{"line":9,"column":77}},"7":{"start":{"line":10,"column":0},"end":{"line":14,"column":2}},"8":{"start":{"line":15,"column":0},"end":{"line":19,"column":2}},"9":{"start":{"line":21,"column":0},"end":{"line":21,"column":24}}},"fnMap":{},"branchMap":{},"s":{"0":1,"1":1,"2":1,"3":1,"4":1,"5":1,"6":1,"7":1,"8":1,"9":1},"f":{},"b":{},"_coverageSchema":"1a1c01bbd47fc00a2c39e90264f33305004495a9","hash":"5426346c767bfa75c4e51ab90be373c0805ba3de"}
,"E:\\Angga\\HACKTIV8\\PHASE 3\\TemanMain\\TemanMain - W3D3\\TemanMain\\server\\services\\app\\routes\\eventsRouter.js": {"path":"E:\\Angga\\HACKTIV8\\PHASE 3\\TemanMain\\TemanMain - W3D3\\TemanMain\\server\\services\\app\\routes\\eventsRouter.js","statementMap":{"0":{"start":{"line":1,"column":24},"end":{"line":1,"column":65}},"1":{"start":{"line":2,"column":42},"end":{"line":2,"column":75}},"2":{"start":{"line":4,"column":15},"end":{"line":4,"column":42}},"3":{"start":{"line":6,"column":0},"end":{"line":6,"column":46}},"4":{"start":{"line":7,"column":0},"end":{"line":7,"column":46}},"5":{"start":{"line":8,"column":0},"end":{"line":8,"column":68}},"6":{"start":{"line":9,"column":0},"end":{"line":13,"column":2}},"7":{"start":{"line":14,"column":0},"end":{"line":14,"column":51}},"8":{"start":{"line":15,"column":0},"end":{"line":15,"column":70}},"9":{"start":{"line":16,"column":0},"end":{"line":16,"column":24}}},"fnMap":{},"branchMap":{},"s":{"0":1,"1":1,"2":1,"3":1,"4":1,"5":1,"6":1,"7":1,"8":1,"9":1},"f":{},"b":{},"_coverageSchema":"1a1c01bbd47fc00a2c39e90264f33305004495a9","hash":"74e6449382e95f2fb7feb2f8ffe06bc23ee69028"}
,"E:\\Angga\\HACKTIV8\\PHASE 3\\TemanMain\\TemanMain - W3D3\\TemanMain\\server\\services\\app\\routes\\index.js": {"path":"E:\\Angga\\HACKTIV8\\PHASE 3\\TemanMain\\TemanMain - W3D3\\TemanMain\\server\\services\\app\\routes\\index.js","statementMap":{"0":{"start":{"line":1,"column":15},"end":{"line":1,"column":42}},"1":{"start":{"line":2,"column":23},"end":{"line":2,"column":58}},"2":{"start":{"line":3,"column":20},"end":{"line":3,"column":53}},"3":{"start":{"line":4,"column":21},"end":{"line":4,"column":55}},"4":{"start":{"line":5,"column":22},"end":{"line":5,"column":56}},"5":{"start":{"line":6,"column":25},"end":{"line":6,"column":62}},"6":{"start":{"line":8,"column":0},"end":{"line":8,"column":42}},"7":{"start":{"line":9,"column":0},"end":{"line":9,"column":35}},"8":{"start":{"line":10,"column":0},"end":{"line":10,"column":37}},"9":{"start":{"line":11,"column":0},"end":{"line":11,"column":39}},"10":{"start":{"line":12,"column":0},"end":{"line":12,"column":45}},"11":{"start":{"line":13,"column":0},"end":{"line":13,"column":24}}},"fnMap":{},"branchMap":{},"s":{"0":1,"1":1,"2":1,"3":1,"4":1,"5":1,"6":1,"7":1,"8":1,"9":1,"10":1,"11":1},"f":{},"b":{},"_coverageSchema":"1a1c01bbd47fc00a2c39e90264f33305004495a9","hash":"ce3c24b2fbe23cc434f56867f3212f683c74a90f"}
,"E:\\Angga\\HACKTIV8\\PHASE 3\\TemanMain\\TemanMain - W3D3\\TemanMain\\server\\services\\app\\routes\\invitationRouter.js": {"path":"E:\\Angga\\HACKTIV8\\PHASE 3\\TemanMain\\TemanMain - W3D3\\TemanMain\\server\\services\\app\\routes\\invitationRouter.js","statementMap":{"0":{"start":{"line":1,"column":29},"end":{"line":1,"column":75}},"1":{"start":{"line":7,"column":4},"end":{"line":7,"column":43}},"2":{"start":{"line":13,"column":4},"end":{"line":13,"column":37}},"3":{"start":{"line":15,"column":15},"end":{"line":15,"column":42}},"4":{"start":{"line":16,"column":0},"end":{"line":24,"column":2}},"5":{"start":{"line":25,"column":0},"end":{"line":25,"column":64}},"6":{"start":{"line":26,"column":0},"end":{"line":30,"column":2}},"7":{"start":{"line":31,"column":0},"end":{"line":35,"column":2}},"8":{"start":{"line":36,"column":0},"end":{"line":40,"column":2}},"9":{"start":{"line":41,"column":0},"end":{"line":45,"column":2}},"10":{"start":{"line":46,"column":0},"end":{"line":50,"column":2}},"11":{"start":{"line":52,"column":0},"end":{"line":52,"column":24}}},"fnMap":{},"branchMap":{},"s":{"0":1,"1":1,"2":1,"3":1,"4":1,"5":1,"6":1,"7":1,"8":1,"9":1,"10":1,"11":1},"f":{},"b":{},"_coverageSchema":"1a1c01bbd47fc00a2c39e90264f33305004495a9","hash":"cf9922353055541733fd5d7eddd558272cdee952"}
,"E:\\Angga\\HACKTIV8\\PHASE 3\\TemanMain\\TemanMain - W3D3\\TemanMain\\server\\services\\app\\routes\\magnetsRouter.js": {"path":"E:\\Angga\\HACKTIV8\\PHASE 3\\TemanMain\\TemanMain - W3D3\\TemanMain\\server\\services\\app\\routes\\magnetsRouter.js","statementMap":{"0":{"start":{"line":1,"column":15},"end":{"line":1,"column":42}},"1":{"start":{"line":2,"column":25},"end":{"line":2,"column":67}},"2":{"start":{"line":3,"column":32},"end":{"line":3,"column":71}},"3":{"start":{"line":4,"column":46},"end":{"line":4,"column":79}},"4":{"start":{"line":6,"column":0},"end":{"line":6,"column":48}},"5":{"start":{"line":7,"column":0},"end":{"line":7,"column":56}},"6":{"start":{"line":8,"column":0},"end":{"line":8,"column":72}},"7":{"start":{"line":9,"column":0},"end":{"line":9,"column":68}},"8":{"start":{"line":10,"column":0},"end":{"line":10,"column":75}},"9":{"start":{"line":11,"column":0},"end":{"line":11,"column":80}},"10":{"start":{"line":12,"column":0},"end":{"line":12,"column":24}}},"fnMap":{},"branchMap":{},"s":{"0":1,"1":1,"2":1,"3":1,"4":1,"5":1,"6":1,"7":1,"8":1,"9":1,"10":1},"f":{},"b":{},"_coverageSchema":"1a1c01bbd47fc00a2c39e90264f33305004495a9","hash":"909cefdaba08049a3d7dfacf9c1b2e3fd422e8c2"}
,"E:\\Angga\\HACKTIV8\\PHASE 3\\TemanMain\\TemanMain - W3D3\\TemanMain\\server\\services\\app\\routes\\requestRouter.js": {"path":"E:\\Angga\\HACKTIV8\\PHASE 3\\TemanMain\\TemanMain - W3D3\\TemanMain\\server\\services\\app\\routes\\requestRouter.js","statementMap":{"0":{"start":{"line":1,"column":15},"end":{"line":1,"column":42}},"1":{"start":{"line":2,"column":26},"end":{"line":2,"column":69}},"2":{"start":{"line":8,"column":4},"end":{"line":8,"column":43}},"3":{"start":{"line":14,"column":4},"end":{"line":14,"column":37}},"4":{"start":{"line":16,"column":0},"end":{"line":16,"column":58}},"5":{"start":{"line":17,"column":0},"end":{"line":24,"column":2}},"6":{"start":{"line":25,"column":0},"end":{"line":29,"column":2}},"7":{"start":{"line":30,"column":0},"end":{"line":34,"column":2}},"8":{"start":{"line":35,"column":0},"end":{"line":39,"column":2}},"9":{"start":{"line":41,"column":0},"end":{"line":45,"column":2}},"10":{"start":{"line":46,"column":0},"end":{"line":50,"column":2}},"11":{"start":{"line":52,"column":0},"end":{"line":52,"column":24}}},"fnMap":{},"branchMap":{},"s":{"0":1,"1":1,"2":1,"3":1,"4":1,"5":1,"6":1,"7":1,"8":1,"9":1,"10":1,"11":1},"f":{},"b":{},"_coverageSchema":"1a1c01bbd47fc00a2c39e90264f33305004495a9","hash":"42b047e181fa86f286c757d66385e969b1a25733"}
}
