{"E:\\Angga\\HACKTIV8\\PHASE 3\\TemanMain\\TemanMain - W3D2\\TemanMain\\server\\services\\app\\app.js": {"path":"E:\\Angga\\HACKTIV8\\PHASE 3\\TemanMain\\TemanMain - W3D2\\TemanMain\\server\\services\\app\\app.js","statementMap":{"0":{"start":{"line":1,"column":16},"end":{"line":1,"column":34}},"1":{"start":{"line":2,"column":12},"end":{"line":2,"column":21}},"2":{"start":{"line":3,"column":13},"end":{"line":3,"column":28}},"3":{"start":{"line":4,"column":15},"end":{"line":4,"column":34}},"4":{"start":{"line":5,"column":21},"end":{"line":5,"column":58}},"5":{"start":{"line":6,"column":13},"end":{"line":6,"column":37}},"6":{"start":{"line":8,"column":0},"end":{"line":8,"column":16}},"7":{"start":{"line":9,"column":0},"end":{"line":9,"column":48}},"8":{"start":{"line":10,"column":0},"end":{"line":10,"column":24}},"9":{"start":{"line":12,"column":0},"end":{"line":12,"column":16}},"10":{"start":{"line":13,"column":0},"end":{"line":13,"column":22}},"11":{"start":{"line":19,"column":0},"end":{"line":19,"column":21}}},"fnMap":{},"branchMap":{"0":{"loc":{"start":{"line":6,"column":13},"end":{"line":6,"column":37}},"type":"binary-expr","locations":[{"start":{"line":6,"column":13},"end":{"line":6,"column":29}},{"start":{"line":6,"column":33},"end":{"line":6,"column":37}}],"line":6}},"s":{"0":1,"1":1,"2":1,"3":1,"4":1,"5":1,"6":1,"7":1,"8":1,"9":1,"10":1,"11":1},"f":{},"b":{"0":[1,1]},"_coverageSchema":"1a1c01bbd47fc00a2c39e90264f33305004495a9","hash":"1bfa5de7ef284508bd024544527936fb4692100c"}
,"E:\\Angga\\HACKTIV8\\PHASE 3\\TemanMain\\TemanMain - W3D2\\TemanMain\\server\\services\\app\\controllers\\categoryController.js": {"path":"E:\\Angga\\HACKTIV8\\PHASE 3\\TemanMain\\TemanMain - W3D2\\TemanMain\\server\\services\\app\\controllers\\categoryController.js","statementMap":{"0":{"start":{"line":1,"column":21},"end":{"line":1,"column":41}},"1":{"start":{"line":5,"column":4},"end":{"line":11,"column":5}},"2":{"start":{"line":6,"column":25},"end":{"line":6,"column":49}},"3":{"start":{"line":8,"column":6},"end":{"line":8,"column":46}},"4":{"start":{"line":10,"column":6},"end":{"line":10,"column":18}},"5":{"start":{"line":15,"column":4},"end":{"line":24,"column":5}},"6":{"start":{"line":16,"column":30},"end":{"line":16,"column":38}},"7":{"start":{"line":17,"column":30},"end":{"line":20,"column":8}},"8":{"start":{"line":21,"column":6},"end":{"line":21,"column":77}},"9":{"start":{"line":23,"column":6},"end":{"line":23,"column":18}},"10":{"start":{"line":28,"column":4},"end":{"line":34,"column":5}},"11":{"start":{"line":29,"column":29},"end":{"line":29,"column":39}},"12":{"start":{"line":30,"column":29},"end":{"line":30,"column":64}},"13":{"start":{"line":31,"column":6},"end":{"line":31,"column":43}},"14":{"start":{"line":33,"column":6},"end":{"line":33,"column":18}},"15":{"start":{"line":38,"column":4},"end":{"line":61,"column":5}},"16":{"start":{"line":39,"column":29},"end":{"line":39,"column":39}},"17":{"start":{"line":40,"column":30},"end":{"line":40,"column":38}},"18":{"start":{"line":41,"column":6},"end":{"line":43,"column":7}},"19":{"start":{"line":42,"column":8},"end":{"line":42,"column":39}},"20":{"start":{"line":44,"column":6},"end":{"line":46,"column":7}},"21":{"start":{"line":45,"column":8},"end":{"line":45,"column":38}},"22":{"start":{"line":47,"column":29},"end":{"line":57,"column":7}},"23":{"start":{"line":58,"column":6},"end":{"line":58,"column":72}},"24":{"start":{"line":60,"column":6},"end":{"line":60,"column":18}},"25":{"start":{"line":65,"column":4},"end":{"line":75,"column":5}},"26":{"start":{"line":66,"column":29},"end":{"line":66,"column":39}},"27":{"start":{"line":67,"column":29},"end":{"line":71,"column":8}},"28":{"start":{"line":72,"column":6},"end":{"line":72,"column":73}},"29":{"start":{"line":74,"column":6},"end":{"line":74,"column":18}},"30":{"start":{"line":79,"column":0},"end":{"line":79,"column":36}}},"fnMap":{"0":{"name":"(anonymous_0)","decl":{"start":{"line":4,"column":2},"end":{"line":4,"column":3}},"loc":{"start":{"line":4,"column":46},"end":{"line":12,"column":3}},"line":4},"1":{"name":"(anonymous_1)","decl":{"start":{"line":14,"column":2},"end":{"line":14,"column":3}},"loc":{"start":{"line":14,"column":46},"end":{"line":25,"column":3}},"line":14},"2":{"name":"(anonymous_2)","decl":{"start":{"line":27,"column":2},"end":{"line":27,"column":3}},"loc":{"start":{"line":27,"column":48},"end":{"line":35,"column":3}},"line":27},"3":{"name":"(anonymous_3)","decl":{"start":{"line":37,"column":2},"end":{"line":37,"column":3}},"loc":{"start":{"line":37,"column":44},"end":{"line":62,"column":3}},"line":37},"4":{"name":"(anonymous_4)","decl":{"start":{"line":64,"column":2},"end":{"line":64,"column":3}},"loc":{"start":{"line":64,"column":46},"end":{"line":76,"column":3}},"line":64}},"branchMap":{"0":{"loc":{"start":{"line":41,"column":6},"end":{"line":43,"column":7}},"type":"if","locations":[{"start":{"line":41,"column":6},"end":{"line":43,"column":7}},{"start":{},"end":{}}],"line":41},"1":{"loc":{"start":{"line":44,"column":6},"end":{"line":46,"column":7}},"type":"if","locations":[{"start":{"line":44,"column":6},"end":{"line":46,"column":7}},{"start":{},"end":{}}],"line":44}},"s":{"0":1,"1":1,"2":1,"3":1,"4":0,"5":5,"6":5,"7":5,"8":1,"9":4,"10":1,"11":1,"12":1,"13":1,"14":0,"15":5,"16":5,"17":5,"18":5,"19":2,"20":3,"21":2,"22":1,"23":1,"24":4,"25":1,"26":1,"27":1,"28":1,"29":0,"30":1},"f":{"0":1,"1":5,"2":1,"3":5,"4":1},"b":{"0":[2,3],"1":[2,1]},"_coverageSchema":"1a1c01bbd47fc00a2c39e90264f33305004495a9","hash":"4b405e1e2449ce5289143e510222c8a6a6f66e8b"}
,"E:\\Angga\\HACKTIV8\\PHASE 3\\TemanMain\\TemanMain - W3D2\\TemanMain\\server\\services\\app\\controllers\\eventController.js": {"path":"E:\\Angga\\HACKTIV8\\PHASE 3\\TemanMain\\TemanMain - W3D2\\TemanMain\\server\\services\\app\\controllers\\eventController.js","statementMap":{"0":{"start":{"line":1,"column":36},"end":{"line":1,"column":56}},"1":{"start":{"line":5,"column":4},"end":{"line":15,"column":5}},"2":{"start":{"line":6,"column":21},"end":{"line":10,"column":8}},"3":{"start":{"line":12,"column":6},"end":{"line":12,"column":42}},"4":{"start":{"line":14,"column":6},"end":{"line":14,"column":18}},"5":{"start":{"line":19,"column":4},"end":{"line":37,"column":5}},"6":{"start":{"line":20,"column":26},"end":{"line":20,"column":36}},"7":{"start":{"line":21,"column":26},"end":{"line":33,"column":8}},"8":{"start":{"line":34,"column":6},"end":{"line":34,"column":40}},"9":{"start":{"line":36,"column":6},"end":{"line":36,"column":18}},"10":{"start":{"line":40,"column":4},"end":{"line":69,"column":5}},"11":{"start":{"line":41,"column":6},"end":{"line":41,"column":40}},"12":{"start":{"line":53,"column":10},"end":{"line":53,"column":18}},"13":{"start":{"line":54,"column":27},"end":{"line":65,"column":8}},"14":{"start":{"line":66,"column":6},"end":{"line":66,"column":74}},"15":{"start":{"line":68,"column":6},"end":{"line":68,"column":18}},"16":{"start":{"line":73,"column":4},"end":{"line":134,"column":5}},"17":{"start":{"line":74,"column":26},"end":{"line":74,"column":36}},"18":{"start":{"line":85,"column":10},"end":{"line":85,"column":18}},"19":{"start":{"line":86,"column":6},"end":{"line":88,"column":7}},"20":{"start":{"line":87,"column":8},"end":{"line":87,"column":42}},"21":{"start":{"line":89,"column":6},"end":{"line":91,"column":7}},"22":{"start":{"line":90,"column":8},"end":{"line":90,"column":41}},"23":{"start":{"line":92,"column":6},"end":{"line":94,"column":7}},"24":{"start":{"line":93,"column":8},"end":{"line":93,"column":45}},"25":{"start":{"line":95,"column":6},"end":{"line":97,"column":7}},"26":{"start":{"line":96,"column":8},"end":{"line":96,"column":48}},"27":{"start":{"line":98,"column":6},"end":{"line":100,"column":7}},"28":{"start":{"line":99,"column":8},"end":{"line":99,"column":41}},"29":{"start":{"line":101,"column":6},"end":{"line":103,"column":7}},"30":{"start":{"line":102,"column":8},"end":{"line":102,"column":41}},"31":{"start":{"line":104,"column":6},"end":{"line":106,"column":7}},"32":{"start":{"line":105,"column":8},"end":{"line":105,"column":45}},"33":{"start":{"line":107,"column":6},"end":{"line":109,"column":7}},"34":{"start":{"line":108,"column":8},"end":{"line":108,"column":42}},"35":{"start":{"line":110,"column":6},"end":{"line":112,"column":7}},"36":{"start":{"line":111,"column":8},"end":{"line":111,"column":42}},"37":{"start":{"line":113,"column":26},"end":{"line":130,"column":7}},"38":{"start":{"line":131,"column":6},"end":{"line":131,"column":69}},"39":{"start":{"line":133,"column":6},"end":{"line":133,"column":18}},"40":{"start":{"line":138,"column":4},"end":{"line":148,"column":5}},"41":{"start":{"line":139,"column":26},"end":{"line":139,"column":36}},"42":{"start":{"line":140,"column":26},"end":{"line":144,"column":8}},"43":{"start":{"line":145,"column":6},"end":{"line":145,"column":70}},"44":{"start":{"line":147,"column":6},"end":{"line":147,"column":18}},"45":{"start":{"line":152,"column":4},"end":{"line":165,"column":5}},"46":{"start":{"line":153,"column":29},"end":{"line":153,"column":39}},"47":{"start":{"line":154,"column":21},"end":{"line":161,"column":8}},"48":{"start":{"line":162,"column":6},"end":{"line":162,"column":35}},"49":{"start":{"line":164,"column":6},"end":{"line":164,"column":18}},"50":{"start":{"line":169,"column":0},"end":{"line":169,"column":33}}},"fnMap":{"0":{"name":"(anonymous_0)","decl":{"start":{"line":4,"column":2},"end":{"line":4,"column":3}},"loc":{"start":{"line":4,"column":44},"end":{"line":16,"column":3}},"line":4},"1":{"name":"(anonymous_1)","decl":{"start":{"line":18,"column":2},"end":{"line":18,"column":3}},"loc":{"start":{"line":18,"column":44},"end":{"line":38,"column":3}},"line":18},"2":{"name":"(anonymous_2)","decl":{"start":{"line":39,"column":2},"end":{"line":39,"column":3}},"loc":{"start":{"line":39,"column":43},"end":{"line":70,"column":3}},"line":39},"3":{"name":"(anonymous_3)","decl":{"start":{"line":72,"column":2},"end":{"line":72,"column":3}},"loc":{"start":{"line":72,"column":41},"end":{"line":135,"column":3}},"line":72},"4":{"name":"(anonymous_4)","decl":{"start":{"line":137,"column":2},"end":{"line":137,"column":3}},"loc":{"start":{"line":137,"column":43},"end":{"line":149,"column":3}},"line":137},"5":{"name":"(anonymous_5)","decl":{"start":{"line":151,"column":2},"end":{"line":151,"column":3}},"loc":{"start":{"line":151,"column":52},"end":{"line":166,"column":3}},"line":151}},"branchMap":{"0":{"loc":{"start":{"line":86,"column":6},"end":{"line":88,"column":7}},"type":"if","locations":[{"start":{"line":86,"column":6},"end":{"line":88,"column":7}},{"start":{},"end":{}}],"line":86},"1":{"loc":{"start":{"line":89,"column":6},"end":{"line":91,"column":7}},"type":"if","locations":[{"start":{"line":89,"column":6},"end":{"line":91,"column":7}},{"start":{},"end":{}}],"line":89},"2":{"loc":{"start":{"line":92,"column":6},"end":{"line":94,"column":7}},"type":"if","locations":[{"start":{"line":92,"column":6},"end":{"line":94,"column":7}},{"start":{},"end":{}}],"line":92},"3":{"loc":{"start":{"line":95,"column":6},"end":{"line":97,"column":7}},"type":"if","locations":[{"start":{"line":95,"column":6},"end":{"line":97,"column":7}},{"start":{},"end":{}}],"line":95},"4":{"loc":{"start":{"line":98,"column":6},"end":{"line":100,"column":7}},"type":"if","locations":[{"start":{"line":98,"column":6},"end":{"line":100,"column":7}},{"start":{},"end":{}}],"line":98},"5":{"loc":{"start":{"line":101,"column":6},"end":{"line":103,"column":7}},"type":"if","locations":[{"start":{"line":101,"column":6},"end":{"line":103,"column":7}},{"start":{},"end":{}}],"line":101},"6":{"loc":{"start":{"line":104,"column":6},"end":{"line":106,"column":7}},"type":"if","locations":[{"start":{"line":104,"column":6},"end":{"line":106,"column":7}},{"start":{},"end":{}}],"line":104},"7":{"loc":{"start":{"line":107,"column":6},"end":{"line":109,"column":7}},"type":"if","locations":[{"start":{"line":107,"column":6},"end":{"line":109,"column":7}},{"start":{},"end":{}}],"line":107},"8":{"loc":{"start":{"line":110,"column":6},"end":{"line":112,"column":7}},"type":"if","locations":[{"start":{"line":110,"column":6},"end":{"line":112,"column":7}},{"start":{},"end":{}}],"line":110}},"s":{"0":1,"1":1,"2":1,"3":1,"4":0,"5":1,"6":1,"7":1,"8":1,"9":0,"10":20,"11":20,"12":20,"13":20,"14":1,"15":19,"16":18,"17":18,"18":18,"19":18,"20":1,"21":17,"22":2,"23":15,"24":2,"25":13,"26":2,"27":11,"28":2,"29":9,"30":2,"31":7,"32":2,"33":5,"34":2,"35":3,"36":2,"37":1,"38":1,"39":17,"40":1,"41":1,"42":1,"43":1,"44":0,"45":1,"46":1,"47":1,"48":1,"49":0,"50":1},"f":{"0":1,"1":1,"2":20,"3":18,"4":1,"5":1},"b":{"0":[1,17],"1":[2,15],"2":[2,13],"3":[2,11],"4":[2,9],"5":[2,7],"6":[2,5],"7":[2,3],"8":[2,1]},"_coverageSchema":"1a1c01bbd47fc00a2c39e90264f33305004495a9","hash":"c4e81319d7387dec3ea1ce3b47d84a2a542dbbf7"}
,"E:\\Angga\\HACKTIV8\\PHASE 3\\TemanMain\\TemanMain - W3D2\\TemanMain\\server\\services\\app\\controllers\\invitationController.js": {"path":"E:\\Angga\\HACKTIV8\\PHASE 3\\TemanMain\\TemanMain - W3D2\\TemanMain\\server\\services\\app\\controllers\\invitationController.js","statementMap":{"0":{"start":{"line":1,"column":31},"end":{"line":1,"column":51}},"1":{"start":{"line":2,"column":22},"end":{"line":2,"column":42}},"2":{"start":{"line":6,"column":4},"end":{"line":19,"column":5}},"3":{"start":{"line":7,"column":44},"end":{"line":7,"column":54}},"4":{"start":{"line":8,"column":40},"end":{"line":8,"column":48}},"5":{"start":{"line":9,"column":32},"end":{"line":15,"column":8}},"6":{"start":{"line":16,"column":6},"end":{"line":16,"column":75}},"7":{"start":{"line":18,"column":6},"end":{"line":18,"column":18}},"8":{"start":{"line":22,"column":4},"end":{"line":41,"column":5}},"9":{"start":{"line":23,"column":31},"end":{"line":23,"column":41}},"10":{"start":{"line":24,"column":40},"end":{"line":24,"column":48}},"11":{"start":{"line":25,"column":6},"end":{"line":27,"column":7}},"12":{"start":{"line":26,"column":8},"end":{"line":26,"column":41}},"13":{"start":{"line":28,"column":31},"end":{"line":37,"column":7}},"14":{"start":{"line":38,"column":6},"end":{"line":38,"column":74}},"15":{"start":{"line":40,"column":6},"end":{"line":40,"column":18}},"16":{"start":{"line":44,"column":4},"end":{"line":54,"column":5}},"17":{"start":{"line":45,"column":31},"end":{"line":45,"column":41}},"18":{"start":{"line":46,"column":31},"end":{"line":50,"column":8}},"19":{"start":{"line":51,"column":6},"end":{"line":51,"column":75}},"20":{"start":{"line":53,"column":6},"end":{"line":53,"column":18}},"21":{"start":{"line":57,"column":14},"end":{"line":57,"column":43}},"22":{"start":{"line":60,"column":4},"end":{"line":91,"column":5}},"23":{"start":{"line":61,"column":31},"end":{"line":61,"column":41}},"24":{"start":{"line":63,"column":33},"end":{"line":73,"column":7}},"25":{"start":{"line":74,"column":27},"end":{"line":74,"column":68}},"26":{"start":{"line":76,"column":27},"end":{"line":85,"column":7}},"27":{"start":{"line":86,"column":6},"end":{"line":86,"column":23}},"28":{"start":{"line":87,"column":6},"end":{"line":87,"column":63}},"29":{"start":{"line":89,"column":6},"end":{"line":89,"column":25}},"30":{"start":{"line":90,"column":6},"end":{"line":90,"column":18}},"31":{"start":{"line":94,"column":14},"end":{"line":94,"column":43}},"32":{"start":{"line":95,"column":4},"end":{"line":125,"column":5}},"33":{"start":{"line":96,"column":31},"end":{"line":96,"column":41}},"34":{"start":{"line":97,"column":31},"end":{"line":107,"column":7}},"35":{"start":{"line":108,"column":27},"end":{"line":108,"column":68}},"36":{"start":{"line":110,"column":27},"end":{"line":119,"column":7}},"37":{"start":{"line":120,"column":6},"end":{"line":120,"column":23}},"38":{"start":{"line":121,"column":6},"end":{"line":121,"column":77}},"39":{"start":{"line":123,"column":6},"end":{"line":123,"column":25}},"40":{"start":{"line":124,"column":6},"end":{"line":124,"column":18}},"41":{"start":{"line":128,"column":4},"end":{"line":138,"column":5}},"42":{"start":{"line":129,"column":26},"end":{"line":129,"column":37}},"43":{"start":{"line":130,"column":26},"end":{"line":134,"column":8}},"44":{"start":{"line":135,"column":6},"end":{"line":135,"column":40}},"45":{"start":{"line":137,"column":6},"end":{"line":137,"column":18}},"46":{"start":{"line":141,"column":4},"end":{"line":154,"column":5}},"47":{"start":{"line":142,"column":31},"end":{"line":142,"column":41}},"48":{"start":{"line":143,"column":31},"end":{"line":150,"column":8}},"49":{"start":{"line":151,"column":6},"end":{"line":151,"column":45}},"50":{"start":{"line":153,"column":6},"end":{"line":153,"column":18}},"51":{"start":{"line":158,"column":0},"end":{"line":158,"column":38}}},"fnMap":{"0":{"name":"(anonymous_0)","decl":{"start":{"line":5,"column":2},"end":{"line":5,"column":3}},"loc":{"start":{"line":5,"column":48},"end":{"line":20,"column":3}},"line":5},"1":{"name":"(anonymous_1)","decl":{"start":{"line":21,"column":2},"end":{"line":21,"column":3}},"loc":{"start":{"line":21,"column":57},"end":{"line":42,"column":3}},"line":21},"2":{"name":"(anonymous_2)","decl":{"start":{"line":43,"column":2},"end":{"line":43,"column":3}},"loc":{"start":{"line":43,"column":48},"end":{"line":55,"column":3}},"line":43},"3":{"name":"(anonymous_3)","decl":{"start":{"line":56,"column":2},"end":{"line":56,"column":3}},"loc":{"start":{"line":56,"column":48},"end":{"line":92,"column":3}},"line":56},"4":{"name":"(anonymous_4)","decl":{"start":{"line":93,"column":2},"end":{"line":93,"column":3}},"loc":{"start":{"line":93,"column":56},"end":{"line":126,"column":3}},"line":93},"5":{"name":"(anonymous_5)","decl":{"start":{"line":127,"column":2},"end":{"line":127,"column":3}},"loc":{"start":{"line":127,"column":53},"end":{"line":139,"column":3}},"line":127},"6":{"name":"(anonymous_6)","decl":{"start":{"line":140,"column":2},"end":{"line":140,"column":3}},"loc":{"start":{"line":140,"column":49},"end":{"line":155,"column":3}},"line":140}},"branchMap":{"0":{"loc":{"start":{"line":25,"column":6},"end":{"line":27,"column":7}},"type":"if","locations":[{"start":{"line":25,"column":6},"end":{"line":27,"column":7}},{"start":{},"end":{}}],"line":25}},"s":{"0":1,"1":1,"2":4,"3":4,"4":4,"5":4,"6":2,"7":2,"8":4,"9":4,"10":4,"11":4,"12":2,"13":2,"14":2,"15":2,"16":1,"17":1,"18":1,"19":1,"20":0,"21":1,"22":1,"23":1,"24":1,"25":1,"26":1,"27":1,"28":1,"29":0,"30":0,"31":1,"32":1,"33":1,"34":1,"35":1,"36":1,"37":1,"38":1,"39":0,"40":0,"41":1,"42":1,"43":1,"44":1,"45":0,"46":1,"47":1,"48":1,"49":1,"50":0,"51":1},"f":{"0":4,"1":4,"2":1,"3":1,"4":1,"5":1,"6":1},"b":{"0":[2,2]},"_coverageSchema":"1a1c01bbd47fc00a2c39e90264f33305004495a9","hash":"8d21827628bceed5072e0ce9ba5f39bfdd571ee1"}
,"E:\\Angga\\HACKTIV8\\PHASE 3\\TemanMain\\TemanMain - W3D2\\TemanMain\\server\\services\\app\\controllers\\magnetController.js": {"path":"E:\\Angga\\HACKTIV8\\PHASE 3\\TemanMain\\TemanMain - W3D2\\TemanMain\\server\\services\\app\\controllers\\magnetController.js","statementMap":{"0":{"start":{"line":1,"column":40},"end":{"line":1,"column":60}},"1":{"start":{"line":13,"column":4},"end":{"line":42,"column":5}},"2":{"start":{"line":23,"column":10},"end":{"line":23,"column":18}},"3":{"start":{"line":24,"column":28},"end":{"line":34,"column":8}},"4":{"start":{"line":35,"column":6},"end":{"line":38,"column":9}},"5":{"start":{"line":41,"column":6},"end":{"line":41,"column":18}},"6":{"start":{"line":46,"column":4},"end":{"line":99,"column":5}},"7":{"start":{"line":47,"column":27},"end":{"line":47,"column":37}},"8":{"start":{"line":56,"column":10},"end":{"line":56,"column":18}},"9":{"start":{"line":58,"column":6},"end":{"line":60,"column":7}},"10":{"start":{"line":59,"column":8},"end":{"line":59,"column":39}},"11":{"start":{"line":61,"column":6},"end":{"line":63,"column":7}},"12":{"start":{"line":62,"column":8},"end":{"line":62,"column":38}},"13":{"start":{"line":64,"column":6},"end":{"line":66,"column":7}},"14":{"start":{"line":65,"column":8},"end":{"line":65,"column":38}},"15":{"start":{"line":67,"column":6},"end":{"line":69,"column":7}},"16":{"start":{"line":68,"column":8},"end":{"line":68,"column":38}},"17":{"start":{"line":70,"column":6},"end":{"line":72,"column":7}},"18":{"start":{"line":71,"column":8},"end":{"line":71,"column":39}},"19":{"start":{"line":73,"column":6},"end":{"line":75,"column":7}},"20":{"start":{"line":74,"column":8},"end":{"line":74,"column":38}},"21":{"start":{"line":76,"column":6},"end":{"line":78,"column":7}},"22":{"start":{"line":77,"column":8},"end":{"line":77,"column":41}},"23":{"start":{"line":79,"column":28},"end":{"line":94,"column":7}},"24":{"start":{"line":95,"column":6},"end":{"line":95,"column":70}},"25":{"start":{"line":98,"column":6},"end":{"line":98,"column":18}},"26":{"start":{"line":103,"column":4},"end":{"line":114,"column":5}},"27":{"start":{"line":104,"column":27},"end":{"line":104,"column":37}},"28":{"start":{"line":106,"column":27},"end":{"line":110,"column":8}},"29":{"start":{"line":111,"column":6},"end":{"line":111,"column":71}},"30":{"start":{"line":113,"column":6},"end":{"line":113,"column":18}},"31":{"start":{"line":117,"column":4},"end":{"line":132,"column":5}},"32":{"start":{"line":118,"column":26},"end":{"line":118,"column":37}},"33":{"start":{"line":120,"column":25},"end":{"line":124,"column":8}},"34":{"start":{"line":126,"column":6},"end":{"line":128,"column":7}},"35":{"start":{"line":127,"column":8},"end":{"line":127,"column":42}},"36":{"start":{"line":129,"column":6},"end":{"line":129,"column":39}},"37":{"start":{"line":131,"column":6},"end":{"line":131,"column":18}},"38":{"start":{"line":135,"column":4},"end":{"line":166,"column":5}},"39":{"start":{"line":136,"column":27},"end":{"line":136,"column":37}},"40":{"start":{"line":137,"column":21},"end":{"line":141,"column":8}},"41":{"start":{"line":142,"column":29},"end":{"line":147,"column":8}},"42":{"start":{"line":148,"column":32},"end":{"line":153,"column":8}},"43":{"start":{"line":154,"column":6},"end":{"line":154,"column":41}},"44":{"start":{"line":155,"column":6},"end":{"line":157,"column":9}},"45":{"start":{"line":156,"column":8},"end":{"line":156,"column":36}},"46":{"start":{"line":158,"column":6},"end":{"line":160,"column":9}},"47":{"start":{"line":159,"column":8},"end":{"line":159,"column":36}},"48":{"start":{"line":162,"column":6},"end":{"line":162,"column":35}},"49":{"start":{"line":165,"column":6},"end":{"line":165,"column":18}},"50":{"start":{"line":170,"column":0},"end":{"line":170,"column":34}}},"fnMap":{"0":{"name":"(anonymous_0)","decl":{"start":{"line":12,"column":2},"end":{"line":12,"column":3}},"loc":{"start":{"line":12,"column":44},"end":{"line":43,"column":3}},"line":12},"1":{"name":"(anonymous_1)","decl":{"start":{"line":45,"column":2},"end":{"line":45,"column":3}},"loc":{"start":{"line":45,"column":42},"end":{"line":100,"column":3}},"line":45},"2":{"name":"(anonymous_2)","decl":{"start":{"line":102,"column":2},"end":{"line":102,"column":3}},"loc":{"start":{"line":102,"column":44},"end":{"line":115,"column":3}},"line":102},"3":{"name":"(anonymous_3)","decl":{"start":{"line":116,"column":2},"end":{"line":116,"column":3}},"loc":{"start":{"line":116,"column":49},"end":{"line":133,"column":3}},"line":116},"4":{"name":"(anonymous_4)","decl":{"start":{"line":134,"column":2},"end":{"line":134,"column":3}},"loc":{"start":{"line":134,"column":45},"end":{"line":167,"column":3}},"line":134},"5":{"name":"(anonymous_5)","decl":{"start":{"line":155,"column":29},"end":{"line":155,"column":30}},"loc":{"start":{"line":155,"column":37},"end":{"line":157,"column":7}},"line":155},"6":{"name":"(anonymous_6)","decl":{"start":{"line":158,"column":32},"end":{"line":158,"column":33}},"loc":{"start":{"line":158,"column":40},"end":{"line":160,"column":7}},"line":158}},"branchMap":{"0":{"loc":{"start":{"line":58,"column":6},"end":{"line":60,"column":7}},"type":"if","locations":[{"start":{"line":58,"column":6},"end":{"line":60,"column":7}},{"start":{},"end":{}}],"line":58},"1":{"loc":{"start":{"line":61,"column":6},"end":{"line":63,"column":7}},"type":"if","locations":[{"start":{"line":61,"column":6},"end":{"line":63,"column":7}},{"start":{},"end":{}}],"line":61},"2":{"loc":{"start":{"line":64,"column":6},"end":{"line":66,"column":7}},"type":"if","locations":[{"start":{"line":64,"column":6},"end":{"line":66,"column":7}},{"start":{},"end":{}}],"line":64},"3":{"loc":{"start":{"line":67,"column":6},"end":{"line":69,"column":7}},"type":"if","locations":[{"start":{"line":67,"column":6},"end":{"line":69,"column":7}},{"start":{},"end":{}}],"line":67},"4":{"loc":{"start":{"line":70,"column":6},"end":{"line":72,"column":7}},"type":"if","locations":[{"start":{"line":70,"column":6},"end":{"line":72,"column":7}},{"start":{},"end":{}}],"line":70},"5":{"loc":{"start":{"line":73,"column":6},"end":{"line":75,"column":7}},"type":"if","locations":[{"start":{"line":73,"column":6},"end":{"line":75,"column":7}},{"start":{},"end":{}}],"line":73},"6":{"loc":{"start":{"line":76,"column":6},"end":{"line":78,"column":7}},"type":"if","locations":[{"start":{"line":76,"column":6},"end":{"line":78,"column":7}},{"start":{},"end":{}}],"line":76},"7":{"loc":{"start":{"line":76,"column":10},"end":{"line":76,"column":66}},"type":"binary-expr","locations":[{"start":{"line":76,"column":10},"end":{"line":76,"column":30}},{"start":{"line":76,"column":34},"end":{"line":76,"column":49}},{"start":{"line":76,"column":53},"end":{"line":76,"column":66}}],"line":76},"8":{"loc":{"start":{"line":126,"column":6},"end":{"line":128,"column":7}},"type":"if","locations":[{"start":{"line":126,"column":6},"end":{"line":128,"column":7}},{"start":{},"end":{}}],"line":126}},"s":{"0":1,"1":9,"2":9,"3":9,"4":1,"5":8,"6":13,"7":13,"8":13,"9":13,"10":2,"11":11,"12":2,"13":9,"14":2,"15":7,"16":2,"17":5,"18":2,"19":3,"20":0,"21":3,"22":2,"23":1,"24":1,"25":12,"26":1,"27":1,"28":1,"29":1,"30":0,"31":2,"32":2,"33":2,"34":2,"35":1,"36":1,"37":1,"38":1,"39":1,"40":1,"41":1,"42":1,"43":1,"44":1,"45":0,"46":1,"47":0,"48":1,"49":0,"50":1},"f":{"0":9,"1":13,"2":1,"3":2,"4":1,"5":0,"6":0},"b":{"0":[2,11],"1":[2,9],"2":[2,7],"3":[2,5],"4":[2,3],"5":[0,3],"6":[2,1],"7":[3,2,2],"8":[1,1]},"_coverageSchema":"1a1c01bbd47fc00a2c39e90264f33305004495a9","hash":"96286b4f6498276dc2156961447c7a0ee5f58f71"}
,"E:\\Angga\\HACKTIV8\\PHASE 3\\TemanMain\\TemanMain - W3D2\\TemanMain\\server\\services\\app\\controllers\\requestController.js": {"path":"E:\\Angga\\HACKTIV8\\PHASE 3\\TemanMain\\TemanMain - W3D2\\TemanMain\\server\\services\\app\\controllers\\requestController.js","statementMap":{"0":{"start":{"line":1,"column":28},"end":{"line":1,"column":48}},"1":{"start":{"line":2,"column":22},"end":{"line":2,"column":42}},"2":{"start":{"line":6,"column":4},"end":{"line":16,"column":5}},"3":{"start":{"line":7,"column":26},"end":{"line":7,"column":37}},"4":{"start":{"line":8,"column":23},"end":{"line":12,"column":8}},"5":{"start":{"line":13,"column":6},"end":{"line":13,"column":37}},"6":{"start":{"line":15,"column":6},"end":{"line":15,"column":18}},"7":{"start":{"line":19,"column":4},"end":{"line":25,"column":5}},"8":{"start":{"line":20,"column":28},"end":{"line":20,"column":38}},"9":{"start":{"line":21,"column":28},"end":{"line":21,"column":61}},"10":{"start":{"line":22,"column":6},"end":{"line":22,"column":42}},"11":{"start":{"line":24,"column":6},"end":{"line":24,"column":18}},"12":{"start":{"line":28,"column":4},"end":{"line":53,"column":5}},"13":{"start":{"line":30,"column":36},"end":{"line":30,"column":46}},"14":{"start":{"line":31,"column":26},"end":{"line":31,"column":37}},"15":{"start":{"line":32,"column":37},"end":{"line":32,"column":45}},"16":{"start":{"line":34,"column":29},"end":{"line":40,"column":8}},"17":{"start":{"line":41,"column":27},"end":{"line":45,"column":8}},"18":{"start":{"line":46,"column":6},"end":{"line":46,"column":68}},"19":{"start":{"line":47,"column":6},"end":{"line":50,"column":9}},"20":{"start":{"line":52,"column":6},"end":{"line":52,"column":18}},"21":{"start":{"line":56,"column":4},"end":{"line":75,"column":5}},"22":{"start":{"line":57,"column":28},"end":{"line":57,"column":38}},"23":{"start":{"line":58,"column":37},"end":{"line":58,"column":45}},"24":{"start":{"line":59,"column":6},"end":{"line":61,"column":7}},"25":{"start":{"line":60,"column":8},"end":{"line":60,"column":41}},"26":{"start":{"line":62,"column":28},"end":{"line":71,"column":7}},"27":{"start":{"line":72,"column":6},"end":{"line":72,"column":71}},"28":{"start":{"line":74,"column":6},"end":{"line":74,"column":18}},"29":{"start":{"line":78,"column":4},"end":{"line":88,"column":5}},"30":{"start":{"line":79,"column":28},"end":{"line":79,"column":38}},"31":{"start":{"line":80,"column":28},"end":{"line":84,"column":8}},"32":{"start":{"line":85,"column":6},"end":{"line":85,"column":72}},"33":{"start":{"line":87,"column":6},"end":{"line":87,"column":18}},"34":{"start":{"line":91,"column":14},"end":{"line":91,"column":43}},"35":{"start":{"line":92,"column":4},"end":{"line":124,"column":5}},"36":{"start":{"line":93,"column":28},"end":{"line":93,"column":38}},"37":{"start":{"line":95,"column":30},"end":{"line":105,"column":7}},"38":{"start":{"line":106,"column":27},"end":{"line":106,"column":68}},"39":{"start":{"line":109,"column":27},"end":{"line":118,"column":7}},"40":{"start":{"line":119,"column":6},"end":{"line":119,"column":23}},"41":{"start":{"line":120,"column":6},"end":{"line":120,"column":60}},"42":{"start":{"line":122,"column":6},"end":{"line":122,"column":25}},"43":{"start":{"line":123,"column":6},"end":{"line":123,"column":18}},"44":{"start":{"line":127,"column":14},"end":{"line":127,"column":43}},"45":{"start":{"line":129,"column":4},"end":{"line":159,"column":5}},"46":{"start":{"line":130,"column":28},"end":{"line":130,"column":38}},"47":{"start":{"line":131,"column":28},"end":{"line":141,"column":7}},"48":{"start":{"line":142,"column":27},"end":{"line":142,"column":68}},"49":{"start":{"line":144,"column":27},"end":{"line":153,"column":7}},"50":{"start":{"line":154,"column":6},"end":{"line":154,"column":23}},"51":{"start":{"line":155,"column":6},"end":{"line":155,"column":77}},"52":{"start":{"line":157,"column":6},"end":{"line":157,"column":25}},"53":{"start":{"line":158,"column":6},"end":{"line":158,"column":18}},"54":{"start":{"line":163,"column":0},"end":{"line":163,"column":35}}},"fnMap":{"0":{"name":"(anonymous_0)","decl":{"start":{"line":5,"column":2},"end":{"line":5,"column":3}},"loc":{"start":{"line":5,"column":50},"end":{"line":17,"column":3}},"line":5},"1":{"name":"(anonymous_1)","decl":{"start":{"line":18,"column":2},"end":{"line":18,"column":3}},"loc":{"start":{"line":18,"column":46},"end":{"line":26,"column":3}},"line":18},"2":{"name":"(anonymous_2)","decl":{"start":{"line":27,"column":2},"end":{"line":27,"column":3}},"loc":{"start":{"line":27,"column":45},"end":{"line":54,"column":3}},"line":27},"3":{"name":"(anonymous_3)","decl":{"start":{"line":55,"column":2},"end":{"line":55,"column":3}},"loc":{"start":{"line":55,"column":54},"end":{"line":76,"column":3}},"line":55},"4":{"name":"(anonymous_4)","decl":{"start":{"line":77,"column":2},"end":{"line":77,"column":3}},"loc":{"start":{"line":77,"column":45},"end":{"line":89,"column":3}},"line":77},"5":{"name":"(anonymous_5)","decl":{"start":{"line":90,"column":2},"end":{"line":90,"column":3}},"loc":{"start":{"line":90,"column":45},"end":{"line":125,"column":3}},"line":90},"6":{"name":"(anonymous_6)","decl":{"start":{"line":126,"column":2},"end":{"line":126,"column":3}},"loc":{"start":{"line":126,"column":47},"end":{"line":160,"column":3}},"line":126}},"branchMap":{"0":{"loc":{"start":{"line":59,"column":6},"end":{"line":61,"column":7}},"type":"if","locations":[{"start":{"line":59,"column":6},"end":{"line":61,"column":7}},{"start":{},"end":{}}],"line":59}},"s":{"0":1,"1":1,"2":1,"3":1,"4":1,"5":1,"6":0,"7":1,"8":1,"9":1,"10":1,"11":0,"12":7,"13":7,"14":7,"15":7,"16":7,"17":5,"18":5,"19":5,"20":2,"21":3,"22":3,"23":3,"24":3,"25":2,"26":1,"27":1,"28":2,"29":1,"30":1,"31":1,"32":1,"33":0,"34":2,"35":2,"36":2,"37":2,"38":2,"39":2,"40":2,"41":2,"42":0,"43":0,"44":1,"45":1,"46":1,"47":1,"48":1,"49":1,"50":1,"51":1,"52":0,"53":0,"54":1},"f":{"0":1,"1":1,"2":7,"3":3,"4":1,"5":2,"6":1},"b":{"0":[2,1]},"_coverageSchema":"1a1c01bbd47fc00a2c39e90264f33305004495a9","hash":"801e061199a313131d729635a6a14a635cb4abc1"}
,"E:\\Angga\\HACKTIV8\\PHASE 3\\TemanMain\\TemanMain - W3D2\\TemanMain\\server\\services\\app\\middlewares\\authorization.js": {"path":"E:\\Angga\\HACKTIV8\\PHASE 3\\TemanMain\\TemanMain - W3D2\\TemanMain\\server\\services\\app\\middlewares\\authorization.js","statementMap":{"0":{"start":{"line":1,"column":46},"end":{"line":1,"column":66}},"1":{"start":{"line":4,"column":2},"end":{"line":21,"column":3}},"2":{"start":{"line":7,"column":32},"end":{"line":7,"column":43}},"3":{"start":{"line":8,"column":25},"end":{"line":8,"column":35}},"4":{"start":{"line":9,"column":25},"end":{"line":9,"column":56}},"5":{"start":{"line":10,"column":4},"end":{"line":18,"column":5}},"6":{"start":{"line":11,"column":6},"end":{"line":15,"column":7}},"7":{"start":{"line":12,"column":8},"end":{"line":12,"column":35}},"8":{"start":{"line":14,"column":8},"end":{"line":14,"column":38}},"9":{"start":{"line":17,"column":6},"end":{"line":17,"column":13}},"10":{"start":{"line":20,"column":4},"end":{"line":20,"column":16}},"11":{"start":{"line":25,"column":2},"end":{"line":43,"column":3}},"12":{"start":{"line":26,"column":25},"end":{"line":26,"column":35}},"13":{"start":{"line":27,"column":24},"end":{"line":27,"column":35}},"14":{"start":{"line":29,"column":25},"end":{"line":33,"column":6}},"15":{"start":{"line":34,"column":4},"end":{"line":36,"column":5}},"16":{"start":{"line":35,"column":6},"end":{"line":35,"column":39}},"17":{"start":{"line":37,"column":4},"end":{"line":39,"column":5}},"18":{"start":{"line":38,"column":6},"end":{"line":38,"column":43}},"19":{"start":{"line":40,"column":4},"end":{"line":40,"column":11}},"20":{"start":{"line":42,"column":4},"end":{"line":42,"column":16}},"21":{"start":{"line":46,"column":2},"end":{"line":68,"column":3}},"22":{"start":{"line":47,"column":29},"end":{"line":47,"column":39}},"23":{"start":{"line":48,"column":24},"end":{"line":48,"column":35}},"24":{"start":{"line":49,"column":29},"end":{"line":54,"column":6}},"25":{"start":{"line":57,"column":4},"end":{"line":59,"column":5}},"26":{"start":{"line":58,"column":6},"end":{"line":58,"column":43}},"27":{"start":{"line":60,"column":4},"end":{"line":62,"column":5}},"28":{"start":{"line":61,"column":6},"end":{"line":61,"column":47}},"29":{"start":{"line":63,"column":4},"end":{"line":63,"column":52}},"30":{"start":{"line":65,"column":4},"end":{"line":65,"column":11}},"31":{"start":{"line":67,"column":4},"end":{"line":67,"column":16}},"32":{"start":{"line":71,"column":2},"end":{"line":91,"column":3}},"33":{"start":{"line":72,"column":26},"end":{"line":72,"column":36}},"34":{"start":{"line":73,"column":24},"end":{"line":73,"column":35}},"35":{"start":{"line":74,"column":26},"end":{"line":79,"column":6}},"36":{"start":{"line":80,"column":4},"end":{"line":82,"column":5}},"37":{"start":{"line":81,"column":6},"end":{"line":81,"column":40}},"38":{"start":{"line":83,"column":4},"end":{"line":85,"column":5}},"39":{"start":{"line":84,"column":6},"end":{"line":84,"column":44}},"40":{"start":{"line":86,"column":4},"end":{"line":86,"column":49}},"41":{"start":{"line":88,"column":4},"end":{"line":88,"column":11}},"42":{"start":{"line":90,"column":4},"end":{"line":90,"column":16}},"43":{"start":{"line":94,"column":2},"end":{"line":116,"column":3}},"44":{"start":{"line":95,"column":26},"end":{"line":95,"column":36}},"45":{"start":{"line":96,"column":24},"end":{"line":96,"column":35}},"46":{"start":{"line":97,"column":26},"end":{"line":102,"column":6}},"47":{"start":{"line":105,"column":4},"end":{"line":107,"column":5}},"48":{"start":{"line":106,"column":6},"end":{"line":106,"column":40}},"49":{"start":{"line":108,"column":4},"end":{"line":110,"column":5}},"50":{"start":{"line":109,"column":6},"end":{"line":109,"column":50}},"51":{"start":{"line":111,"column":4},"end":{"line":111,"column":49}},"52":{"start":{"line":113,"column":4},"end":{"line":113,"column":11}},"53":{"start":{"line":115,"column":4},"end":{"line":115,"column":16}},"54":{"start":{"line":119,"column":2},"end":{"line":145,"column":3}},"55":{"start":{"line":120,"column":29},"end":{"line":120,"column":39}},"56":{"start":{"line":121,"column":24},"end":{"line":121,"column":35}},"57":{"start":{"line":123,"column":29},"end":{"line":128,"column":6}},"58":{"start":{"line":129,"column":4},"end":{"line":131,"column":5}},"59":{"start":{"line":130,"column":6},"end":{"line":130,"column":43}},"60":{"start":{"line":132,"column":4},"end":{"line":134,"column":5}},"61":{"start":{"line":133,"column":6},"end":{"line":133,"column":53}},"62":{"start":{"line":135,"column":4},"end":{"line":137,"column":5}},"63":{"start":{"line":136,"column":6},"end":{"line":136,"column":46}},"64":{"start":{"line":138,"column":4},"end":{"line":140,"column":5}},"65":{"start":{"line":139,"column":6},"end":{"line":139,"column":50}},"66":{"start":{"line":141,"column":4},"end":{"line":141,"column":52}},"67":{"start":{"line":142,"column":4},"end":{"line":142,"column":11}},"68":{"start":{"line":144,"column":4},"end":{"line":144,"column":16}},"69":{"start":{"line":148,"column":2},"end":{"line":175,"column":3}},"70":{"start":{"line":149,"column":26},"end":{"line":149,"column":36}},"71":{"start":{"line":150,"column":24},"end":{"line":150,"column":35}},"72":{"start":{"line":151,"column":26},"end":{"line":156,"column":6}},"73":{"start":{"line":157,"column":4},"end":{"line":159,"column":5}},"74":{"start":{"line":158,"column":6},"end":{"line":158,"column":40}},"75":{"start":{"line":162,"column":4},"end":{"line":164,"column":5}},"76":{"start":{"line":163,"column":6},"end":{"line":163,"column":50}},"77":{"start":{"line":165,"column":4},"end":{"line":167,"column":5}},"78":{"start":{"line":166,"column":6},"end":{"line":166,"column":46}},"79":{"start":{"line":168,"column":4},"end":{"line":170,"column":5}},"80":{"start":{"line":169,"column":6},"end":{"line":169,"column":47}},"81":{"start":{"line":171,"column":4},"end":{"line":171,"column":49}},"82":{"start":{"line":172,"column":4},"end":{"line":172,"column":11}},"83":{"start":{"line":174,"column":4},"end":{"line":174,"column":16}},"84":{"start":{"line":178,"column":0},"end":{"line":186,"column":2}}},"fnMap":{"0":{"name":"ageAuthorizationBeforeCreateInvitation","decl":{"start":{"line":3,"column":15},"end":{"line":3,"column":53}},"loc":{"start":{"line":3,"column":70},"end":{"line":22,"column":1}},"line":3},"1":{"name":"magnetAuthorization","decl":{"start":{"line":24,"column":15},"end":{"line":24,"column":34}},"loc":{"start":{"line":24,"column":51},"end":{"line":44,"column":1}},"line":24},"2":{"name":"invitationAuthorization","decl":{"start":{"line":45,"column":15},"end":{"line":45,"column":38}},"loc":{"start":{"line":45,"column":55},"end":{"line":69,"column":1}},"line":45},"3":{"name":"requestAuthorization","decl":{"start":{"line":70,"column":15},"end":{"line":70,"column":35}},"loc":{"start":{"line":70,"column":52},"end":{"line":92,"column":1}},"line":70},"4":{"name":"acceptRequestAuthorization2","decl":{"start":{"line":93,"column":15},"end":{"line":93,"column":42}},"loc":{"start":{"line":93,"column":59},"end":{"line":117,"column":1}},"line":93},"5":{"name":"acceptInvitationAuthorization","decl":{"start":{"line":118,"column":15},"end":{"line":118,"column":44}},"loc":{"start":{"line":118,"column":61},"end":{"line":146,"column":1}},"line":118},"6":{"name":"acceptRequestAuthorization","decl":{"start":{"line":147,"column":15},"end":{"line":147,"column":41}},"loc":{"start":{"line":147,"column":58},"end":{"line":176,"column":1}},"line":147}},"branchMap":{"0":{"loc":{"start":{"line":10,"column":4},"end":{"line":18,"column":5}},"type":"if","locations":[{"start":{"line":10,"column":4},"end":{"line":18,"column":5}},{"start":{"line":16,"column":11},"end":{"line":18,"column":5}}],"line":10},"1":{"loc":{"start":{"line":11,"column":6},"end":{"line":15,"column":7}},"type":"if","locations":[{"start":{"line":11,"column":6},"end":{"line":15,"column":7}},{"start":{"line":13,"column":13},"end":{"line":15,"column":7}}],"line":11},"2":{"loc":{"start":{"line":34,"column":4},"end":{"line":36,"column":5}},"type":"if","locations":[{"start":{"line":34,"column":4},"end":{"line":36,"column":5}},{"start":{},"end":{}}],"line":34},"3":{"loc":{"start":{"line":37,"column":4},"end":{"line":39,"column":5}},"type":"if","locations":[{"start":{"line":37,"column":4},"end":{"line":39,"column":5}},{"start":{},"end":{}}],"line":37},"4":{"loc":{"start":{"line":57,"column":4},"end":{"line":59,"column":5}},"type":"if","locations":[{"start":{"line":57,"column":4},"end":{"line":59,"column":5}},{"start":{},"end":{}}],"line":57},"5":{"loc":{"start":{"line":60,"column":4},"end":{"line":62,"column":5}},"type":"if","locations":[{"start":{"line":60,"column":4},"end":{"line":62,"column":5}},{"start":{},"end":{}}],"line":60},"6":{"loc":{"start":{"line":80,"column":4},"end":{"line":82,"column":5}},"type":"if","locations":[{"start":{"line":80,"column":4},"end":{"line":82,"column":5}},{"start":{},"end":{}}],"line":80},"7":{"loc":{"start":{"line":83,"column":4},"end":{"line":85,"column":5}},"type":"if","locations":[{"start":{"line":83,"column":4},"end":{"line":85,"column":5}},{"start":{},"end":{}}],"line":83},"8":{"loc":{"start":{"line":105,"column":4},"end":{"line":107,"column":5}},"type":"if","locations":[{"start":{"line":105,"column":4},"end":{"line":107,"column":5}},{"start":{},"end":{}}],"line":105},"9":{"loc":{"start":{"line":108,"column":4},"end":{"line":110,"column":5}},"type":"if","locations":[{"start":{"line":108,"column":4},"end":{"line":110,"column":5}},{"start":{},"end":{}}],"line":108},"10":{"loc":{"start":{"line":129,"column":4},"end":{"line":131,"column":5}},"type":"if","locations":[{"start":{"line":129,"column":4},"end":{"line":131,"column":5}},{"start":{},"end":{}}],"line":129},"11":{"loc":{"start":{"line":132,"column":4},"end":{"line":134,"column":5}},"type":"if","locations":[{"start":{"line":132,"column":4},"end":{"line":134,"column":5}},{"start":{},"end":{}}],"line":132},"12":{"loc":{"start":{"line":135,"column":4},"end":{"line":137,"column":5}},"type":"if","locations":[{"start":{"line":135,"column":4},"end":{"line":137,"column":5}},{"start":{},"end":{}}],"line":135},"13":{"loc":{"start":{"line":138,"column":4},"end":{"line":140,"column":5}},"type":"if","locations":[{"start":{"line":138,"column":4},"end":{"line":140,"column":5}},{"start":{},"end":{}}],"line":138},"14":{"loc":{"start":{"line":157,"column":4},"end":{"line":159,"column":5}},"type":"if","locations":[{"start":{"line":157,"column":4},"end":{"line":159,"column":5}},{"start":{},"end":{}}],"line":157},"15":{"loc":{"start":{"line":162,"column":4},"end":{"line":164,"column":5}},"type":"if","locations":[{"start":{"line":162,"column":4},"end":{"line":164,"column":5}},{"start":{},"end":{}}],"line":162},"16":{"loc":{"start":{"line":165,"column":4},"end":{"line":167,"column":5}},"type":"if","locations":[{"start":{"line":165,"column":4},"end":{"line":167,"column":5}},{"start":{},"end":{}}],"line":165},"17":{"loc":{"start":{"line":168,"column":4},"end":{"line":170,"column":5}},"type":"if","locations":[{"start":{"line":168,"column":4},"end":{"line":170,"column":5}},{"start":{},"end":{}}],"line":168}},"s":{"0":1,"1":14,"2":14,"3":14,"4":14,"5":14,"6":2,"7":1,"8":1,"9":12,"10":2,"11":22,"12":22,"13":22,"14":22,"15":22,"16":2,"17":20,"18":2,"19":18,"20":4,"21":10,"22":10,"23":10,"24":10,"25":10,"26":2,"27":8,"28":2,"29":6,"30":6,"31":4,"32":8,"33":8,"34":8,"35":8,"36":8,"37":2,"38":6,"39":2,"40":4,"41":4,"42":4,"43":3,"44":3,"45":3,"46":3,"47":3,"48":1,"49":2,"50":1,"51":1,"52":1,"53":2,"54":5,"55":5,"56":5,"57":5,"58":5,"59":1,"60":4,"61":1,"62":3,"63":1,"64":2,"65":1,"66":1,"67":1,"68":4,"69":6,"70":6,"71":6,"72":6,"73":6,"74":1,"75":5,"76":2,"77":3,"78":1,"79":2,"80":0,"81":2,"82":2,"83":4,"84":1},"f":{"0":14,"1":22,"2":10,"3":8,"4":3,"5":5,"6":6},"b":{"0":[2,12],"1":[1,1],"2":[2,20],"3":[2,18],"4":[2,8],"5":[2,6],"6":[2,6],"7":[2,4],"8":[1,2],"9":[1,1],"10":[1,4],"11":[1,3],"12":[1,2],"13":[1,1],"14":[1,5],"15":[2,3],"16":[1,2],"17":[0,2]},"_coverageSchema":"1a1c01bbd47fc00a2c39e90264f33305004495a9","hash":"91c04f5ed7f38ff20cc944b60e99f7221a683cde"}
,"E:\\Angga\\HACKTIV8\\PHASE 3\\TemanMain\\TemanMain - W3D2\\TemanMain\\server\\services\\app\\middlewares\\checker.js": {"path":"E:\\Angga\\HACKTIV8\\PHASE 3\\TemanMain\\TemanMain - W3D2\\TemanMain\\server\\services\\app\\middlewares\\checker.js","statementMap":{"0":{"start":{"line":1,"column":57},"end":{"line":1,"column":77}},"1":{"start":{"line":4,"column":2},"end":{"line":18,"column":3}},"2":{"start":{"line":5,"column":24},"end":{"line":5,"column":34}},"3":{"start":{"line":6,"column":24},"end":{"line":10,"column":6}},"4":{"start":{"line":11,"column":4},"end":{"line":15,"column":5}},"5":{"start":{"line":12,"column":6},"end":{"line":12,"column":38}},"6":{"start":{"line":14,"column":6},"end":{"line":14,"column":13}},"7":{"start":{"line":17,"column":4},"end":{"line":17,"column":16}},"8":{"start":{"line":21,"column":2},"end":{"line":36,"column":3}},"9":{"start":{"line":22,"column":25},"end":{"line":22,"column":35}},"10":{"start":{"line":23,"column":25},"end":{"line":27,"column":6}},"11":{"start":{"line":28,"column":4},"end":{"line":28,"column":48}},"12":{"start":{"line":29,"column":4},"end":{"line":33,"column":5}},"13":{"start":{"line":30,"column":6},"end":{"line":30,"column":39}},"14":{"start":{"line":32,"column":6},"end":{"line":32,"column":13}},"15":{"start":{"line":35,"column":4},"end":{"line":35,"column":16}},"16":{"start":{"line":40,"column":2},"end":{"line":54,"column":3}},"17":{"start":{"line":41,"column":27},"end":{"line":41,"column":37}},"18":{"start":{"line":42,"column":27},"end":{"line":46,"column":6}},"19":{"start":{"line":47,"column":4},"end":{"line":51,"column":5}},"20":{"start":{"line":48,"column":6},"end":{"line":48,"column":41}},"21":{"start":{"line":50,"column":6},"end":{"line":50,"column":13}},"22":{"start":{"line":53,"column":4},"end":{"line":53,"column":16}},"23":{"start":{"line":58,"column":2},"end":{"line":67,"column":3}},"24":{"start":{"line":59,"column":29},"end":{"line":59,"column":39}},"25":{"start":{"line":60,"column":29},"end":{"line":60,"column":68}},"26":{"start":{"line":61,"column":4},"end":{"line":63,"column":5}},"27":{"start":{"line":62,"column":6},"end":{"line":62,"column":43}},"28":{"start":{"line":64,"column":4},"end":{"line":64,"column":11}},"29":{"start":{"line":66,"column":4},"end":{"line":66,"column":16}},"30":{"start":{"line":70,"column":2},"end":{"line":79,"column":3}},"31":{"start":{"line":71,"column":26},"end":{"line":71,"column":36}},"32":{"start":{"line":72,"column":26},"end":{"line":72,"column":59}},"33":{"start":{"line":73,"column":4},"end":{"line":75,"column":5}},"34":{"start":{"line":74,"column":6},"end":{"line":74,"column":40}},"35":{"start":{"line":76,"column":4},"end":{"line":76,"column":11}},"36":{"start":{"line":78,"column":4},"end":{"line":78,"column":16}},"37":{"start":{"line":82,"column":2},"end":{"line":98,"column":3}},"38":{"start":{"line":83,"column":25},"end":{"line":83,"column":35}},"39":{"start":{"line":84,"column":24},"end":{"line":84,"column":35}},"40":{"start":{"line":85,"column":26},"end":{"line":90,"column":6}},"41":{"start":{"line":91,"column":4},"end":{"line":95,"column":5}},"42":{"start":{"line":92,"column":6},"end":{"line":92,"column":40}},"43":{"start":{"line":94,"column":6},"end":{"line":94,"column":13}},"44":{"start":{"line":97,"column":4},"end":{"line":97,"column":16}},"45":{"start":{"line":101,"column":2},"end":{"line":116,"column":3}},"46":{"start":{"line":102,"column":33},"end":{"line":102,"column":43}},"47":{"start":{"line":103,"column":29},"end":{"line":108,"column":6}},"48":{"start":{"line":109,"column":4},"end":{"line":113,"column":5}},"49":{"start":{"line":110,"column":6},"end":{"line":110,"column":40}},"50":{"start":{"line":112,"column":6},"end":{"line":112,"column":13}},"51":{"start":{"line":115,"column":4},"end":{"line":115,"column":16}},"52":{"start":{"line":119,"column":0},"end":{"line":127,"column":2}}},"fnMap":{"0":{"name":"eventChecker","decl":{"start":{"line":3,"column":15},"end":{"line":3,"column":27}},"loc":{"start":{"line":3,"column":44},"end":{"line":19,"column":1}},"line":3},"1":{"name":"magnetChecker","decl":{"start":{"line":20,"column":15},"end":{"line":20,"column":28}},"loc":{"start":{"line":20,"column":45},"end":{"line":37,"column":1}},"line":20},"2":{"name":"categoryChecker","decl":{"start":{"line":39,"column":15},"end":{"line":39,"column":30}},"loc":{"start":{"line":39,"column":47},"end":{"line":55,"column":1}},"line":39},"3":{"name":"invitationChecker","decl":{"start":{"line":57,"column":15},"end":{"line":57,"column":32}},"loc":{"start":{"line":57,"column":49},"end":{"line":68,"column":1}},"line":57},"4":{"name":"requestChecker","decl":{"start":{"line":69,"column":15},"end":{"line":69,"column":29}},"loc":{"start":{"line":69,"column":46},"end":{"line":80,"column":1}},"line":69},"5":{"name":"alreadyMadeRequest","decl":{"start":{"line":81,"column":15},"end":{"line":81,"column":33}},"loc":{"start":{"line":81,"column":50},"end":{"line":99,"column":1}},"line":81},"6":{"name":"alreadyMadeInvitation","decl":{"start":{"line":100,"column":15},"end":{"line":100,"column":36}},"loc":{"start":{"line":100,"column":53},"end":{"line":117,"column":1}},"line":100}},"branchMap":{"0":{"loc":{"start":{"line":11,"column":4},"end":{"line":15,"column":5}},"type":"if","locations":[{"start":{"line":11,"column":4},"end":{"line":15,"column":5}},{"start":{"line":13,"column":11},"end":{"line":15,"column":5}}],"line":11},"1":{"loc":{"start":{"line":29,"column":4},"end":{"line":33,"column":5}},"type":"if","locations":[{"start":{"line":29,"column":4},"end":{"line":33,"column":5}},{"start":{"line":31,"column":11},"end":{"line":33,"column":5}}],"line":29},"2":{"loc":{"start":{"line":47,"column":4},"end":{"line":51,"column":5}},"type":"if","locations":[{"start":{"line":47,"column":4},"end":{"line":51,"column":5}},{"start":{"line":49,"column":11},"end":{"line":51,"column":5}}],"line":47},"3":{"loc":{"start":{"line":61,"column":4},"end":{"line":63,"column":5}},"type":"if","locations":[{"start":{"line":61,"column":4},"end":{"line":63,"column":5}},{"start":{},"end":{}}],"line":61},"4":{"loc":{"start":{"line":73,"column":4},"end":{"line":75,"column":5}},"type":"if","locations":[{"start":{"line":73,"column":4},"end":{"line":75,"column":5}},{"start":{},"end":{}}],"line":73},"5":{"loc":{"start":{"line":91,"column":4},"end":{"line":95,"column":5}},"type":"if","locations":[{"start":{"line":91,"column":4},"end":{"line":95,"column":5}},{"start":{"line":93,"column":11},"end":{"line":95,"column":5}}],"line":91},"6":{"loc":{"start":{"line":109,"column":4},"end":{"line":113,"column":5}},"type":"if","locations":[{"start":{"line":109,"column":4},"end":{"line":113,"column":5}},{"start":{"line":111,"column":11},"end":{"line":113,"column":5}}],"line":109}},"s":{"0":1,"1":22,"2":22,"3":22,"4":22,"5":4,"6":18,"7":4,"8":18,"9":18,"10":18,"11":18,"12":18,"13":3,"14":15,"15":3,"16":12,"17":12,"18":12,"19":12,"20":4,"21":8,"22":4,"23":2,"24":2,"25":2,"26":2,"27":1,"28":1,"29":1,"30":2,"31":2,"32":2,"33":2,"34":1,"35":1,"36":1,"37":8,"38":8,"39":8,"40":8,"41":8,"42":1,"43":7,"44":1,"45":4,"46":4,"47":4,"48":4,"49":0,"50":4,"51":0,"52":1},"f":{"0":22,"1":18,"2":12,"3":2,"4":2,"5":8,"6":4},"b":{"0":[4,18],"1":[3,15],"2":[4,8],"3":[1,1],"4":[1,1],"5":[1,7],"6":[0,4]},"_coverageSchema":"1a1c01bbd47fc00a2c39e90264f33305004495a9","hash":"6aa138f0a97fac358a11687f626da6ce3f8a41aa"}
,"E:\\Angga\\HACKTIV8\\PHASE 3\\TemanMain\\TemanMain - W3D2\\TemanMain\\server\\services\\app\\middlewares\\errorHandler.js": {"path":"E:\\Angga\\HACKTIV8\\PHASE 3\\TemanMain\\TemanMain - W3D2\\TemanMain\\server\\services\\app\\middlewares\\errorHandler.js","statementMap":{"0":{"start":{"line":2,"column":2},"end":{"line":2,"column":36}},"1":{"start":{"line":3,"column":2},"end":{"line":117,"column":3}},"2":{"start":{"line":7,"column":4},"end":{"line":7,"column":68}},"3":{"start":{"line":8,"column":9},"end":{"line":117,"column":3}},"4":{"start":{"line":9,"column":4},"end":{"line":9,"column":71}},"5":{"start":{"line":10,"column":9},"end":{"line":117,"column":3}},"6":{"start":{"line":11,"column":4},"end":{"line":13,"column":67}},"7":{"start":{"line":14,"column":9},"end":{"line":117,"column":3}},"8":{"start":{"line":15,"column":4},"end":{"line":15,"column":76}},"9":{"start":{"line":16,"column":9},"end":{"line":117,"column":3}},"10":{"start":{"line":17,"column":4},"end":{"line":17,"column":73}},"11":{"start":{"line":18,"column":9},"end":{"line":117,"column":3}},"12":{"start":{"line":19,"column":4},"end":{"line":19,"column":79}},"13":{"start":{"line":20,"column":9},"end":{"line":117,"column":3}},"14":{"start":{"line":21,"column":4},"end":{"line":21,"column":77}},"15":{"start":{"line":22,"column":9},"end":{"line":117,"column":3}},"16":{"start":{"line":23,"column":4},"end":{"line":23,"column":80}},"17":{"start":{"line":24,"column":9},"end":{"line":117,"column":3}},"18":{"start":{"line":25,"column":4},"end":{"line":25,"column":73}},"19":{"start":{"line":26,"column":9},"end":{"line":117,"column":3}},"20":{"start":{"line":27,"column":4},"end":{"line":29,"column":66}},"21":{"start":{"line":30,"column":9},"end":{"line":117,"column":3}},"22":{"start":{"line":31,"column":4},"end":{"line":31,"column":77}},"23":{"start":{"line":32,"column":9},"end":{"line":117,"column":3}},"24":{"start":{"line":33,"column":4},"end":{"line":33,"column":80}},"25":{"start":{"line":34,"column":9},"end":{"line":117,"column":3}},"26":{"start":{"line":35,"column":4},"end":{"line":37,"column":61}},"27":{"start":{"line":38,"column":9},"end":{"line":117,"column":3}},"28":{"start":{"line":39,"column":4},"end":{"line":39,"column":73}},"29":{"start":{"line":40,"column":9},"end":{"line":117,"column":3}},"30":{"start":{"line":41,"column":4},"end":{"line":43,"column":65}},"31":{"start":{"line":44,"column":9},"end":{"line":117,"column":3}},"32":{"start":{"line":45,"column":4},"end":{"line":47,"column":68}},"33":{"start":{"line":48,"column":9},"end":{"line":117,"column":3}},"34":{"start":{"line":49,"column":4},"end":{"line":49,"column":76}},"35":{"start":{"line":50,"column":9},"end":{"line":117,"column":3}},"36":{"start":{"line":51,"column":4},"end":{"line":51,"column":77}},"37":{"start":{"line":52,"column":9},"end":{"line":117,"column":3}},"38":{"start":{"line":53,"column":4},"end":{"line":53,"column":78}},"39":{"start":{"line":54,"column":9},"end":{"line":117,"column":3}},"40":{"start":{"line":55,"column":4},"end":{"line":55,"column":76}},"41":{"start":{"line":56,"column":9},"end":{"line":117,"column":3}},"42":{"start":{"line":57,"column":4},"end":{"line":57,"column":79}},"43":{"start":{"line":58,"column":9},"end":{"line":117,"column":3}},"44":{"start":{"line":59,"column":4},"end":{"line":59,"column":80}},"45":{"start":{"line":60,"column":9},"end":{"line":117,"column":3}},"46":{"start":{"line":61,"column":4},"end":{"line":61,"column":79}},"47":{"start":{"line":62,"column":9},"end":{"line":117,"column":3}},"48":{"start":{"line":63,"column":4},"end":{"line":65,"column":69}},"49":{"start":{"line":66,"column":9},"end":{"line":117,"column":3}},"50":{"start":{"line":67,"column":4},"end":{"line":69,"column":7}},"51":{"start":{"line":70,"column":9},"end":{"line":117,"column":3}},"52":{"start":{"line":71,"column":4},"end":{"line":71,"column":80}},"53":{"start":{"line":72,"column":9},"end":{"line":117,"column":3}},"54":{"start":{"line":73,"column":4},"end":{"line":75,"column":63}},"55":{"start":{"line":76,"column":9},"end":{"line":117,"column":3}},"56":{"start":{"line":77,"column":4},"end":{"line":80,"column":7}},"57":{"start":{"line":81,"column":9},"end":{"line":117,"column":3}},"58":{"start":{"line":82,"column":4},"end":{"line":84,"column":7}},"59":{"start":{"line":85,"column":9},"end":{"line":117,"column":3}},"60":{"start":{"line":86,"column":4},"end":{"line":88,"column":79}},"61":{"start":{"line":89,"column":9},"end":{"line":117,"column":3}},"62":{"start":{"line":90,"column":4},"end":{"line":92,"column":7}},"63":{"start":{"line":93,"column":9},"end":{"line":117,"column":3}},"64":{"start":{"line":94,"column":4},"end":{"line":96,"column":7}},"65":{"start":{"line":97,"column":9},"end":{"line":117,"column":3}},"66":{"start":{"line":98,"column":4},"end":{"line":100,"column":7}},"67":{"start":{"line":101,"column":9},"end":{"line":117,"column":3}},"68":{"start":{"line":102,"column":4},"end":{"line":104,"column":7}},"69":{"start":{"line":105,"column":9},"end":{"line":117,"column":3}},"70":{"start":{"line":106,"column":4},"end":{"line":106,"column":69}},"71":{"start":{"line":107,"column":9},"end":{"line":117,"column":3}},"72":{"start":{"line":108,"column":4},"end":{"line":108,"column":67}},"73":{"start":{"line":109,"column":9},"end":{"line":117,"column":3}},"74":{"start":{"line":110,"column":4},"end":{"line":110,"column":65}},"75":{"start":{"line":111,"column":9},"end":{"line":117,"column":3}},"76":{"start":{"line":112,"column":4},"end":{"line":112,"column":66}},"77":{"start":{"line":113,"column":9},"end":{"line":117,"column":3}},"78":{"start":{"line":114,"column":4},"end":{"line":114,"column":64}},"79":{"start":{"line":116,"column":4},"end":{"line":116,"column":70}},"80":{"start":{"line":120,"column":0},"end":{"line":120,"column":30}}},"fnMap":{"0":{"name":"errorHandler","decl":{"start":{"line":1,"column":9},"end":{"line":1,"column":21}},"loc":{"start":{"line":1,"column":43},"end":{"line":118,"column":1}},"line":1}},"branchMap":{"0":{"loc":{"start":{"line":3,"column":2},"end":{"line":117,"column":3}},"type":"if","locations":[{"start":{"line":3,"column":2},"end":{"line":117,"column":3}},{"start":{"line":8,"column":9},"end":{"line":117,"column":3}}],"line":3},"1":{"loc":{"start":{"line":4,"column":4},"end":{"line":5,"column":49}},"type":"binary-expr","locations":[{"start":{"line":4,"column":4},"end":{"line":4,"column":43}},{"start":{"line":5,"column":4},"end":{"line":5,"column":49}}],"line":4},"2":{"loc":{"start":{"line":8,"column":9},"end":{"line":117,"column":3}},"type":"if","locations":[{"start":{"line":8,"column":9},"end":{"line":117,"column":3}},{"start":{"line":10,"column":9},"end":{"line":117,"column":3}}],"line":8},"3":{"loc":{"start":{"line":10,"column":9},"end":{"line":117,"column":3}},"type":"if","locations":[{"start":{"line":10,"column":9},"end":{"line":117,"column":3}},{"start":{"line":14,"column":9},"end":{"line":117,"column":3}}],"line":10},"4":{"loc":{"start":{"line":14,"column":9},"end":{"line":117,"column":3}},"type":"if","locations":[{"start":{"line":14,"column":9},"end":{"line":117,"column":3}},{"start":{"line":16,"column":9},"end":{"line":117,"column":3}}],"line":14},"5":{"loc":{"start":{"line":16,"column":9},"end":{"line":117,"column":3}},"type":"if","locations":[{"start":{"line":16,"column":9},"end":{"line":117,"column":3}},{"start":{"line":18,"column":9},"end":{"line":117,"column":3}}],"line":16},"6":{"loc":{"start":{"line":18,"column":9},"end":{"line":117,"column":3}},"type":"if","locations":[{"start":{"line":18,"column":9},"end":{"line":117,"column":3}},{"start":{"line":20,"column":9},"end":{"line":117,"column":3}}],"line":18},"7":{"loc":{"start":{"line":20,"column":9},"end":{"line":117,"column":3}},"type":"if","locations":[{"start":{"line":20,"column":9},"end":{"line":117,"column":3}},{"start":{"line":22,"column":9},"end":{"line":117,"column":3}}],"line":20},"8":{"loc":{"start":{"line":22,"column":9},"end":{"line":117,"column":3}},"type":"if","locations":[{"start":{"line":22,"column":9},"end":{"line":117,"column":3}},{"start":{"line":24,"column":9},"end":{"line":117,"column":3}}],"line":22},"9":{"loc":{"start":{"line":24,"column":9},"end":{"line":117,"column":3}},"type":"if","locations":[{"start":{"line":24,"column":9},"end":{"line":117,"column":3}},{"start":{"line":26,"column":9},"end":{"line":117,"column":3}}],"line":24},"10":{"loc":{"start":{"line":26,"column":9},"end":{"line":117,"column":3}},"type":"if","locations":[{"start":{"line":26,"column":9},"end":{"line":117,"column":3}},{"start":{"line":30,"column":9},"end":{"line":117,"column":3}}],"line":26},"11":{"loc":{"start":{"line":30,"column":9},"end":{"line":117,"column":3}},"type":"if","locations":[{"start":{"line":30,"column":9},"end":{"line":117,"column":3}},{"start":{"line":32,"column":9},"end":{"line":117,"column":3}}],"line":30},"12":{"loc":{"start":{"line":32,"column":9},"end":{"line":117,"column":3}},"type":"if","locations":[{"start":{"line":32,"column":9},"end":{"line":117,"column":3}},{"start":{"line":34,"column":9},"end":{"line":117,"column":3}}],"line":32},"13":{"loc":{"start":{"line":34,"column":9},"end":{"line":117,"column":3}},"type":"if","locations":[{"start":{"line":34,"column":9},"end":{"line":117,"column":3}},{"start":{"line":38,"column":9},"end":{"line":117,"column":3}}],"line":34},"14":{"loc":{"start":{"line":38,"column":9},"end":{"line":117,"column":3}},"type":"if","locations":[{"start":{"line":38,"column":9},"end":{"line":117,"column":3}},{"start":{"line":40,"column":9},"end":{"line":117,"column":3}}],"line":38},"15":{"loc":{"start":{"line":40,"column":9},"end":{"line":117,"column":3}},"type":"if","locations":[{"start":{"line":40,"column":9},"end":{"line":117,"column":3}},{"start":{"line":44,"column":9},"end":{"line":117,"column":3}}],"line":40},"16":{"loc":{"start":{"line":44,"column":9},"end":{"line":117,"column":3}},"type":"if","locations":[{"start":{"line":44,"column":9},"end":{"line":117,"column":3}},{"start":{"line":48,"column":9},"end":{"line":117,"column":3}}],"line":44},"17":{"loc":{"start":{"line":48,"column":9},"end":{"line":117,"column":3}},"type":"if","locations":[{"start":{"line":48,"column":9},"end":{"line":117,"column":3}},{"start":{"line":50,"column":9},"end":{"line":117,"column":3}}],"line":48},"18":{"loc":{"start":{"line":50,"column":9},"end":{"line":117,"column":3}},"type":"if","locations":[{"start":{"line":50,"column":9},"end":{"line":117,"column":3}},{"start":{"line":52,"column":9},"end":{"line":117,"column":3}}],"line":50},"19":{"loc":{"start":{"line":52,"column":9},"end":{"line":117,"column":3}},"type":"if","locations":[{"start":{"line":52,"column":9},"end":{"line":117,"column":3}},{"start":{"line":54,"column":9},"end":{"line":117,"column":3}}],"line":52},"20":{"loc":{"start":{"line":54,"column":9},"end":{"line":117,"column":3}},"type":"if","locations":[{"start":{"line":54,"column":9},"end":{"line":117,"column":3}},{"start":{"line":56,"column":9},"end":{"line":117,"column":3}}],"line":54},"21":{"loc":{"start":{"line":56,"column":9},"end":{"line":117,"column":3}},"type":"if","locations":[{"start":{"line":56,"column":9},"end":{"line":117,"column":3}},{"start":{"line":58,"column":9},"end":{"line":117,"column":3}}],"line":56},"22":{"loc":{"start":{"line":58,"column":9},"end":{"line":117,"column":3}},"type":"if","locations":[{"start":{"line":58,"column":9},"end":{"line":117,"column":3}},{"start":{"line":60,"column":9},"end":{"line":117,"column":3}}],"line":58},"23":{"loc":{"start":{"line":60,"column":9},"end":{"line":117,"column":3}},"type":"if","locations":[{"start":{"line":60,"column":9},"end":{"line":117,"column":3}},{"start":{"line":62,"column":9},"end":{"line":117,"column":3}}],"line":60},"24":{"loc":{"start":{"line":62,"column":9},"end":{"line":117,"column":3}},"type":"if","locations":[{"start":{"line":62,"column":9},"end":{"line":117,"column":3}},{"start":{"line":66,"column":9},"end":{"line":117,"column":3}}],"line":62},"25":{"loc":{"start":{"line":66,"column":9},"end":{"line":117,"column":3}},"type":"if","locations":[{"start":{"line":66,"column":9},"end":{"line":117,"column":3}},{"start":{"line":70,"column":9},"end":{"line":117,"column":3}}],"line":66},"26":{"loc":{"start":{"line":70,"column":9},"end":{"line":117,"column":3}},"type":"if","locations":[{"start":{"line":70,"column":9},"end":{"line":117,"column":3}},{"start":{"line":72,"column":9},"end":{"line":117,"column":3}}],"line":70},"27":{"loc":{"start":{"line":72,"column":9},"end":{"line":117,"column":3}},"type":"if","locations":[{"start":{"line":72,"column":9},"end":{"line":117,"column":3}},{"start":{"line":76,"column":9},"end":{"line":117,"column":3}}],"line":72},"28":{"loc":{"start":{"line":76,"column":9},"end":{"line":117,"column":3}},"type":"if","locations":[{"start":{"line":76,"column":9},"end":{"line":117,"column":3}},{"start":{"line":81,"column":9},"end":{"line":117,"column":3}}],"line":76},"29":{"loc":{"start":{"line":81,"column":9},"end":{"line":117,"column":3}},"type":"if","locations":[{"start":{"line":81,"column":9},"end":{"line":117,"column":3}},{"start":{"line":85,"column":9},"end":{"line":117,"column":3}}],"line":81},"30":{"loc":{"start":{"line":85,"column":9},"end":{"line":117,"column":3}},"type":"if","locations":[{"start":{"line":85,"column":9},"end":{"line":117,"column":3}},{"start":{"line":89,"column":9},"end":{"line":117,"column":3}}],"line":85},"31":{"loc":{"start":{"line":89,"column":9},"end":{"line":117,"column":3}},"type":"if","locations":[{"start":{"line":89,"column":9},"end":{"line":117,"column":3}},{"start":{"line":93,"column":9},"end":{"line":117,"column":3}}],"line":89},"32":{"loc":{"start":{"line":93,"column":9},"end":{"line":117,"column":3}},"type":"if","locations":[{"start":{"line":93,"column":9},"end":{"line":117,"column":3}},{"start":{"line":97,"column":9},"end":{"line":117,"column":3}}],"line":93},"33":{"loc":{"start":{"line":97,"column":9},"end":{"line":117,"column":3}},"type":"if","locations":[{"start":{"line":97,"column":9},"end":{"line":117,"column":3}},{"start":{"line":101,"column":9},"end":{"line":117,"column":3}}],"line":97},"34":{"loc":{"start":{"line":101,"column":9},"end":{"line":117,"column":3}},"type":"if","locations":[{"start":{"line":101,"column":9},"end":{"line":117,"column":3}},{"start":{"line":105,"column":9},"end":{"line":117,"column":3}}],"line":101},"35":{"loc":{"start":{"line":105,"column":9},"end":{"line":117,"column":3}},"type":"if","locations":[{"start":{"line":105,"column":9},"end":{"line":117,"column":3}},{"start":{"line":107,"column":9},"end":{"line":117,"column":3}}],"line":105},"36":{"loc":{"start":{"line":107,"column":9},"end":{"line":117,"column":3}},"type":"if","locations":[{"start":{"line":107,"column":9},"end":{"line":117,"column":3}},{"start":{"line":109,"column":9},"end":{"line":117,"column":3}}],"line":107},"37":{"loc":{"start":{"line":109,"column":9},"end":{"line":117,"column":3}},"type":"if","locations":[{"start":{"line":109,"column":9},"end":{"line":117,"column":3}},{"start":{"line":111,"column":9},"end":{"line":117,"column":3}}],"line":109},"38":{"loc":{"start":{"line":111,"column":9},"end":{"line":117,"column":3}},"type":"if","locations":[{"start":{"line":111,"column":9},"end":{"line":117,"column":3}},{"start":{"line":113,"column":9},"end":{"line":117,"column":3}}],"line":111},"39":{"loc":{"start":{"line":113,"column":9},"end":{"line":117,"column":3}},"type":"if","locations":[{"start":{"line":113,"column":9},"end":{"line":117,"column":3}},{"start":{"line":115,"column":9},"end":{"line":117,"column":3}}],"line":113}},"s":{"0":111,"1":111,"2":35,"3":76,"4":1,"5":75,"6":2,"7":73,"8":1,"9":72,"10":0,"11":72,"12":1,"13":71,"14":2,"15":69,"16":2,"17":67,"18":2,"19":65,"20":2,"21":63,"22":2,"23":61,"24":2,"25":59,"26":2,"27":57,"28":2,"29":55,"30":1,"31":54,"32":0,"33":54,"34":2,"35":52,"36":2,"37":50,"38":2,"39":48,"40":2,"41":46,"42":2,"43":44,"44":2,"45":42,"46":2,"47":40,"48":0,"49":40,"50":2,"51":38,"52":2,"53":36,"54":2,"55":34,"56":1,"57":33,"58":1,"59":32,"60":2,"61":30,"62":2,"63":28,"64":2,"65":26,"66":1,"67":25,"68":3,"69":22,"70":4,"71":18,"72":4,"73":14,"74":5,"75":9,"76":5,"77":4,"78":4,"79":0,"80":1},"f":{"0":111},"b":{"0":[35,76],"1":[111,76],"2":[1,75],"3":[2,73],"4":[1,72],"5":[0,72],"6":[1,71],"7":[2,69],"8":[2,67],"9":[2,65],"10":[2,63],"11":[2,61],"12":[2,59],"13":[2,57],"14":[2,55],"15":[1,54],"16":[0,54],"17":[2,52],"18":[2,50],"19":[2,48],"20":[2,46],"21":[2,44],"22":[2,42],"23":[2,40],"24":[0,40],"25":[2,38],"26":[2,36],"27":[2,34],"28":[1,33],"29":[1,32],"30":[2,30],"31":[2,28],"32":[2,26],"33":[1,25],"34":[3,22],"35":[4,18],"36":[4,14],"37":[5,9],"38":[5,4],"39":[4,0]},"_coverageSchema":"1a1c01bbd47fc00a2c39e90264f33305004495a9","hash":"fa076283db819c0741674b9b02c68c94ee5257bd"}
,"E:\\Angga\\HACKTIV8\\PHASE 3\\TemanMain\\TemanMain - W3D2\\TemanMain\\server\\services\\app\\models\\category.js": {"path":"E:\\Angga\\HACKTIV8\\PHASE 3\\TemanMain\\TemanMain - W3D2\\TemanMain\\server\\services\\app\\models\\category.js","statementMap":{"0":{"start":{"line":2,"column":18},"end":{"line":2,"column":38}},"1":{"start":{"line":3,"column":0},"end":{"line":48,"column":2}},"2":{"start":{"line":12,"column":6},"end":{"line":12,"column":67}},"3":{"start":{"line":15,"column":2},"end":{"line":46,"column":4}},"4":{"start":{"line":47,"column":2},"end":{"line":47,"column":18}}},"fnMap":{"0":{"name":"(anonymous_0)","decl":{"start":{"line":3,"column":17},"end":{"line":3,"column":18}},"loc":{"start":{"line":3,"column":43},"end":{"line":48,"column":1}},"line":3},"1":{"name":"(anonymous_1)","decl":{"start":{"line":10,"column":4},"end":{"line":10,"column":5}},"loc":{"start":{"line":10,"column":29},"end":{"line":13,"column":5}},"line":10}},"branchMap":{},"s":{"0":1,"1":1,"2":1,"3":1,"4":1},"f":{"0":1,"1":1},"b":{},"_coverageSchema":"1a1c01bbd47fc00a2c39e90264f33305004495a9","hash":"5277137f4ebd88abad44ce6561591583b7bdcea3"}
,"E:\\Angga\\HACKTIV8\\PHASE 3\\TemanMain\\TemanMain - W3D2\\TemanMain\\server\\services\\app\\models\\event.js": {"path":"E:\\Angga\\HACKTIV8\\PHASE 3\\TemanMain\\TemanMain - W3D2\\TemanMain\\server\\services\\app\\models\\event.js","statementMap":{"0":{"start":{"line":2,"column":18},"end":{"line":2,"column":38}},"1":{"start":{"line":3,"column":0},"end":{"line":154,"column":2}},"2":{"start":{"line":12,"column":6},"end":{"line":12,"column":62}},"3":{"start":{"line":13,"column":6},"end":{"line":13,"column":69}},"4":{"start":{"line":14,"column":6},"end":{"line":14,"column":62}},"5":{"start":{"line":15,"column":6},"end":{"line":15,"column":63}},"6":{"start":{"line":16,"column":6},"end":{"line":16,"column":66}},"7":{"start":{"line":19,"column":2},"end":{"line":152,"column":4}},"8":{"start":{"line":153,"column":2},"end":{"line":153,"column":15}}},"fnMap":{"0":{"name":"(anonymous_0)","decl":{"start":{"line":3,"column":17},"end":{"line":3,"column":18}},"loc":{"start":{"line":3,"column":43},"end":{"line":154,"column":1}},"line":3},"1":{"name":"(anonymous_1)","decl":{"start":{"line":10,"column":4},"end":{"line":10,"column":5}},"loc":{"start":{"line":10,"column":29},"end":{"line":17,"column":5}},"line":10}},"branchMap":{},"s":{"0":1,"1":1,"2":1,"3":1,"4":1,"5":1,"6":1,"7":1,"8":1},"f":{"0":1,"1":1},"b":{},"_coverageSchema":"1a1c01bbd47fc00a2c39e90264f33305004495a9","hash":"6ea38a6eb543fcbf490e8f97d3d628b3fb63e61b"}
,"E:\\Angga\\HACKTIV8\\PHASE 3\\TemanMain\\TemanMain - W3D2\\TemanMain\\server\\services\\app\\models\\index.js": {"path":"E:\\Angga\\HACKTIV8\\PHASE 3\\TemanMain\\TemanMain - W3D2\\TemanMain\\server\\services\\app\\models\\index.js","statementMap":{"0":{"start":{"line":3,"column":11},"end":{"line":3,"column":24}},"1":{"start":{"line":4,"column":13},"end":{"line":4,"column":28}},"2":{"start":{"line":5,"column":18},"end":{"line":5,"column":38}},"3":{"start":{"line":6,"column":17},"end":{"line":6,"column":42}},"4":{"start":{"line":7,"column":12},"end":{"line":7,"column":49}},"5":{"start":{"line":8,"column":15},"end":{"line":8,"column":65}},"6":{"start":{"line":9,"column":11},"end":{"line":9,"column":13}},"7":{"start":{"line":12,"column":0},"end":{"line":16,"column":1}},"8":{"start":{"line":13,"column":2},"end":{"line":13,"column":74}},"9":{"start":{"line":15,"column":2},"end":{"line":15,"column":87}},"10":{"start":{"line":18,"column":0},"end":{"line":26,"column":5}},"11":{"start":{"line":21,"column":4},"end":{"line":21,"column":90}},"12":{"start":{"line":24,"column":18},"end":{"line":24,"column":85}},"13":{"start":{"line":25,"column":4},"end":{"line":25,"column":27}},"14":{"start":{"line":28,"column":0},"end":{"line":32,"column":3}},"15":{"start":{"line":29,"column":2},"end":{"line":31,"column":3}},"16":{"start":{"line":30,"column":4},"end":{"line":30,"column":32}},"17":{"start":{"line":34,"column":0},"end":{"line":34,"column":25}},"18":{"start":{"line":35,"column":0},"end":{"line":35,"column":25}},"19":{"start":{"line":37,"column":0},"end":{"line":37,"column":20}}},"fnMap":{"0":{"name":"(anonymous_0)","decl":{"start":{"line":20,"column":10},"end":{"line":20,"column":11}},"loc":{"start":{"line":20,"column":18},"end":{"line":22,"column":3}},"line":20},"1":{"name":"(anonymous_1)","decl":{"start":{"line":23,"column":11},"end":{"line":23,"column":12}},"loc":{"start":{"line":23,"column":19},"end":{"line":26,"column":3}},"line":23},"2":{"name":"(anonymous_2)","decl":{"start":{"line":28,"column":24},"end":{"line":28,"column":25}},"loc":{"start":{"line":28,"column":37},"end":{"line":32,"column":1}},"line":28}},"branchMap":{"0":{"loc":{"start":{"line":7,"column":12},"end":{"line":7,"column":49}},"type":"binary-expr","locations":[{"start":{"line":7,"column":12},"end":{"line":7,"column":32}},{"start":{"line":7,"column":36},"end":{"line":7,"column":49}}],"line":7},"1":{"loc":{"start":{"line":12,"column":0},"end":{"line":16,"column":1}},"type":"if","locations":[{"start":{"line":12,"column":0},"end":{"line":16,"column":1}},{"start":{"line":14,"column":7},"end":{"line":16,"column":1}}],"line":12},"2":{"loc":{"start":{"line":21,"column":11},"end":{"line":21,"column":89}},"type":"binary-expr","locations":[{"start":{"line":21,"column":12},"end":{"line":21,"column":35}},{"start":{"line":21,"column":41},"end":{"line":21,"column":58}},{"start":{"line":21,"column":64},"end":{"line":21,"column":88}}],"line":21},"3":{"loc":{"start":{"line":29,"column":2},"end":{"line":31,"column":3}},"type":"if","locations":[{"start":{"line":29,"column":2},"end":{"line":31,"column":3}},{"start":{},"end":{}}],"line":29}},"s":{"0":1,"1":1,"2":1,"3":1,"4":1,"5":1,"6":1,"7":1,"8":0,"9":1,"10":1,"11":7,"12":6,"13":6,"14":1,"15":6,"16":6,"17":1,"18":1,"19":1},"f":{"0":7,"1":6,"2":6},"b":{"0":[1,0],"1":[0,1],"2":[7,7,6],"3":[6,0]},"_coverageSchema":"1a1c01bbd47fc00a2c39e90264f33305004495a9","hash":"984b219e6c2d03b05156be510e4f4d91f4a968a8"}
,"E:\\Angga\\HACKTIV8\\PHASE 3\\TemanMain\\TemanMain - W3D2\\TemanMain\\server\\services\\app\\models\\invitation.js": {"path":"E:\\Angga\\HACKTIV8\\PHASE 3\\TemanMain\\TemanMain - W3D2\\TemanMain\\server\\services\\app\\models\\invitation.js","statementMap":{"0":{"start":{"line":2,"column":18},"end":{"line":2,"column":38}},"1":{"start":{"line":3,"column":0},"end":{"line":75,"column":2}},"2":{"start":{"line":13,"column":6},"end":{"line":13,"column":68}},"3":{"start":{"line":14,"column":6},"end":{"line":14,"column":70}},"4":{"start":{"line":17,"column":2},"end":{"line":73,"column":4}},"5":{"start":{"line":74,"column":2},"end":{"line":74,"column":20}}},"fnMap":{"0":{"name":"(anonymous_0)","decl":{"start":{"line":3,"column":17},"end":{"line":3,"column":18}},"loc":{"start":{"line":3,"column":43},"end":{"line":75,"column":1}},"line":3},"1":{"name":"(anonymous_1)","decl":{"start":{"line":10,"column":4},"end":{"line":10,"column":5}},"loc":{"start":{"line":10,"column":29},"end":{"line":15,"column":5}},"line":10}},"branchMap":{},"s":{"0":1,"1":1,"2":1,"3":1,"4":1,"5":1},"f":{"0":1,"1":1},"b":{},"_coverageSchema":"1a1c01bbd47fc00a2c39e90264f33305004495a9","hash":"fbdda4466ba4f4676c63ed72a8d373e425336435"}
,"E:\\Angga\\HACKTIV8\\PHASE 3\\TemanMain\\TemanMain - W3D2\\TemanMain\\server\\services\\app\\models\\magnet.js": {"path":"E:\\Angga\\HACKTIV8\\PHASE 3\\TemanMain\\TemanMain - W3D2\\TemanMain\\server\\services\\app\\models\\magnet.js","statementMap":{"0":{"start":{"line":2,"column":18},"end":{"line":2,"column":38}},"1":{"start":{"line":3,"column":0},"end":{"line":112,"column":2}},"2":{"start":{"line":13,"column":6},"end":{"line":13,"column":68}},"3":{"start":{"line":14,"column":6},"end":{"line":14,"column":65}},"4":{"start":{"line":17,"column":2},"end":{"line":110,"column":4}},"5":{"start":{"line":111,"column":2},"end":{"line":111,"column":16}}},"fnMap":{"0":{"name":"(anonymous_0)","decl":{"start":{"line":3,"column":17},"end":{"line":3,"column":18}},"loc":{"start":{"line":3,"column":43},"end":{"line":112,"column":1}},"line":3},"1":{"name":"(anonymous_1)","decl":{"start":{"line":10,"column":4},"end":{"line":10,"column":5}},"loc":{"start":{"line":10,"column":29},"end":{"line":15,"column":5}},"line":10}},"branchMap":{},"s":{"0":1,"1":1,"2":1,"3":1,"4":1,"5":1},"f":{"0":1,"1":1},"b":{},"_coverageSchema":"1a1c01bbd47fc00a2c39e90264f33305004495a9","hash":"6c3522ff0584802585c6136925d5bf930d0630c8"}
,"E:\\Angga\\HACKTIV8\\PHASE 3\\TemanMain\\TemanMain - W3D2\\TemanMain\\server\\services\\app\\models\\request.js": {"path":"E:\\Angga\\HACKTIV8\\PHASE 3\\TemanMain\\TemanMain - W3D2\\TemanMain\\server\\services\\app\\models\\request.js","statementMap":{"0":{"start":{"line":2,"column":18},"end":{"line":2,"column":38}},"1":{"start":{"line":3,"column":0},"end":{"line":42,"column":2}},"2":{"start":{"line":13,"column":6},"end":{"line":13,"column":65}},"3":{"start":{"line":14,"column":6},"end":{"line":14,"column":67}},"4":{"start":{"line":17,"column":2},"end":{"line":40,"column":4}},"5":{"start":{"line":41,"column":2},"end":{"line":41,"column":17}}},"fnMap":{"0":{"name":"(anonymous_0)","decl":{"start":{"line":3,"column":17},"end":{"line":3,"column":18}},"loc":{"start":{"line":3,"column":43},"end":{"line":42,"column":1}},"line":3},"1":{"name":"(anonymous_1)","decl":{"start":{"line":10,"column":4},"end":{"line":10,"column":5}},"loc":{"start":{"line":10,"column":29},"end":{"line":15,"column":5}},"line":10}},"branchMap":{},"s":{"0":1,"1":1,"2":1,"3":1,"4":1,"5":1},"f":{"0":1,"1":1},"b":{},"_coverageSchema":"1a1c01bbd47fc00a2c39e90264f33305004495a9","hash":"166e06f1ca9c7416b6f7725882715dc93edb1ae1"}
,"E:\\Angga\\HACKTIV8\\PHASE 3\\TemanMain\\TemanMain - W3D2\\TemanMain\\server\\services\\app\\models\\user.js": {"path":"E:\\Angga\\HACKTIV8\\PHASE 3\\TemanMain\\TemanMain - W3D2\\TemanMain\\server\\services\\app\\models\\user.js","statementMap":{"0":{"start":{"line":2,"column":18},"end":{"line":2,"column":38}},"1":{"start":{"line":3,"column":0},"end":{"line":39,"column":2}},"2":{"start":{"line":12,"column":6},"end":{"line":12,"column":60}},"3":{"start":{"line":13,"column":6},"end":{"line":13,"column":61}},"4":{"start":{"line":14,"column":6},"end":{"line":14,"column":64}},"5":{"start":{"line":18,"column":2},"end":{"line":37,"column":4}},"6":{"start":{"line":38,"column":2},"end":{"line":38,"column":14}}},"fnMap":{"0":{"name":"(anonymous_0)","decl":{"start":{"line":3,"column":17},"end":{"line":3,"column":18}},"loc":{"start":{"line":3,"column":43},"end":{"line":39,"column":1}},"line":3},"1":{"name":"(anonymous_1)","decl":{"start":{"line":10,"column":4},"end":{"line":10,"column":5}},"loc":{"start":{"line":10,"column":29},"end":{"line":16,"column":5}},"line":10}},"branchMap":{},"s":{"0":1,"1":1,"2":1,"3":1,"4":1,"5":1,"6":1},"f":{"0":1,"1":1},"b":{},"_coverageSchema":"1a1c01bbd47fc00a2c39e90264f33305004495a9","hash":"ac29b9ea691118d34bb8bea141d27ba297501f23"}
,"E:\\Angga\\HACKTIV8\\PHASE 3\\TemanMain\\TemanMain - W3D2\\TemanMain\\server\\services\\app\\routes\\categoryRouter.js": {"path":"E:\\Angga\\HACKTIV8\\PHASE 3\\TemanMain\\TemanMain - W3D2\\TemanMain\\server\\services\\app\\routes\\categoryRouter.js","statementMap":{"0":{"start":{"line":1,"column":27},"end":{"line":1,"column":71}},"1":{"start":{"line":2,"column":28},"end":{"line":2,"column":61}},"2":{"start":{"line":4,"column":15},"end":{"line":4,"column":42}},"3":{"start":{"line":6,"column":0},"end":{"line":6,"column":19}},"4":{"start":{"line":7,"column":0},"end":{"line":7,"column":51}},"5":{"start":{"line":8,"column":0},"end":{"line":8,"column":52}},"6":{"start":{"line":9,"column":0},"end":{"line":9,"column":77}},"7":{"start":{"line":10,"column":0},"end":{"line":14,"column":2}},"8":{"start":{"line":15,"column":0},"end":{"line":19,"column":2}},"9":{"start":{"line":21,"column":0},"end":{"line":21,"column":24}}},"fnMap":{},"branchMap":{},"s":{"0":1,"1":1,"2":1,"3":1,"4":1,"5":1,"6":1,"7":1,"8":1,"9":1},"f":{},"b":{},"_coverageSchema":"1a1c01bbd47fc00a2c39e90264f33305004495a9","hash":"7c1e80b1820694630421e3d67a9049b6d96a29f0"}
,"E:\\Angga\\HACKTIV8\\PHASE 3\\TemanMain\\TemanMain - W3D2\\TemanMain\\server\\services\\app\\routes\\eventsRouter.js": {"path":"E:\\Angga\\HACKTIV8\\PHASE 3\\TemanMain\\TemanMain - W3D2\\TemanMain\\server\\services\\app\\routes\\eventsRouter.js","statementMap":{"0":{"start":{"line":1,"column":24},"end":{"line":1,"column":65}},"1":{"start":{"line":2,"column":42},"end":{"line":2,"column":75}},"2":{"start":{"line":4,"column":15},"end":{"line":4,"column":42}},"3":{"start":{"line":6,"column":0},"end":{"line":6,"column":46}},"4":{"start":{"line":7,"column":0},"end":{"line":7,"column":46}},"5":{"start":{"line":8,"column":0},"end":{"line":8,"column":68}},"6":{"start":{"line":9,"column":0},"end":{"line":13,"column":2}},"7":{"start":{"line":14,"column":0},"end":{"line":14,"column":51}},"8":{"start":{"line":15,"column":0},"end":{"line":15,"column":70}},"9":{"start":{"line":16,"column":0},"end":{"line":16,"column":24}}},"fnMap":{},"branchMap":{},"s":{"0":1,"1":1,"2":1,"3":1,"4":1,"5":1,"6":1,"7":1,"8":1,"9":1},"f":{},"b":{},"_coverageSchema":"1a1c01bbd47fc00a2c39e90264f33305004495a9","hash":"7eb877c79015d082f3df92288abc5d483e34fd1c"}
,"E:\\Angga\\HACKTIV8\\PHASE 3\\TemanMain\\TemanMain - W3D2\\TemanMain\\server\\services\\app\\routes\\index.js": {"path":"E:\\Angga\\HACKTIV8\\PHASE 3\\TemanMain\\TemanMain - W3D2\\TemanMain\\server\\services\\app\\routes\\index.js","statementMap":{"0":{"start":{"line":1,"column":15},"end":{"line":1,"column":42}},"1":{"start":{"line":2,"column":23},"end":{"line":2,"column":58}},"2":{"start":{"line":3,"column":20},"end":{"line":3,"column":53}},"3":{"start":{"line":4,"column":21},"end":{"line":4,"column":55}},"4":{"start":{"line":5,"column":22},"end":{"line":5,"column":56}},"5":{"start":{"line":6,"column":25},"end":{"line":6,"column":62}},"6":{"start":{"line":8,"column":0},"end":{"line":8,"column":42}},"7":{"start":{"line":9,"column":0},"end":{"line":9,"column":35}},"8":{"start":{"line":10,"column":0},"end":{"line":10,"column":37}},"9":{"start":{"line":11,"column":0},"end":{"line":11,"column":39}},"10":{"start":{"line":12,"column":0},"end":{"line":12,"column":45}},"11":{"start":{"line":13,"column":0},"end":{"line":13,"column":24}}},"fnMap":{},"branchMap":{},"s":{"0":1,"1":1,"2":1,"3":1,"4":1,"5":1,"6":1,"7":1,"8":1,"9":1,"10":1,"11":1},"f":{},"b":{},"_coverageSchema":"1a1c01bbd47fc00a2c39e90264f33305004495a9","hash":"ecb942cf2786f723060162d244922f0350382bea"}
,"E:\\Angga\\HACKTIV8\\PHASE 3\\TemanMain\\TemanMain - W3D2\\TemanMain\\server\\services\\app\\routes\\invitationRouter.js": {"path":"E:\\Angga\\HACKTIV8\\PHASE 3\\TemanMain\\TemanMain - W3D2\\TemanMain\\server\\services\\app\\routes\\invitationRouter.js","statementMap":{"0":{"start":{"line":1,"column":29},"end":{"line":1,"column":75}},"1":{"start":{"line":7,"column":4},"end":{"line":7,"column":43}},"2":{"start":{"line":13,"column":4},"end":{"line":13,"column":37}},"3":{"start":{"line":15,"column":15},"end":{"line":15,"column":42}},"4":{"start":{"line":16,"column":0},"end":{"line":24,"column":2}},"5":{"start":{"line":25,"column":0},"end":{"line":25,"column":64}},"6":{"start":{"line":26,"column":0},"end":{"line":30,"column":2}},"7":{"start":{"line":31,"column":0},"end":{"line":35,"column":2}},"8":{"start":{"line":36,"column":0},"end":{"line":40,"column":2}},"9":{"start":{"line":41,"column":0},"end":{"line":45,"column":2}},"10":{"start":{"line":46,"column":0},"end":{"line":50,"column":2}},"11":{"start":{"line":52,"column":0},"end":{"line":52,"column":24}}},"fnMap":{},"branchMap":{},"s":{"0":1,"1":1,"2":1,"3":1,"4":1,"5":1,"6":1,"7":1,"8":1,"9":1,"10":1,"11":1},"f":{},"b":{},"_coverageSchema":"1a1c01bbd47fc00a2c39e90264f33305004495a9","hash":"4eb6e29e95db5eb060371ee8bf68b1156165da08"}
,"E:\\Angga\\HACKTIV8\\PHASE 3\\TemanMain\\TemanMain - W3D2\\TemanMain\\server\\services\\app\\routes\\magnetsRouter.js": {"path":"E:\\Angga\\HACKTIV8\\PHASE 3\\TemanMain\\TemanMain - W3D2\\TemanMain\\server\\services\\app\\routes\\magnetsRouter.js","statementMap":{"0":{"start":{"line":1,"column":25},"end":{"line":1,"column":67}},"1":{"start":{"line":2,"column":32},"end":{"line":2,"column":71}},"2":{"start":{"line":3,"column":26},"end":{"line":3,"column":59}},"3":{"start":{"line":5,"column":15},"end":{"line":5,"column":42}},"4":{"start":{"line":8,"column":0},"end":{"line":8,"column":56}},"5":{"start":{"line":9,"column":0},"end":{"line":9,"column":72}},"6":{"start":{"line":10,"column":0},"end":{"line":10,"column":48}},"7":{"start":{"line":11,"column":0},"end":{"line":11,"column":75}},"8":{"start":{"line":12,"column":0},"end":{"line":12,"column":80}},"9":{"start":{"line":13,"column":0},"end":{"line":13,"column":24}}},"fnMap":{},"branchMap":{},"s":{"0":1,"1":1,"2":1,"3":1,"4":1,"5":1,"6":1,"7":1,"8":1,"9":1},"f":{},"b":{},"_coverageSchema":"1a1c01bbd47fc00a2c39e90264f33305004495a9","hash":"ffa5af737ed29d52be7fc1cbf47a92e4cb4bb6b7"}
,"E:\\Angga\\HACKTIV8\\PHASE 3\\TemanMain\\TemanMain - W3D2\\TemanMain\\server\\services\\app\\routes\\requestRouter.js": {"path":"E:\\Angga\\HACKTIV8\\PHASE 3\\TemanMain\\TemanMain - W3D2\\TemanMain\\server\\services\\app\\routes\\requestRouter.js","statementMap":{"0":{"start":{"line":1,"column":15},"end":{"line":1,"column":42}},"1":{"start":{"line":2,"column":26},"end":{"line":2,"column":69}},"2":{"start":{"line":8,"column":4},"end":{"line":8,"column":43}},"3":{"start":{"line":14,"column":4},"end":{"line":14,"column":37}},"4":{"start":{"line":16,"column":0},"end":{"line":16,"column":58}},"5":{"start":{"line":17,"column":0},"end":{"line":24,"column":2}},"6":{"start":{"line":25,"column":0},"end":{"line":29,"column":2}},"7":{"start":{"line":30,"column":0},"end":{"line":34,"column":2}},"8":{"start":{"line":35,"column":0},"end":{"line":39,"column":2}},"9":{"start":{"line":41,"column":0},"end":{"line":45,"column":2}},"10":{"start":{"line":46,"column":0},"end":{"line":50,"column":2}},"11":{"start":{"line":52,"column":0},"end":{"line":52,"column":24}}},"fnMap":{},"branchMap":{},"s":{"0":1,"1":1,"2":1,"3":1,"4":1,"5":1,"6":1,"7":1,"8":1,"9":1,"10":1,"11":1},"f":{},"b":{},"_coverageSchema":"1a1c01bbd47fc00a2c39e90264f33305004495a9","hash":"33b2a559103e6cd2b8dec423c88ee7ca57bbe47b"}
}
