TN:
SF:app.js
FNF:0
FNH:0
DA:1,1
DA:2,1
DA:3,1
DA:4,1
DA:5,1
DA:6,1
DA:8,1
DA:9,1
DA:10,1
DA:12,1
DA:13,1
DA:19,1
LF:12
LH:12
BRDA:6,0,0,1
BRDA:6,0,1,1
BRF:2
BRH:2
end_of_record
TN:
SF:controllers\categoryController.js
FN:4,(anonymous_0)
FN:14,(anonymous_1)
FN:27,(anonymous_2)
FN:37,(anonymous_3)
FN:64,(anonymous_4)
FNF:5
FNH:5
FNDA:1,(anonymous_0)
FNDA:5,(anonymous_1)
FNDA:1,(anonymous_2)
FNDA:5,(anonymous_3)
FNDA:1,(anonymous_4)
DA:1,1
DA:5,1
DA:6,1
DA:8,1
DA:10,0
DA:15,5
DA:16,5
DA:17,5
DA:21,1
DA:23,4
DA:28,1
DA:29,1
DA:30,1
DA:31,1
DA:33,0
DA:38,5
DA:39,5
DA:40,5
DA:41,5
DA:42,2
DA:44,3
DA:45,2
DA:47,1
DA:58,1
DA:60,4
DA:65,1
DA:66,1
DA:67,1
DA:72,1
DA:74,0
DA:79,1
LF:31
LH:28
BRDA:41,0,0,2
BRDA:41,0,1,3
BRDA:44,1,0,2
BRDA:44,1,1,1
BRF:4
BRH:4
end_of_record
TN:
SF:controllers\eventController.js
FN:4,(anonymous_0)
FN:18,(anonymous_1)
FN:46,(anonymous_2)
FN:79,(anonymous_3)
FN:144,(anonymous_4)
FN:158,(anonymous_5)
FNF:6
FNH:6
FNDA:1,(anonymous_0)
FNDA:1,(anonymous_1)
FNDA:20,(anonymous_2)
FNDA:18,(anonymous_3)
FNDA:1,(anonymous_4)
FNDA:1,(anonymous_5)
DA:1,1
DA:5,1
DA:6,1
DA:12,1
DA:14,0
DA:19,1
DA:20,1
DA:21,1
DA:34,1
DA:40,1
DA:41,1
DA:43,0
DA:47,20
DA:48,20
DA:60,20
DA:61,20
DA:73,1
DA:75,19
DA:80,18
DA:81,18
DA:92,18
DA:93,18
DA:94,1
DA:96,17
DA:97,2
DA:99,15
DA:100,2
DA:102,13
DA:103,2
DA:105,11
DA:106,2
DA:108,9
DA:109,2
DA:111,7
DA:112,2
DA:114,5
DA:115,2
DA:117,3
DA:118,2
DA:120,1
DA:138,1
DA:140,17
DA:145,1
DA:146,1
DA:147,1
DA:152,1
DA:154,0
DA:159,1
DA:160,1
DA:161,1
DA:169,1
DA:171,0
DA:176,1
LF:53
LH:49
BRDA:93,0,0,1
BRDA:93,0,1,17
BRDA:96,1,0,2
BRDA:96,1,1,15
BRDA:99,2,0,2
BRDA:99,2,1,13
BRDA:102,3,0,2
BRDA:102,3,1,11
BRDA:105,4,0,2
BRDA:105,4,1,9
BRDA:108,5,0,2
BRDA:108,5,1,7
BRDA:111,6,0,2
BRDA:111,6,1,5
BRDA:114,7,0,2
BRDA:114,7,1,3
BRDA:117,8,0,2
BRDA:117,8,1,1
BRF:18
BRH:18
end_of_record
TN:
SF:controllers\invitationController.js
FN:5,(anonymous_0)
FN:21,(anonymous_1)
FN:43,(anonymous_2)
FN:56,(anonymous_3)
FN:105,(anonymous_4)
FN:151,(anonymous_5)
FN:171,(anonymous_6)
FNF:7
FNH:7
FNDA:4,(anonymous_0)
FNDA:4,(anonymous_1)
FNDA:1,(anonymous_2)
FNDA:1,(anonymous_3)
FNDA:1,(anonymous_4)
FNDA:1,(anonymous_5)
FNDA:1,(anonymous_6)
DA:1,1
DA:2,1
DA:6,4
DA:7,4
DA:8,4
DA:9,4
DA:16,2
DA:18,2
DA:22,4
DA:23,4
DA:24,4
DA:25,4
DA:26,2
DA:28,2
DA:38,2
DA:40,2
DA:44,1
DA:45,1
DA:46,1
DA:51,1
DA:53,0
DA:57,1
DA:60,1
DA:61,1
DA:63,1
DA:74,1
DA:76,1
DA:77,0
DA:88,1
DA:98,1
DA:99,1
DA:101,0
DA:102,0
DA:106,1
DA:107,1
DA:108,1
DA:109,1
DA:120,1
DA:122,1
DA:123,0
DA:134,1
DA:144,1
DA:145,1
DA:147,0
DA:148,0
DA:152,1
DA:153,1
DA:154,1
DA:165,1
DA:166,1
DA:168,0
DA:172,1
DA:173,1
DA:174,1
DA:182,1
DA:184,0
DA:189,1
LF:57
LH:48
BRDA:25,0,0,2
BRDA:25,0,1,2
BRDA:76,1,0,0
BRDA:76,1,1,1
BRDA:122,2,0,0
BRDA:122,2,1,1
BRF:6
BRH:4
end_of_record
TN:
SF:controllers\magnetController.js
FN:12,(anonymous_0)
FN:45,(anonymous_1)
FN:102,(anonymous_2)
FN:116,(anonymous_3)
FN:136,(anonymous_4)
FN:160,(anonymous_5)
FN:163,(anonymous_6)
FNF:7
FNH:5
FNDA:9,(anonymous_0)
FNDA:13,(anonymous_1)
FNDA:1,(anonymous_2)
FNDA:2,(anonymous_3)
FNDA:1,(anonymous_4)
FNDA:0,(anonymous_5)
FNDA:0,(anonymous_6)
DA:1,1
DA:13,9
DA:23,9
DA:24,9
DA:35,1
DA:41,8
DA:46,13
DA:47,13
DA:56,13
DA:58,13
DA:59,2
DA:61,11
DA:62,2
DA:64,9
DA:65,2
DA:67,7
DA:68,2
DA:70,5
DA:71,2
DA:73,3
DA:74,0
DA:76,3
DA:77,2
DA:79,1
DA:95,1
DA:98,12
DA:103,1
DA:104,1
DA:106,1
DA:111,1
DA:113,0
DA:117,2
DA:118,2
DA:119,2
DA:128,2
DA:129,1
DA:131,1
DA:133,1
DA:137,1
DA:138,1
DA:139,1
DA:147,1
DA:153,1
DA:159,1
DA:160,1
DA:161,0
DA:163,1
DA:164,0
DA:166,1
DA:169,0
DA:174,1
LF:51
LH:46
BRDA:58,0,0,2
BRDA:58,0,1,11
BRDA:61,1,0,2
BRDA:61,1,1,9
BRDA:64,2,0,2
BRDA:64,2,1,7
BRDA:67,3,0,2
BRDA:67,3,1,5
BRDA:70,4,0,2
BRDA:70,4,1,3
BRDA:73,5,0,0
BRDA:73,5,1,3
BRDA:76,6,0,2
BRDA:76,6,1,1
BRDA:76,7,0,3
BRDA:76,7,1,2
BRDA:76,7,2,2
BRDA:128,8,0,1
BRDA:128,8,1,1
BRF:19
BRH:18
end_of_record
TN:
SF:controllers\requestController.js
FN:5,(anonymous_0)
FN:26,(anonymous_1)
FN:35,(anonymous_2)
FN:62,(anonymous_3)
FN:84,(anonymous_4)
FN:97,(anonymous_5)
FN:145,(anonymous_6)
FNF:7
FNH:7
FNDA:1,(anonymous_0)
FNDA:1,(anonymous_1)
FNDA:7,(anonymous_2)
FNDA:3,(anonymous_3)
FNDA:1,(anonymous_4)
FNDA:2,(anonymous_5)
FNDA:1,(anonymous_6)
DA:1,1
DA:2,1
DA:6,1
DA:7,1
DA:8,1
DA:20,1
DA:22,0
DA:23,0
DA:27,1
DA:28,1
DA:29,1
DA:30,1
DA:32,0
DA:36,7
DA:38,7
DA:39,7
DA:40,7
DA:42,7
DA:49,5
DA:54,5
DA:59,2
DA:63,3
DA:64,3
DA:65,3
DA:66,3
DA:67,2
DA:69,1
DA:79,1
DA:81,2
DA:85,1
DA:86,1
DA:87,1
DA:92,1
DA:94,0
DA:98,2
DA:99,2
DA:100,2
DA:102,2
DA:113,2
DA:115,2
DA:116,1
DA:128,2
DA:138,2
DA:139,2
DA:141,0
DA:142,0
DA:146,1
DA:148,1
DA:149,1
DA:150,1
DA:151,1
DA:152,0
DA:162,0
DA:163,1
DA:164,1
DA:175,1
DA:177,1
DA:178,0
DA:190,1
DA:200,1
DA:201,1
DA:204,0
DA:205,0
DA:210,1
LF:64
LH:53
BRDA:66,0,0,2
BRDA:66,0,1,1
BRDA:115,1,0,1
BRDA:115,1,1,1
BRDA:151,2,0,0
BRDA:151,2,1,1
BRDA:163,3,0,1
BRDA:163,3,1,0
BRDA:177,4,0,0
BRDA:177,4,1,1
BRF:10
BRH:7
end_of_record
TN:
SF:middlewares\authorization.js
FN:3,ageAuthorizationBeforeCreateInvitation
FN:29,magnetAuthorization
FN:50,invitationAuthorization
FN:75,requestAuthorization
FN:98,acceptRequestAuthorization2
FN:126,acceptInvitationAuthorization
FN:155,acceptRequestAuthorization
FNF:7
FNH:7
FNDA:14,ageAuthorizationBeforeCreateInvitation
FNDA:22,magnetAuthorization
FNDA:10,invitationAuthorization
FNDA:8,requestAuthorization
FNDA:3,acceptRequestAuthorization2
FNDA:5,acceptInvitationAuthorization
FNDA:6,acceptRequestAuthorization
DA:1,1
DA:4,14
DA:7,14
DA:8,14
DA:9,14
DA:10,14
DA:11,2
DA:12,1
DA:14,1
DA:16,12
DA:20,0
DA:22,12
DA:25,2
DA:30,22
DA:31,22
DA:32,22
DA:34,22
DA:39,22
DA:40,2
DA:42,20
DA:43,2
DA:45,18
DA:47,4
DA:51,10
DA:52,10
DA:53,10
DA:54,10
DA:62,10
DA:63,2
DA:65,8
DA:66,2
DA:68,6
DA:70,6
DA:72,4
DA:76,8
DA:77,8
DA:78,8
DA:79,8
DA:85,8
DA:86,2
DA:88,6
DA:89,2
DA:91,4
DA:93,4
DA:95,4
DA:99,3
DA:100,3
DA:101,3
DA:102,3
DA:110,3
DA:111,1
DA:113,2
DA:114,1
DA:116,1
DA:117,0
DA:119,1
DA:121,1
DA:123,2
DA:127,5
DA:128,5
DA:129,5
DA:131,5
DA:137,5
DA:138,1
DA:140,4
DA:141,1
DA:143,3
DA:144,1
DA:146,2
DA:147,1
DA:149,1
DA:150,1
DA:152,4
DA:156,6
DA:157,6
DA:158,6
DA:159,6
DA:165,6
DA:166,1
DA:170,5
DA:171,2
DA:173,3
DA:174,1
DA:176,2
DA:177,0
DA:179,2
DA:180,2
DA:182,4
DA:186,1
LF:89
LH:86
BRDA:10,0,0,2
BRDA:10,0,1,12
BRDA:11,1,0,1
BRDA:11,1,1,1
BRDA:16,2,0,0
BRDA:16,2,1,12
BRDA:17,3,0,12
BRDA:17,3,1,12
BRDA:39,4,0,2
BRDA:39,4,1,20
BRDA:42,5,0,2
BRDA:42,5,1,18
BRDA:62,6,0,2
BRDA:62,6,1,8
BRDA:65,7,0,2
BRDA:65,7,1,6
BRDA:85,8,0,2
BRDA:85,8,1,6
BRDA:88,9,0,2
BRDA:88,9,1,4
BRDA:110,10,0,1
BRDA:110,10,1,2
BRDA:113,11,0,1
BRDA:113,11,1,1
BRDA:116,12,0,0
BRDA:116,12,1,1
BRDA:137,13,0,1
BRDA:137,13,1,4
BRDA:140,14,0,1
BRDA:140,14,1,3
BRDA:143,15,0,1
BRDA:143,15,1,2
BRDA:146,16,0,1
BRDA:146,16,1,1
BRDA:165,17,0,1
BRDA:165,17,1,5
BRDA:170,18,0,2
BRDA:170,18,1,3
BRDA:173,19,0,1
BRDA:173,19,1,2
BRDA:176,20,0,0
BRDA:176,20,1,2
BRF:42
BRH:39
end_of_record
TN:
SF:middlewares\checker.js
FN:3,eventChecker
FN:20,magnetChecker
FN:38,categoryChecker
FN:56,invitationChecker
FN:68,requestChecker
FN:80,alreadyMadeRequest
FN:99,alreadyMadeInvitation
FN:117,createMagnetCheker
FNF:8
FNH:8
FNDA:22,eventChecker
FNDA:18,magnetChecker
FNDA:12,categoryChecker
FNDA:2,invitationChecker
FNDA:2,requestChecker
FNDA:8,alreadyMadeRequest
FNDA:4,alreadyMadeInvitation
FNDA:9,createMagnetCheker
DA:1,1
DA:4,22
DA:5,22
DA:6,22
DA:11,22
DA:12,4
DA:14,18
DA:17,4
DA:21,18
DA:22,18
DA:23,18
DA:28,18
DA:29,3
DA:31,15
DA:34,3
DA:39,12
DA:40,12
DA:41,12
DA:46,12
DA:47,4
DA:49,8
DA:52,4
DA:57,2
DA:58,2
DA:59,2
DA:60,2
DA:61,1
DA:63,1
DA:65,1
DA:69,2
DA:70,2
DA:71,2
DA:72,2
DA:73,1
DA:75,1
DA:77,1
DA:81,8
DA:82,8
DA:83,8
DA:84,8
DA:90,8
DA:91,1
DA:93,7
DA:96,1
DA:100,4
DA:101,4
DA:102,4
DA:108,4
DA:109,0
DA:111,4
DA:114,0
DA:118,9
DA:119,9
DA:120,9
DA:121,0
DA:123,9
DA:125,0
DA:129,1
LF:58
LH:54
BRDA:11,0,0,4
BRDA:11,0,1,18
BRDA:28,1,0,3
BRDA:28,1,1,15
BRDA:46,2,0,4
BRDA:46,2,1,8
BRDA:60,3,0,1
BRDA:60,3,1,1
BRDA:72,4,0,1
BRDA:72,4,1,1
BRDA:90,5,0,1
BRDA:90,5,1,7
BRDA:108,6,0,0
BRDA:108,6,1,4
BRDA:120,7,0,0
BRDA:120,7,1,9
BRF:16
BRH:14
end_of_record
TN:
SF:middlewares\errorHandler.js
FN:1,errorHandler
FNF:1
FNH:1
FNDA:111,errorHandler
DA:3,111
DA:7,35
DA:8,76
DA:9,1
DA:10,75
DA:11,0
DA:15,75
DA:16,2
DA:19,73
DA:20,0
DA:23,73
DA:24,1
DA:25,72
DA:26,0
DA:27,72
DA:28,1
DA:29,71
DA:30,2
DA:31,69
DA:32,2
DA:33,67
DA:34,2
DA:35,65
DA:36,2
DA:39,63
DA:40,2
DA:41,61
DA:42,2
DA:43,59
DA:44,2
DA:47,57
DA:48,2
DA:49,55
DA:50,1
DA:53,54
DA:54,0
DA:57,54
DA:58,2
DA:59,52
DA:60,2
DA:61,50
DA:62,2
DA:63,48
DA:64,2
DA:65,46
DA:66,2
DA:67,44
DA:68,2
DA:69,42
DA:70,2
DA:71,40
DA:72,0
DA:75,40
DA:76,2
DA:79,38
DA:80,2
DA:81,36
DA:82,2
DA:85,34
DA:86,1
DA:90,33
DA:91,1
DA:94,32
DA:95,2
DA:98,30
DA:99,2
DA:102,28
DA:103,2
DA:106,26
DA:107,1
DA:110,25
DA:111,3
DA:114,22
DA:115,4
DA:116,18
DA:117,4
DA:118,14
DA:119,5
DA:120,9
DA:121,5
DA:122,4
DA:123,4
DA:125,0
DA:129,1
LF:84
LH:78
BRDA:3,0,0,35
BRDA:3,0,1,76
BRDA:4,1,0,111
BRDA:4,1,1,76
BRDA:8,2,0,1
BRDA:8,2,1,75
BRDA:10,3,0,0
BRDA:10,3,1,75
BRDA:15,4,0,2
BRDA:15,4,1,73
BRDA:19,5,0,0
BRDA:19,5,1,73
BRDA:23,6,0,1
BRDA:23,6,1,72
BRDA:25,7,0,0
BRDA:25,7,1,72
BRDA:27,8,0,1
BRDA:27,8,1,71
BRDA:29,9,0,2
BRDA:29,9,1,69
BRDA:31,10,0,2
BRDA:31,10,1,67
BRDA:33,11,0,2
BRDA:33,11,1,65
BRDA:35,12,0,2
BRDA:35,12,1,63
BRDA:39,13,0,2
BRDA:39,13,1,61
BRDA:41,14,0,2
BRDA:41,14,1,59
BRDA:43,15,0,2
BRDA:43,15,1,57
BRDA:47,16,0,2
BRDA:47,16,1,55
BRDA:49,17,0,1
BRDA:49,17,1,54
BRDA:53,18,0,0
BRDA:53,18,1,54
BRDA:57,19,0,2
BRDA:57,19,1,52
BRDA:59,20,0,2
BRDA:59,20,1,50
BRDA:61,21,0,2
BRDA:61,21,1,48
BRDA:63,22,0,2
BRDA:63,22,1,46
BRDA:65,23,0,2
BRDA:65,23,1,44
BRDA:67,24,0,2
BRDA:67,24,1,42
BRDA:69,25,0,2
BRDA:69,25,1,40
BRDA:71,26,0,0
BRDA:71,26,1,40
BRDA:75,27,0,2
BRDA:75,27,1,38
BRDA:79,28,0,2
BRDA:79,28,1,36
BRDA:81,29,0,2
BRDA:81,29,1,34
BRDA:85,30,0,1
BRDA:85,30,1,33
BRDA:90,31,0,1
BRDA:90,31,1,32
BRDA:94,32,0,2
BRDA:94,32,1,30
BRDA:98,33,0,2
BRDA:98,33,1,28
BRDA:102,34,0,2
BRDA:102,34,1,26
BRDA:106,35,0,1
BRDA:106,35,1,25
BRDA:110,36,0,3
BRDA:110,36,1,22
BRDA:114,37,0,4
BRDA:114,37,1,18
BRDA:116,38,0,4
BRDA:116,38,1,14
BRDA:118,39,0,5
BRDA:118,39,1,9
BRDA:120,40,0,5
BRDA:120,40,1,4
BRDA:122,41,0,4
BRDA:122,41,1,0
BRF:84
BRH:78
end_of_record
TN:
SF:models\category.js
FN:3,(anonymous_0)
FN:10,(anonymous_1)
FNF:2
FNH:2
FNDA:1,(anonymous_0)
FNDA:1,(anonymous_1)
DA:2,1
DA:3,1
DA:12,1
DA:15,1
DA:47,1
LF:5
LH:5
BRF:0
BRH:0
end_of_record
TN:
SF:models\event.js
FN:3,(anonymous_0)
FN:10,(anonymous_1)
FNF:2
FNH:2
FNDA:1,(anonymous_0)
FNDA:1,(anonymous_1)
DA:2,1
DA:3,1
DA:12,1
DA:13,1
DA:14,1
DA:15,1
DA:16,1
DA:19,1
DA:153,1
LF:9
LH:9
BRF:0
BRH:0
end_of_record
TN:
SF:models\index.js
FN:20,(anonymous_0)
FN:23,(anonymous_1)
FN:28,(anonymous_2)
FNF:3
FNH:3
FNDA:7,(anonymous_0)
FNDA:6,(anonymous_1)
FNDA:6,(anonymous_2)
DA:3,1
DA:4,1
DA:5,1
DA:6,1
DA:7,1
DA:8,1
DA:9,1
DA:12,1
DA:13,0
DA:15,1
DA:18,1
DA:21,7
DA:24,6
DA:25,6
DA:28,1
DA:29,6
DA:30,6
DA:34,1
DA:35,1
DA:37,1
LF:20
LH:19
BRDA:7,0,0,1
BRDA:7,0,1,0
BRDA:12,1,0,0
BRDA:12,1,1,1
BRDA:21,2,0,7
BRDA:21,2,1,7
BRDA:21,2,2,6
BRDA:29,3,0,6
BRDA:29,3,1,0
BRF:9
BRH:6
end_of_record
TN:
SF:models\invitation.js
FN:3,(anonymous_0)
FN:10,(anonymous_1)
FNF:2
FNH:2
FNDA:1,(anonymous_0)
FNDA:1,(anonymous_1)
DA:2,1
DA:3,1
DA:13,1
DA:14,1
DA:17,1
DA:74,1
LF:6
LH:6
BRF:0
BRH:0
end_of_record
TN:
SF:models\magnet.js
FN:3,(anonymous_0)
FN:10,(anonymous_1)
FNF:2
FNH:2
FNDA:1,(anonymous_0)
FNDA:1,(anonymous_1)
DA:2,1
DA:3,1
DA:12,1
DA:13,1
DA:14,1
DA:17,1
DA:111,1
LF:7
LH:7
BRF:0
BRH:0
end_of_record
TN:
SF:models\request.js
FN:3,(anonymous_0)
FN:10,(anonymous_1)
FNF:2
FNH:2
FNDA:1,(anonymous_0)
FNDA:1,(anonymous_1)
DA:2,1
DA:3,1
DA:13,1
DA:14,1
DA:17,1
DA:41,1
LF:6
LH:6
BRF:0
BRH:0
end_of_record
TN:
SF:models\user.js
FN:3,(anonymous_0)
FN:10,(anonymous_1)
FNF:2
FNH:2
FNDA:1,(anonymous_0)
FNDA:1,(anonymous_1)
DA:2,1
DA:3,1
DA:12,1
DA:13,1
DA:14,1
DA:18,1
DA:38,1
LF:7
LH:7
BRF:0
BRH:0
end_of_record
TN:
SF:routes\categoryRouter.js
FNF:0
FNH:0
DA:1,1
DA:2,1
DA:4,1
DA:6,1
DA:7,1
DA:8,1
DA:9,1
DA:10,1
DA:15,1
DA:21,1
LF:10
LH:10
BRF:0
BRH:0
end_of_record
TN:
SF:routes\eventsRouter.js
FNF:0
FNH:0
DA:1,1
DA:2,1
DA:4,1
DA:6,1
DA:7,1
DA:8,1
DA:9,1
DA:14,1
DA:15,1
DA:16,1
LF:10
LH:10
BRF:0
BRH:0
end_of_record
TN:
SF:routes\index.js
FNF:0
FNH:0
DA:1,1
DA:2,1
DA:3,1
DA:4,1
DA:5,1
DA:6,1
DA:8,1
DA:9,1
DA:10,1
DA:11,1
DA:12,1
DA:13,1
LF:12
LH:12
BRF:0
BRH:0
end_of_record
TN:
SF:routes\invitationRouter.js
FNF:0
FNH:0
DA:1,1
DA:7,1
DA:13,1
DA:15,1
DA:16,1
DA:25,1
DA:26,1
DA:31,1
DA:36,1
DA:41,1
DA:46,1
DA:52,1
LF:12
LH:12
BRF:0
BRH:0
end_of_record
TN:
SF:routes\magnetsRouter.js
FNF:0
FNH:0
DA:1,1
DA:2,1
DA:3,1
DA:5,1
DA:8,1
DA:9,1
DA:10,1
DA:11,1
DA:12,1
DA:13,1
LF:10
LH:10
BRF:0
BRH:0
end_of_record
TN:
SF:routes\requestRouter.js
FNF:0
FNH:0
DA:1,1
DA:2,1
DA:8,1
DA:14,1
DA:16,1
DA:17,1
DA:25,1
DA:30,1
DA:35,1
DA:41,1
DA:46,1
DA:52,1
LF:12
LH:12
BRF:0
BRH:0
end_of_record
