TN:
SF:app.js
FN:15,(anonymous_0)
FNF:1
FNH:1
FNDA:1,(anonymous_0)
DA:1,1
DA:2,1
DA:3,1
DA:4,1
DA:5,1
DA:6,1
DA:8,1
DA:9,1
DA:10,1
DA:12,1
DA:13,1
DA:15,1
DA:16,1
DA:19,1
LF:14
LH:14
BRDA:6,0,0,1
BRDA:6,0,1,1
BRF:2
BRH:2
end_of_record
TN:
SF:controllers\categoryController.js
FN:4,(anonymous_0)
FN:14,(anonymous_1)
FN:27,(anonymous_2)
FN:37,(anonymous_3)
FN:64,(anonymous_4)
FNF:5
FNH:5
FNDA:1,(anonymous_0)
FNDA:5,(anonymous_1)
FNDA:1,(anonymous_2)
FNDA:5,(anonymous_3)
FNDA:1,(anonymous_4)
DA:1,1
DA:5,1
DA:6,1
DA:8,1
DA:10,0
DA:15,5
DA:16,5
DA:17,5
DA:21,1
DA:23,4
DA:28,1
DA:29,1
DA:30,1
DA:31,1
DA:33,0
DA:38,5
DA:39,5
DA:40,5
DA:41,5
DA:42,2
DA:44,3
DA:45,2
DA:47,1
DA:58,1
DA:60,4
DA:65,1
DA:66,1
DA:67,1
DA:72,1
DA:74,0
DA:79,1
LF:31
LH:28
BRDA:41,0,0,2
BRDA:41,0,1,3
BRDA:44,1,0,2
BRDA:44,1,1,1
BRF:4
BRH:4
end_of_record
TN:
SF:controllers\eventController.js
FN:4,(anonymous_0)
FN:18,(anonymous_1)
FN:39,(anonymous_2)
FN:72,(anonymous_3)
FN:137,(anonymous_4)
FN:151,(anonymous_5)
FNF:6
FNH:6
FNDA:1,(anonymous_0)
FNDA:1,(anonymous_1)
FNDA:20,(anonymous_2)
FNDA:18,(anonymous_3)
FNDA:1,(anonymous_4)
FNDA:1,(anonymous_5)
DA:1,1
DA:5,1
DA:6,1
DA:12,1
DA:14,0
DA:19,1
DA:20,1
DA:21,1
DA:34,1
DA:36,0
DA:40,20
DA:41,20
DA:53,20
DA:54,20
DA:66,1
DA:68,19
DA:73,18
DA:74,18
DA:85,18
DA:86,18
DA:87,1
DA:89,17
DA:90,2
DA:92,15
DA:93,2
DA:95,13
DA:96,2
DA:98,11
DA:99,2
DA:101,9
DA:102,2
DA:104,7
DA:105,2
DA:107,5
DA:108,2
DA:110,3
DA:111,2
DA:113,1
DA:131,1
DA:133,17
DA:138,1
DA:139,1
DA:140,1
DA:145,1
DA:147,0
DA:152,1
DA:153,1
DA:154,1
DA:162,1
DA:164,0
DA:169,1
LF:51
LH:47
BRDA:86,0,0,1
BRDA:86,0,1,17
BRDA:89,1,0,2
BRDA:89,1,1,15
BRDA:92,2,0,2
BRDA:92,2,1,13
BRDA:95,3,0,2
BRDA:95,3,1,11
BRDA:98,4,0,2
BRDA:98,4,1,9
BRDA:101,5,0,2
BRDA:101,5,1,7
BRDA:104,6,0,2
BRDA:104,6,1,5
BRDA:107,7,0,2
BRDA:107,7,1,3
BRDA:110,8,0,2
BRDA:110,8,1,1
BRF:18
BRH:18
end_of_record
TN:
SF:controllers\invitationController.js
FN:5,(anonymous_0)
FN:21,(anonymous_1)
FN:43,(anonymous_2)
FN:56,(anonymous_3)
FN:93,(anonymous_4)
FN:127,(anonymous_5)
FNF:6
FNH:6
FNDA:4,(anonymous_0)
FNDA:4,(anonymous_1)
FNDA:1,(anonymous_2)
FNDA:1,(anonymous_3)
FNDA:1,(anonymous_4)
FNDA:1,(anonymous_5)
DA:1,1
DA:2,1
DA:6,4
DA:7,4
DA:8,4
DA:9,4
DA:16,2
DA:18,2
DA:22,4
DA:23,4
DA:24,4
DA:25,4
DA:26,2
DA:28,2
DA:38,2
DA:40,2
DA:44,1
DA:45,1
DA:46,1
DA:51,1
DA:53,0
DA:57,1
DA:60,1
DA:61,1
DA:63,1
DA:74,1
DA:76,1
DA:86,1
DA:87,1
DA:89,0
DA:90,0
DA:94,1
DA:95,1
DA:96,1
DA:97,1
DA:108,1
DA:110,1
DA:120,1
DA:121,1
DA:123,0
DA:124,0
DA:128,1
DA:129,1
DA:130,1
DA:135,1
DA:137,0
DA:142,1
LF:47
LH:41
BRDA:25,0,0,2
BRDA:25,0,1,2
BRF:2
BRH:2
end_of_record
TN:
SF:controllers\magnetController.js
FN:4,(anonymous_0)
FN:12,(anonymous_1)
FN:42,(anonymous_2)
FN:99,(anonymous_3)
FN:113,(anonymous_4)
FN:131,(anonymous_5)
FNF:6
FNH:5
FNDA:0,(anonymous_0)
FNDA:9,(anonymous_1)
FNDA:13,(anonymous_2)
FNDA:1,(anonymous_3)
FNDA:2,(anonymous_4)
FNDA:1,(anonymous_5)
DA:1,1
DA:5,0
DA:6,0
DA:7,0
DA:9,0
DA:13,9
DA:23,9
DA:24,9
DA:35,1
DA:38,8
DA:43,13
DA:44,13
DA:53,13
DA:55,13
DA:56,2
DA:58,11
DA:59,2
DA:61,9
DA:62,2
DA:64,7
DA:65,2
DA:67,5
DA:68,2
DA:70,3
DA:71,0
DA:73,3
DA:74,2
DA:76,1
DA:92,1
DA:95,12
DA:100,1
DA:101,1
DA:103,1
DA:108,1
DA:110,0
DA:114,2
DA:115,2
DA:117,2
DA:123,2
DA:124,1
DA:126,1
DA:128,1
DA:132,1
DA:133,1
DA:134,1
DA:150,1
DA:153,0
DA:158,1
LF:48
LH:41
BRDA:55,0,0,2
BRDA:55,0,1,11
BRDA:58,1,0,2
BRDA:58,1,1,9
BRDA:61,2,0,2
BRDA:61,2,1,7
BRDA:64,3,0,2
BRDA:64,3,1,5
BRDA:67,4,0,2
BRDA:67,4,1,3
BRDA:70,5,0,0
BRDA:70,5,1,3
BRDA:73,6,0,2
BRDA:73,6,1,1
BRDA:73,7,0,3
BRDA:73,7,1,2
BRDA:73,7,2,2
BRDA:123,8,0,1
BRDA:123,8,1,1
BRF:19
BRH:18
end_of_record
TN:
SF:controllers\requestController.js
FN:5,(anonymous_0)
FN:18,(anonymous_1)
FN:37,(anonymous_2)
FN:59,(anonymous_3)
FN:72,(anonymous_4)
FN:108,(anonymous_5)
FNF:6
FNH:6
FNDA:1,(anonymous_0)
FNDA:7,(anonymous_1)
FNDA:3,(anonymous_2)
FNDA:1,(anonymous_3)
FNDA:2,(anonymous_4)
FNDA:1,(anonymous_5)
DA:1,1
DA:2,1
DA:6,1
DA:7,1
DA:8,1
DA:13,1
DA:15,0
DA:19,7
DA:21,7
DA:22,7
DA:23,7
DA:25,7
DA:32,5
DA:34,2
DA:38,3
DA:39,3
DA:40,3
DA:41,3
DA:42,2
DA:44,1
DA:54,1
DA:56,2
DA:60,1
DA:61,1
DA:62,1
DA:67,1
DA:69,0
DA:73,2
DA:74,2
DA:75,2
DA:77,2
DA:88,2
DA:91,2
DA:101,2
DA:102,2
DA:104,0
DA:105,0
DA:109,1
DA:111,1
DA:112,1
DA:113,1
DA:124,1
DA:126,1
DA:136,1
DA:137,1
DA:139,0
DA:140,0
DA:145,1
LF:48
LH:42
BRDA:41,0,0,2
BRDA:41,0,1,1
BRF:2
BRH:2
end_of_record
TN:
SF:middlewares\authorization.js
FN:3,ageAuthorizationBeforeCreateInvitation
FN:24,magnetAuthorization
FN:45,invitationAuthorization
FN:70,requestAuthorization
FN:93,acceptRequestAuthorization2
FN:118,acceptInvitationAuthorization
FN:147,acceptRequestAuthorization
FNF:7
FNH:7
FNDA:14,ageAuthorizationBeforeCreateInvitation
FNDA:22,magnetAuthorization
FNDA:10,invitationAuthorization
FNDA:8,requestAuthorization
FNDA:3,acceptRequestAuthorization2
FNDA:5,acceptInvitationAuthorization
FNDA:6,acceptRequestAuthorization
DA:1,1
DA:4,14
DA:7,14
DA:8,14
DA:9,14
DA:10,14
DA:11,2
DA:12,1
DA:14,1
DA:17,12
DA:20,2
DA:25,22
DA:26,22
DA:27,22
DA:29,22
DA:34,22
DA:35,2
DA:37,20
DA:38,2
DA:40,18
DA:42,4
DA:46,10
DA:47,10
DA:48,10
DA:49,10
DA:57,10
DA:58,2
DA:60,8
DA:61,2
DA:63,6
DA:65,6
DA:67,4
DA:71,8
DA:72,8
DA:73,8
DA:74,8
DA:80,8
DA:81,2
DA:83,6
DA:84,2
DA:86,4
DA:88,4
DA:90,4
DA:94,3
DA:95,3
DA:96,3
DA:97,3
DA:105,3
DA:106,1
DA:108,2
DA:109,1
DA:111,1
DA:113,1
DA:115,2
DA:119,5
DA:120,5
DA:121,5
DA:123,5
DA:129,5
DA:130,1
DA:132,4
DA:133,1
DA:135,3
DA:136,1
DA:138,2
DA:139,1
DA:141,1
DA:142,1
DA:144,4
DA:148,6
DA:149,6
DA:150,6
DA:151,6
DA:157,6
DA:158,1
DA:162,5
DA:163,2
DA:165,3
DA:166,1
DA:168,2
DA:169,0
DA:171,2
DA:172,2
DA:174,4
DA:178,1
LF:85
LH:84
BRDA:10,0,0,2
BRDA:10,0,1,12
BRDA:11,1,0,1
BRDA:11,1,1,1
BRDA:34,2,0,2
BRDA:34,2,1,20
BRDA:37,3,0,2
BRDA:37,3,1,18
BRDA:57,4,0,2
BRDA:57,4,1,8
BRDA:60,5,0,2
BRDA:60,5,1,6
BRDA:80,6,0,2
BRDA:80,6,1,6
BRDA:83,7,0,2
BRDA:83,7,1,4
BRDA:105,8,0,1
BRDA:105,8,1,2
BRDA:108,9,0,1
BRDA:108,9,1,1
BRDA:129,10,0,1
BRDA:129,10,1,4
BRDA:132,11,0,1
BRDA:132,11,1,3
BRDA:135,12,0,1
BRDA:135,12,1,2
BRDA:138,13,0,1
BRDA:138,13,1,1
BRDA:157,14,0,1
BRDA:157,14,1,5
BRDA:162,15,0,2
BRDA:162,15,1,3
BRDA:165,16,0,1
BRDA:165,16,1,2
BRDA:168,17,0,0
BRDA:168,17,1,2
BRF:36
BRH:35
end_of_record
TN:
SF:middlewares\checker.js
FN:3,eventChecker
FN:20,magnetChecker
FN:39,categoryChecker
FN:57,invitationChecker
FN:69,alreadyMadeRequest
FNF:5
FNH:4
FNDA:22,eventChecker
FNDA:18,magnetChecker
FNDA:12,categoryChecker
FNDA:0,invitationChecker
FNDA:8,alreadyMadeRequest
DA:1,1
DA:4,22
DA:5,22
DA:6,22
DA:11,22
DA:12,4
DA:14,18
DA:17,4
DA:21,18
DA:22,18
DA:23,18
DA:28,18
DA:29,18
DA:30,3
DA:32,15
DA:35,3
DA:40,12
DA:41,12
DA:42,12
DA:47,12
DA:48,4
DA:50,8
DA:53,4
DA:58,0
DA:59,0
DA:60,0
DA:61,0
DA:62,0
DA:64,0
DA:66,0
DA:70,8
DA:71,8
DA:72,8
DA:73,8
DA:79,8
DA:80,1
DA:82,7
DA:85,1
DA:89,1
LF:39
LH:32
BRDA:11,0,0,4
BRDA:11,0,1,18
BRDA:29,1,0,3
BRDA:29,1,1,15
BRDA:47,2,0,4
BRDA:47,2,1,8
BRDA:61,3,0,0
BRDA:61,3,1,0
BRDA:79,4,0,1
BRDA:79,4,1,7
BRF:10
BRH:8
end_of_record
TN:
SF:middlewares\errorHandler.js
FN:1,errorHandler
FNF:1
FNH:1
FNDA:109,errorHandler
DA:2,109
DA:3,109
DA:7,35
DA:8,74
DA:9,1
DA:10,73
DA:11,2
DA:14,71
DA:15,1
DA:16,70
DA:17,0
DA:18,70
DA:19,1
DA:20,69
DA:21,2
DA:22,67
DA:23,2
DA:24,65
DA:25,2
DA:26,63
DA:27,2
DA:30,61
DA:31,2
DA:32,59
DA:33,2
DA:34,57
DA:35,2
DA:38,55
DA:39,2
DA:40,53
DA:41,1
DA:44,52
DA:45,2
DA:46,50
DA:47,2
DA:48,48
DA:49,2
DA:50,46
DA:51,2
DA:52,44
DA:53,2
DA:54,42
DA:55,2
DA:56,40
DA:57,2
DA:58,38
DA:59,0
DA:62,38
DA:63,2
DA:66,36
DA:67,2
DA:68,34
DA:69,2
DA:72,32
DA:73,1
DA:77,31
DA:78,1
DA:81,30
DA:82,2
DA:85,28
DA:86,2
DA:89,26
DA:90,2
DA:93,24
DA:94,1
DA:97,23
DA:98,3
DA:101,20
DA:102,3
DA:103,17
DA:104,4
DA:105,13
DA:106,5
DA:107,8
DA:108,4
DA:109,4
DA:110,4
DA:112,0
DA:116,1
LF:79
LH:76
BRDA:3,0,0,35
BRDA:3,0,1,74
BRDA:4,1,0,109
BRDA:4,1,1,74
BRDA:8,2,0,1
BRDA:8,2,1,73
BRDA:10,3,0,2
BRDA:10,3,1,71
BRDA:14,4,0,1
BRDA:14,4,1,70
BRDA:16,5,0,0
BRDA:16,5,1,70
BRDA:18,6,0,1
BRDA:18,6,1,69
BRDA:20,7,0,2
BRDA:20,7,1,67
BRDA:22,8,0,2
BRDA:22,8,1,65
BRDA:24,9,0,2
BRDA:24,9,1,63
BRDA:26,10,0,2
BRDA:26,10,1,61
BRDA:30,11,0,2
BRDA:30,11,1,59
BRDA:32,12,0,2
BRDA:32,12,1,57
BRDA:34,13,0,2
BRDA:34,13,1,55
BRDA:38,14,0,2
BRDA:38,14,1,53
BRDA:40,15,0,1
BRDA:40,15,1,52
BRDA:44,16,0,2
BRDA:44,16,1,50
BRDA:46,17,0,2
BRDA:46,17,1,48
BRDA:48,18,0,2
BRDA:48,18,1,46
BRDA:50,19,0,2
BRDA:50,19,1,44
BRDA:52,20,0,2
BRDA:52,20,1,42
BRDA:54,21,0,2
BRDA:54,21,1,40
BRDA:56,22,0,2
BRDA:56,22,1,38
BRDA:58,23,0,0
BRDA:58,23,1,38
BRDA:62,24,0,2
BRDA:62,24,1,36
BRDA:66,25,0,2
BRDA:66,25,1,34
BRDA:68,26,0,2
BRDA:68,26,1,32
BRDA:72,27,0,1
BRDA:72,27,1,31
BRDA:77,28,0,1
BRDA:77,28,1,30
BRDA:81,29,0,2
BRDA:81,29,1,28
BRDA:85,30,0,2
BRDA:85,30,1,26
BRDA:89,31,0,2
BRDA:89,31,1,24
BRDA:93,32,0,1
BRDA:93,32,1,23
BRDA:97,33,0,3
BRDA:97,33,1,20
BRDA:101,34,0,3
BRDA:101,34,1,17
BRDA:103,35,0,4
BRDA:103,35,1,13
BRDA:105,36,0,5
BRDA:105,36,1,8
BRDA:107,37,0,4
BRDA:107,37,1,4
BRDA:109,38,0,4
BRDA:109,38,1,0
BRF:78
BRH:75
end_of_record
TN:
SF:models\category.js
FN:3,(anonymous_0)
FN:10,(anonymous_1)
FNF:2
FNH:2
FNDA:1,(anonymous_0)
FNDA:1,(anonymous_1)
DA:2,1
DA:3,1
DA:12,1
DA:15,1
DA:47,1
LF:5
LH:5
BRF:0
BRH:0
end_of_record
TN:
SF:models\event.js
FN:3,(anonymous_0)
FN:10,(anonymous_1)
FNF:2
FNH:2
FNDA:1,(anonymous_0)
FNDA:1,(anonymous_1)
DA:2,1
DA:3,1
DA:12,1
DA:13,1
DA:14,1
DA:15,1
DA:16,1
DA:19,1
DA:153,1
LF:9
LH:9
BRF:0
BRH:0
end_of_record
TN:
SF:models\index.js
FN:20,(anonymous_0)
FN:23,(anonymous_1)
FN:28,(anonymous_2)
FNF:3
FNH:3
FNDA:7,(anonymous_0)
FNDA:6,(anonymous_1)
FNDA:6,(anonymous_2)
DA:3,1
DA:4,1
DA:5,1
DA:6,1
DA:7,1
DA:8,1
DA:9,1
DA:12,1
DA:13,0
DA:15,1
DA:18,1
DA:21,7
DA:24,6
DA:25,6
DA:28,1
DA:29,6
DA:30,6
DA:34,1
DA:35,1
DA:37,1
LF:20
LH:19
BRDA:7,0,0,1
BRDA:7,0,1,0
BRDA:12,1,0,0
BRDA:12,1,1,1
BRDA:21,2,0,7
BRDA:21,2,1,7
BRDA:21,2,2,6
BRDA:29,3,0,6
BRDA:29,3,1,0
BRF:9
BRH:6
end_of_record
TN:
SF:models\invitation.js
FN:3,(anonymous_0)
FN:10,(anonymous_1)
FNF:2
FNH:2
FNDA:1,(anonymous_0)
FNDA:1,(anonymous_1)
DA:2,1
DA:3,1
DA:13,1
DA:14,1
DA:17,1
DA:74,1
LF:6
LH:6
BRF:0
BRH:0
end_of_record
TN:
SF:models\magnet.js
FN:3,(anonymous_0)
FN:10,(anonymous_1)
FNF:2
FNH:2
FNDA:1,(anonymous_0)
FNDA:1,(anonymous_1)
DA:2,1
DA:3,1
DA:13,1
DA:14,1
DA:17,1
DA:111,1
LF:6
LH:6
BRF:0
BRH:0
end_of_record
TN:
SF:models\request.js
FN:3,(anonymous_0)
FN:10,(anonymous_1)
FNF:2
FNH:2
FNDA:1,(anonymous_0)
FNDA:1,(anonymous_1)
DA:2,1
DA:3,1
DA:13,1
DA:14,1
DA:17,1
DA:41,1
LF:6
LH:6
BRF:0
BRH:0
end_of_record
TN:
SF:models\user.js
FN:3,(anonymous_0)
FN:10,(anonymous_1)
FNF:2
FNH:2
FNDA:1,(anonymous_0)
FNDA:1,(anonymous_1)
DA:2,1
DA:3,1
DA:12,1
DA:13,1
DA:14,1
DA:18,1
DA:38,1
LF:7
LH:7
BRF:0
BRH:0
end_of_record
TN:
SF:routes\categoryRouter.js
FNF:0
FNH:0
DA:1,1
DA:2,1
DA:4,1
DA:6,1
DA:7,1
DA:8,1
DA:9,1
DA:10,1
DA:15,1
DA:21,1
LF:10
LH:10
BRF:0
BRH:0
end_of_record
TN:
SF:routes\eventsRouter.js
FNF:0
FNH:0
DA:1,1
DA:2,1
DA:4,1
DA:6,1
DA:7,1
DA:8,1
DA:9,1
DA:14,1
DA:15,1
DA:16,1
LF:10
LH:10
BRF:0
BRH:0
end_of_record
TN:
SF:routes\index.js
FNF:0
FNH:0
DA:1,1
DA:2,1
DA:3,1
DA:4,1
DA:5,1
DA:6,1
DA:8,1
DA:9,1
DA:10,1
DA:11,1
DA:12,1
DA:14,1
LF:12
LH:12
BRF:0
BRH:0
end_of_record
TN:
SF:routes\invitationRouter.js
FNF:0
FNH:0
DA:1,1
DA:7,1
DA:8,1
DA:10,1
DA:11,1
DA:19,1
DA:20,1
DA:25,1
DA:30,1
DA:35,1
DA:41,1
LF:11
LH:11
BRF:0
BRH:0
end_of_record
TN:
SF:routes\magnetsRouter.js
FNF:0
FNH:0
DA:1,1
DA:2,1
DA:3,1
DA:5,1
DA:7,1
DA:8,1
DA:9,1
DA:10,1
DA:11,1
DA:12,1
DA:13,1
LF:11
LH:11
BRF:0
BRH:0
end_of_record
TN:
SF:routes\requestRouter.js
FNF:0
FNH:0
DA:1,1
DA:2,1
DA:8,1
DA:13,1
DA:15,1
DA:16,1
DA:24,1
DA:29,1
DA:35,1
DA:40,1
DA:46,1
LF:11
LH:11
BRF:0
BRH:0
end_of_record
